0.7786 	WARNING 	Speech-to-text recognition module not available (use command `pip install SpeechRecognition` to get it. Transcription will be unavailable.
0.7932 	WARNING 	We strongly recommend you activate the PTB sound engine in PsychoPy prefs as the preferred audio engine. Its timing is vastly superior. Your prefs are currently set to use ['sounddevice', 'PTB', 'pyo', 'pygame'] (in that order).
2.2160 	WARNING 	User requested fullscreen with size [1440  900], but screen is actually [1920, 1200]. Using actual size
2.8927 	EXP 	Created window1 = Window(allowGUI=False, allowStencil=False, autoLog=True, backendConf=UNKNOWN, bitsMode=UNKNOWN, blendMode='avg', bpc=(8, 8, 8), color=array([0, 0, 0]), colorSpace='rgb', depthBits=8, fullscr=<method-wrapper '__getattribute__' of attributeSetter object at 0x7fe40ab2b970>, gamma=None, gammaErrorPolicy='raise', lms=UNKNOWN, monitor=<psychopy.monitors.calibTools.Monitor object at 0x7fe3dbd910a0>, multiSample=False, name='window1', numSamples=2, pos=[0.0, 0.0], screen=0, size=array([1920, 1200]), stencilBits=0, stereo=False, units='norm', useFBO=True, useRetina=False, viewOri=0.0, viewPos=None, viewScale=None, waitBlanking=True, winType='pyglet')
2.8928 	EXP 	window1: mouseVisible = True
2.8928 	EXP 	window1: recordFrameIntervals = False
3.0585 	EXP 	window1: recordFrameIntervals = True
3.2419 	EXP 	window1: recordFrameIntervals = False
3.2431 	EXP 	Created image = ImageStim(__class__=<class 'psychopy.visual.image.ImageStim'>, autoLog=True, color=array([1., 1., 1.]), colorSpace='rgb', contrast=1.0, depth=0.0, flipHoriz=False, flipVert=False, image=None, interpolate=True, mask=None, maskParams=None, name='image', opacity=1, ori=0.0, pos=array([0., 0.]), size=array([10., 10.]), texRes=128, units='norm', win=Window(...))
3.2438 	EXP 	Created image_2 = ImageStim(__class__=<class 'psychopy.visual.image.ImageStim'>, autoLog=True, color=array([1., 1., 1.]), colorSpace='rgb', contrast=1.0, depth=-1.0, flipHoriz=False, flipVert=False, image=None, interpolate=True, mask=None, maskParams=None, name='image_2', opacity=1, ori=0.0, pos=array([0., 0.]), size=array([10., 10.]), texRes=128, units='norm', win=Window(...))
3.2457 	EXP 	Created imagePres = ImageStim(__class__=<class 'psychopy.visual.image.ImageStim'>, autoLog=True, color=array([1., 1., 1.]), colorSpace='rgb', contrast=1.0, depth=-2.0, flipHoriz=False, flipVert=False, image='sin', interpolate=True, mask=None, maskParams=None, name='imagePres', opacity=1, ori=0.0, pos=array([0., 0.]), size=array([1., 1.]), texRes=128, units='norm', win=Window(...))
3.2706 	EXP 	Created text_2 = TextStim(__class__=<class 'psychopy.visual.text.TextStim'>, alignHoriz=method-wrapper(...), alignText='center', alignVert=method-wrapper(...), anchorHoriz='center', anchorVert='center', antialias=True, autoLog=True, bold=False, color=array([-1., -1., -1.]), colorSpace='rgb', contrast=1.0, depth=0.0, flipHoriz=False, flipVert=False, font='Arial', fontFiles=[], height=0.1, italic=False, languageStyle='LTR', name='text_2', opacity=1, ori=0, pos=array([0., 0.]), rgb=UNKNOWN, text='Thanks!', units='norm', win=Window(...), wrapWidth=1)
3.2714 	EXP 	Created image_3 = ImageStim(__class__=<class 'psychopy.visual.image.ImageStim'>, autoLog=True, color=array([1., 1., 1.]), colorSpace='rgb', contrast=1.0, depth=-2.0, flipHoriz=False, flipVert=False, image=None, interpolate=True, mask=None, maskParams=None, name='image_3', opacity=1, ori=0.0, pos=array([0., 0.]), size=array([10., 10.]), texRes=128, units='norm', win=Window(...))
3.2754 	EXP 	Created unnamed TextStim = TextStim(__class__=<class 'psychopy.visual.text.TextStim'>, alignHoriz=method-wrapper(...), alignText='center', alignVert=method-wrapper(...), anchorHoriz='center', anchorVert='center', antialias=True, autoLog=True, bold=False, color=array([0.5, 0.5, 0.5]), colorSpace='rgb', contrast=1.0, depth=0, flipHoriz=False, flipVert=False, font='', fontFiles=[], height=0.05, italic=False, languageStyle='LTR', name='unnamed TextStim', opacity=1.0, ori=0.0, pos=array([0., 0.]), rgb=UNKNOWN, text='Hello World', units='norm', win=Window(...), wrapWidth=1)
3.2754 	EXP 	launchScan: vol: 5  TR: 2.000s  skip: 0  sync: 't'
3.2810 	EXP 	window1: mouseVisible = True
3.3085 	EXP 	unnamed RatingScale: flipVert = False
3.7777 	DATA 	Keypress: return
3.7924 	EXP 	window1: mouseVisible = False
3.8118 	DATA 	EmulatedKey: t
3.8121 	EXP 	launchScan: start of scan
3.8422 	EXP 	unnamed TextStim: text = '0 volumes\n0.000 seconds'
5.8118 	DATA 	EmulatedKey: t
5.9186 	EXP 	Imported ../excels/runOne.xlsx as conditions, 600 conditions, 3 params
5.9222 	EXP 	Created sequence: sequential, trialTypes=600, nReps=1, seed=None
5.9225 	EXP 	New trial (rep=0, index=0): {'Stimuli': '7_1_5.png', 'Condition': 'bee', 'corrAns': None}
5.9391 	EXP 	window1: recordFrameIntervals = False
5.9607 	EXP 	image: autoDraw = False
5.9607 	EXP 	imagePres: pos = array([0., 0.])
5.9607 	EXP 	imagePres: image = '../img/7_1_5.png'
5.9607 	EXP 	image_2: autoDraw = True
5.9607 	EXP 	imagePres: autoDraw = True
5.9608 	EXP 	window1: recordFrameIntervals = False
6.8785 	EXP 	New trial (rep=0, index=1): {'Stimuli': '7_1_8.png', 'Condition': 'bee', 'corrAns': None}
6.9012 	EXP 	window1: recordFrameIntervals = False
6.9114 	EXP 	image_2: autoDraw = False
6.9114 	EXP 	imagePres: autoDraw = False
6.9114 	EXP 	image_2: autoDraw = False
6.9114 	EXP 	imagePres: autoDraw = False
6.9114 	EXP 	imagePres: pos = array([0., 0.])
6.9114 	EXP 	imagePres: image = '../img/7_1_8.png'
6.9114 	EXP 	image_2: autoDraw = True
6.9114 	EXP 	imagePres: autoDraw = True
6.9116 	EXP 	window1: recordFrameIntervals = False
7.8118 	DATA 	EmulatedKey: t
7.8290 	EXP 	New trial (rep=0, index=2): {'Stimuli': '7_1_2.png', 'Condition': 'bee', 'corrAns': None}
7.8507 	EXP 	window1: recordFrameIntervals = False
7.8622 	EXP 	image_2: autoDraw = False
7.8622 	EXP 	imagePres: autoDraw = False
7.8622 	EXP 	image_2: autoDraw = False
7.8622 	EXP 	imagePres: autoDraw = False
7.8622 	EXP 	imagePres: pos = array([0., 0.])
7.8622 	EXP 	imagePres: image = '../img/7_1_2.png'
7.8622 	EXP 	image_2: autoDraw = True
7.8622 	EXP 	imagePres: autoDraw = True
7.8623 	EXP 	window1: recordFrameIntervals = False
8.7800 	EXP 	New trial (rep=0, index=3): {'Stimuli': '7_1_12.png', 'Condition': 'bee', 'corrAns': None}
8.8012 	EXP 	window1: recordFrameIntervals = False
8.8129 	EXP 	image_2: autoDraw = False
8.8129 	EXP 	imagePres: autoDraw = False
8.8129 	EXP 	image_2: autoDraw = False
8.8129 	EXP 	imagePres: autoDraw = False
8.8129 	EXP 	imagePres: pos = array([0., 0.])
8.8129 	EXP 	imagePres: image = '../img/7_1_12.png'
8.8129 	EXP 	image_2: autoDraw = True
8.8129 	EXP 	imagePres: autoDraw = True
8.8131 	EXP 	window1: recordFrameIntervals = False
9.7305 	EXP 	New trial (rep=0, index=4): {'Stimuli': '36_1_4.png', 'Condition': 'key', 'corrAns': 'right'}
9.7502 	EXP 	window1: recordFrameIntervals = False
9.7636 	EXP 	image_2: autoDraw = False
9.7636 	EXP 	imagePres: autoDraw = False
9.7636 	EXP 	image_2: autoDraw = False
9.7636 	EXP 	imagePres: autoDraw = False
9.7636 	EXP 	imagePres: pos = array([0., 0.])
9.7636 	EXP 	imagePres: image = '../img/36_1_4.png'
9.7636 	EXP 	image_2: autoDraw = True
9.7636 	EXP 	imagePres: autoDraw = True
9.7638 	EXP 	window1: recordFrameIntervals = False
9.8118 	DATA 	EmulatedKey: t
10.6813 	EXP 	New trial (rep=0, index=5): {'Stimuli': '36_1_7.png', 'Condition': 'key', 'corrAns': None}
10.7035 	EXP 	window1: recordFrameIntervals = False
10.7144 	EXP 	image_2: autoDraw = False
10.7144 	EXP 	imagePres: autoDraw = False
10.7144 	EXP 	image_2: autoDraw = False
10.7144 	EXP 	imagePres: autoDraw = False
10.7144 	EXP 	imagePres: pos = array([0., 0.])
10.7144 	EXP 	imagePres: image = '../img/36_1_7.png'
10.7144 	EXP 	image_2: autoDraw = True
10.7144 	EXP 	imagePres: autoDraw = True
10.7145 	EXP 	window1: recordFrameIntervals = False
11.6318 	EXP 	New trial (rep=0, index=6): {'Stimuli': '36_1_11.png', 'Condition': 'key', 'corrAns': None}
11.6566 	EXP 	window1: recordFrameIntervals = False
11.6651 	EXP 	image_2: autoDraw = False
11.6651 	EXP 	imagePres: autoDraw = False
11.6651 	EXP 	image_2: autoDraw = False
11.6651 	EXP 	imagePres: autoDraw = False
11.6651 	EXP 	imagePres: pos = array([0., 0.])
11.6651 	EXP 	imagePres: image = '../img/36_1_11.png'
11.6651 	EXP 	image_2: autoDraw = True
11.6651 	EXP 	imagePres: autoDraw = True
11.6654 	EXP 	window1: recordFrameIntervals = False
11.8118 	DATA 	EmulatedKey: t
12.5828 	EXP 	New trial (rep=0, index=7): {'Stimuli': '36_1_14.png', 'Condition': 'key', 'corrAns': None}
12.6009 	EXP 	window1: recordFrameIntervals = False
12.6159 	EXP 	image_2: autoDraw = False
12.6159 	EXP 	imagePres: autoDraw = False
12.6159 	EXP 	image_2: autoDraw = False
12.6159 	EXP 	imagePres: autoDraw = False
12.6159 	EXP 	imagePres: pos = array([0., 0.])
12.6159 	EXP 	imagePres: image = '../img/36_1_14.png'
12.6159 	EXP 	image_2: autoDraw = True
12.6159 	EXP 	imagePres: autoDraw = True
12.6161 	EXP 	window1: recordFrameIntervals = False
13.5336 	EXP 	New trial (rep=0, index=8): {'Stimuli': '36_1_5.png', 'Condition': 'key', 'corrAns': None}
13.5572 	EXP 	window1: recordFrameIntervals = False
13.5666 	EXP 	image_2: autoDraw = False
13.5666 	EXP 	imagePres: autoDraw = False
13.5666 	EXP 	image_2: autoDraw = False
13.5666 	EXP 	imagePres: autoDraw = False
13.5666 	EXP 	imagePres: pos = array([0., 0.])
13.5666 	EXP 	imagePres: image = '../img/36_1_5.png'
13.5666 	EXP 	image_2: autoDraw = True
13.5666 	EXP 	imagePres: autoDraw = True
13.5668 	EXP 	window1: recordFrameIntervals = False
14.4862 	EXP 	New trial (rep=0, index=9): {'Stimuli': '36_1_2.png', 'Condition': 'key', 'corrAns': None}
14.5066 	EXP 	window1: recordFrameIntervals = False
14.5192 	EXP 	image_2: autoDraw = False
14.5192 	EXP 	imagePres: autoDraw = False
14.5192 	EXP 	image_2: autoDraw = False
14.5192 	EXP 	imagePres: autoDraw = False
14.5192 	EXP 	imagePres: pos = array([0., 0.])
14.5192 	EXP 	imagePres: image = '../img/36_1_2.png'
14.5192 	EXP 	image_2: autoDraw = True
14.5192 	EXP 	imagePres: autoDraw = True
14.5193 	EXP 	window1: recordFrameIntervals = False
15.4352 	EXP 	New trial (rep=0, index=10): {'Stimuli': '30_1_10.png', 'Condition': 'dolphin', 'corrAns': 'right'}
15.4553 	EXP 	window1: recordFrameIntervals = False
15.4682 	EXP 	image_2: autoDraw = False
15.4682 	EXP 	imagePres: autoDraw = False
15.4682 	EXP 	image_2: autoDraw = False
15.4682 	EXP 	imagePres: autoDraw = False
15.4682 	EXP 	imagePres: pos = array([0., 0.])
15.4682 	EXP 	imagePres: image = '../img/30_1_10.png'
15.4682 	EXP 	image_2: autoDraw = True
15.4682 	EXP 	imagePres: autoDraw = True
15.4684 	EXP 	window1: recordFrameIntervals = False
16.3861 	EXP 	New trial (rep=0, index=11): {'Stimuli': '30_1_8.png', 'Condition': 'dolphin', 'corrAns': None}
16.4080 	EXP 	window1: recordFrameIntervals = False
16.4191 	EXP 	image_2: autoDraw = False
16.4191 	EXP 	imagePres: autoDraw = False
16.4191 	EXP 	image_2: autoDraw = False
16.4191 	EXP 	imagePres: autoDraw = False
16.4191 	EXP 	imagePres: pos = array([0., 0.])
16.4191 	EXP 	imagePres: image = '../img/30_1_8.png'
16.4191 	EXP 	image_2: autoDraw = True
16.4191 	EXP 	imagePres: autoDraw = True
16.4193 	EXP 	window1: recordFrameIntervals = False
17.3368 	EXP 	New trial (rep=0, index=12): {'Stimuli': '3_1_3.png', 'Condition': 'cockroach', 'corrAns': 'right'}
17.3583 	EXP 	window1: recordFrameIntervals = False
17.3699 	EXP 	image_2: autoDraw = False
17.3699 	EXP 	imagePres: autoDraw = False
17.3699 	EXP 	image_2: autoDraw = False
17.3699 	EXP 	imagePres: autoDraw = False
17.3699 	EXP 	imagePres: pos = array([0., 0.])
17.3699 	EXP 	imagePres: image = '../img/3_1_3.png'
17.3699 	EXP 	image_2: autoDraw = True
17.3699 	EXP 	imagePres: autoDraw = True
17.3700 	EXP 	window1: recordFrameIntervals = False
18.2873 	EXP 	New trial (rep=0, index=13): {'Stimuli': '3_1_7.png', 'Condition': 'cockroach', 'corrAns': None}
18.3115 	EXP 	window1: recordFrameIntervals = False
18.3204 	EXP 	image_2: autoDraw = False
18.3204 	EXP 	imagePres: autoDraw = False
18.3204 	EXP 	image_2: autoDraw = False
18.3204 	EXP 	imagePres: autoDraw = False
18.3204 	EXP 	imagePres: pos = array([0., 0.])
18.3204 	EXP 	imagePres: image = '../img/3_1_7.png'
18.3204 	EXP 	image_2: autoDraw = True
18.3204 	EXP 	imagePres: autoDraw = True
18.3206 	EXP 	window1: recordFrameIntervals = False
19.2627 	EXP 	New trial (rep=0, index=14): {'Stimuli': '3_1_10.png', 'Condition': 'cockroach', 'corrAns': None}
19.2842 	EXP 	window1: recordFrameIntervals = False
19.3127 	EXP 	image_2: autoDraw = False
19.3127 	EXP 	imagePres: autoDraw = False
19.3127 	EXP 	imagePres: pos = array([0., 0.])
19.3127 	EXP 	imagePres: image = '../img/3_1_10.png'
19.3127 	EXP 	image_2: autoDraw = True
19.3127 	EXP 	imagePres: autoDraw = True
19.3128 	EXP 	window1: recordFrameIntervals = False
20.2322 	EXP 	New trial (rep=0, index=15): {'Stimuli': '3_1_13.png', 'Condition': 'cockroach', 'corrAns': None}
20.2576 	EXP 	window1: recordFrameIntervals = False
20.2818 	EXP 	image_2: autoDraw = False
20.2818 	EXP 	imagePres: autoDraw = False
20.2818 	EXP 	imagePres: pos = array([0., 0.])
20.2818 	EXP 	imagePres: image = '../img/3_1_13.png'
20.2818 	EXP 	image_2: autoDraw = True
20.2818 	EXP 	imagePres: autoDraw = True
20.2820 	EXP 	window1: recordFrameIntervals = False
21.1898 	EXP 	New trial (rep=0, index=16): {'Stimuli': '3_1_9.png', 'Condition': 'cockroach', 'corrAns': None}
21.2126 	EXP 	window1: recordFrameIntervals = False
21.2228 	EXP 	image_2: autoDraw = False
21.2228 	EXP 	imagePres: autoDraw = False
21.2228 	EXP 	image_2: autoDraw = False
21.2228 	EXP 	imagePres: autoDraw = False
21.2228 	EXP 	imagePres: pos = array([0., 0.])
21.2228 	EXP 	imagePres: image = '../img/3_1_9.png'
21.2228 	EXP 	image_2: autoDraw = True
21.2228 	EXP 	imagePres: autoDraw = True
21.2231 	EXP 	window1: recordFrameIntervals = False
22.1405 	EXP 	New trial (rep=0, index=17): {'Stimuli': '3_1_5.png', 'Condition': 'cockroach', 'corrAns': None}
22.1618 	EXP 	window1: recordFrameIntervals = False
22.1736 	EXP 	image_2: autoDraw = False
22.1736 	EXP 	imagePres: autoDraw = False
22.1736 	EXP 	image_2: autoDraw = False
22.1736 	EXP 	imagePres: autoDraw = False
22.1736 	EXP 	imagePres: pos = array([0., 0.])
22.1736 	EXP 	imagePres: image = '../img/3_1_5.png'
22.1736 	EXP 	image_2: autoDraw = True
22.1736 	EXP 	imagePres: autoDraw = True
22.1737 	EXP 	window1: recordFrameIntervals = False
22.5404 	EXP 	window1: mouseVisible = True
