0.7531 	WARNING 	Speech-to-text recognition module not available (use command `pip install SpeechRecognition` to get it. Transcription will be unavailable.
0.9368 	WARNING 	We strongly recommend you activate the PTB sound engine in PsychoPy prefs as the preferred audio engine. Its timing is vastly superior. Your prefs are currently set to use ['sounddevice', 'PTB', 'pyo', 'pygame'] (in that order).
4.1564 	WARNING 	User requested fullscreen with size [1440  900], but screen is actually [1920, 1200]. Using actual size
4.8816 	EXP 	Created window1 = Window(allowGUI=False, allowStencil=False, autoLog=True, backendConf=UNKNOWN, bitsMode=UNKNOWN, blendMode='avg', bpc=(8, 8, 8), color=array([0, 0, 0]), colorSpace='rgb', depthBits=8, fullscr=<method-wrapper '__getattribute__' of attributeSetter object at 0x7f5de3eca6a0>, gamma=None, gammaErrorPolicy='raise', lms=UNKNOWN, monitor=<psychopy.monitors.calibTools.Monitor object at 0x7f5dba72ed90>, multiSample=False, name='window1', numSamples=2, pos=[0.0, 0.0], screen=0, size=array([1920, 1200]), stencilBits=0, stereo=False, units='norm', useFBO=True, useRetina=False, viewOri=0.0, viewPos=None, viewScale=None, waitBlanking=True, winType='pyglet')
4.8818 	EXP 	window1: mouseVisible = True
4.8818 	EXP 	window1: recordFrameIntervals = False
5.0478 	EXP 	window1: recordFrameIntervals = True
5.2313 	EXP 	window1: recordFrameIntervals = False
5.2325 	EXP 	Created image = ImageStim(__class__=<class 'psychopy.visual.image.ImageStim'>, autoLog=True, color=array([1., 1., 1.]), colorSpace='rgb', contrast=1.0, depth=0.0, flipHoriz=False, flipVert=False, image=None, interpolate=True, mask=None, maskParams=None, name='image', opacity=1, ori=0.0, pos=array([0., 0.]), size=array([10., 10.]), texRes=128, units='norm', win=Window(...))
5.2332 	EXP 	Created image_2 = ImageStim(__class__=<class 'psychopy.visual.image.ImageStim'>, autoLog=True, color=array([1., 1., 1.]), colorSpace='rgb', contrast=1.0, depth=-1.0, flipHoriz=False, flipVert=False, image=None, interpolate=True, mask=None, maskParams=None, name='image_2', opacity=1, ori=0.0, pos=array([0., 0.]), size=array([10., 10.]), texRes=128, units='norm', win=Window(...))
5.2350 	EXP 	Created imagePres = ImageStim(__class__=<class 'psychopy.visual.image.ImageStim'>, autoLog=True, color=array([1., 1., 1.]), colorSpace='rgb', contrast=1.0, depth=-2.0, flipHoriz=False, flipVert=False, image='sin', interpolate=True, mask=None, maskParams=None, name='imagePres', opacity=1, ori=0.0, pos=array([0., 0.]), size=array([1., 1.]), texRes=128, units='norm', win=Window(...))
5.2592 	EXP 	Created text_2 = TextStim(__class__=<class 'psychopy.visual.text.TextStim'>, alignHoriz=method-wrapper(...), alignText='center', alignVert=method-wrapper(...), anchorHoriz='center', anchorVert='center', antialias=True, autoLog=True, bold=False, color=array([-1., -1., -1.]), colorSpace='rgb', contrast=1.0, depth=0.0, flipHoriz=False, flipVert=False, font='Arial', fontFiles=[], height=0.1, italic=False, languageStyle='LTR', name='text_2', opacity=1, ori=0, pos=array([0., 0.]), rgb=UNKNOWN, text='Thanks!', units='norm', win=Window(...), wrapWidth=1)
5.2600 	EXP 	Created image_3 = ImageStim(__class__=<class 'psychopy.visual.image.ImageStim'>, autoLog=True, color=array([1., 1., 1.]), colorSpace='rgb', contrast=1.0, depth=-2.0, flipHoriz=False, flipVert=False, image=None, interpolate=True, mask=None, maskParams=None, name='image_3', opacity=1, ori=0.0, pos=array([0., 0.]), size=array([10., 10.]), texRes=128, units='norm', win=Window(...))
5.2641 	EXP 	Created unnamed TextStim = TextStim(__class__=<class 'psychopy.visual.text.TextStim'>, alignHoriz=method-wrapper(...), alignText='center', alignVert=method-wrapper(...), anchorHoriz='center', anchorVert='center', antialias=True, autoLog=True, bold=False, color=array([0.5, 0.5, 0.5]), colorSpace='rgb', contrast=1.0, depth=0, flipHoriz=False, flipVert=False, font='', fontFiles=[], height=0.05, italic=False, languageStyle='LTR', name='unnamed TextStim', opacity=1.0, ori=0.0, pos=array([0., 0.]), rgb=UNKNOWN, text='Hello World', units='norm', win=Window(...), wrapWidth=1)
5.2641 	EXP 	launchScan: vol: 5  TR: 2.000s  skip: 0  sync: 't'
5.2693 	EXP 	window1: mouseVisible = True
5.2979 	EXP 	unnamed RatingScale: flipVert = False
7.2830 	DATA 	Keypress: num_enter
9.5181 	DATA 	Keypress: left
9.7516 	DATA 	Keypress: right
10.2520 	DATA 	Keypress: return
10.2688 	EXP 	window1: mouseVisible = False
10.2988 	DATA 	EmulatedKey: t
10.2994 	EXP 	launchScan: start of scan
10.3186 	EXP 	unnamed TextStim: text = '0 volumes\n0.000 seconds'
12.2988 	DATA 	EmulatedKey: t
14.2988 	DATA 	EmulatedKey: t
16.2988 	DATA 	EmulatedKey: t
18.2988 	DATA 	EmulatedKey: t
20.3032 	EXP 	window1: mouseVisible = True
