0.7844 	WARNING 	Speech-to-text recognition module not available (use command `pip install SpeechRecognition` to get it. Transcription will be unavailable.
0.9660 	WARNING 	We strongly recommend you activate the PTB sound engine in PsychoPy prefs as the preferred audio engine. Its timing is vastly superior. Your prefs are currently set to use ['sounddevice', 'PTB', 'pyo', 'pygame'] (in that order).
2.6949 	WARNING 	User requested fullscreen with size [1440  900], but screen is actually [1920, 1200]. Using actual size
3.3683 	EXP 	Created window1 = Window(allowGUI=False, allowStencil=False, autoLog=True, backendConf=UNKNOWN, bitsMode=UNKNOWN, blendMode='avg', bpc=(8, 8, 8), color=array([0, 0, 0]), colorSpace='rgb', depthBits=8, fullscr=<method-wrapper '__getattribute__' of attributeSetter object at 0x7fa1b9c28850>, gamma=None, gammaErrorPolicy='raise', lms=UNKNOWN, monitor=<psychopy.monitors.calibTools.Monitor object at 0x7fa1984d7f40>, multiSample=False, name='window1', numSamples=2, pos=[0.0, 0.0], screen=0, size=array([1920, 1200]), stencilBits=0, stereo=False, units='norm', useFBO=True, useRetina=False, viewOri=0.0, viewPos=None, viewScale=None, waitBlanking=True, winType='pyglet')
3.3684 	EXP 	window1: mouseVisible = True
3.3684 	EXP 	window1: recordFrameIntervals = False
3.5344 	EXP 	window1: recordFrameIntervals = True
3.7180 	EXP 	window1: recordFrameIntervals = False
3.7191 	EXP 	Created image = ImageStim(__class__=<class 'psychopy.visual.image.ImageStim'>, autoLog=True, color=array([1., 1., 1.]), colorSpace='rgb', contrast=1.0, depth=0.0, flipHoriz=False, flipVert=False, image=None, interpolate=True, mask=None, maskParams=None, name='image', opacity=1, ori=0.0, pos=array([0., 0.]), size=array([10., 10.]), texRes=128, units='norm', win=Window(...))
3.7198 	EXP 	Created image_2 = ImageStim(__class__=<class 'psychopy.visual.image.ImageStim'>, autoLog=True, color=array([1., 1., 1.]), colorSpace='rgb', contrast=1.0, depth=-1.0, flipHoriz=False, flipVert=False, image=None, interpolate=True, mask=None, maskParams=None, name='image_2', opacity=1, ori=0.0, pos=array([0., 0.]), size=array([10., 10.]), texRes=128, units='norm', win=Window(...))
3.7217 	EXP 	Created imagePres = ImageStim(__class__=<class 'psychopy.visual.image.ImageStim'>, autoLog=True, color=array([1., 1., 1.]), colorSpace='rgb', contrast=1.0, depth=-2.0, flipHoriz=False, flipVert=False, image='sin', interpolate=True, mask=None, maskParams=None, name='imagePres', opacity=1, ori=0.0, pos=array([0., 0.]), size=array([1., 1.]), texRes=128, units='norm', win=Window(...))
3.7466 	EXP 	Created text_2 = TextStim(__class__=<class 'psychopy.visual.text.TextStim'>, alignHoriz=method-wrapper(...), alignText='center', alignVert=method-wrapper(...), anchorHoriz='center', anchorVert='center', antialias=True, autoLog=True, bold=False, color=array([-1., -1., -1.]), colorSpace='rgb', contrast=1.0, depth=0.0, flipHoriz=False, flipVert=False, font='Arial', fontFiles=[], height=0.1, italic=False, languageStyle='LTR', name='text_2', opacity=1, ori=0, pos=array([0., 0.]), rgb=UNKNOWN, text='Thanks!', units='norm', win=Window(...), wrapWidth=1)
3.7474 	EXP 	Created image_3 = ImageStim(__class__=<class 'psychopy.visual.image.ImageStim'>, autoLog=True, color=array([1., 1., 1.]), colorSpace='rgb', contrast=1.0, depth=-2.0, flipHoriz=False, flipVert=False, image=None, interpolate=True, mask=None, maskParams=None, name='image_3', opacity=1, ori=0.0, pos=array([0., 0.]), size=array([10., 10.]), texRes=128, units='norm', win=Window(...))
3.7514 	EXP 	Created unnamed TextStim = TextStim(__class__=<class 'psychopy.visual.text.TextStim'>, alignHoriz=method-wrapper(...), alignText='center', alignVert=method-wrapper(...), anchorHoriz='center', anchorVert='center', antialias=True, autoLog=True, bold=False, color=array([0.5, 0.5, 0.5]), colorSpace='rgb', contrast=1.0, depth=0, flipHoriz=False, flipVert=False, font='', fontFiles=[], height=0.05, italic=False, languageStyle='LTR', name='unnamed TextStim', opacity=1.0, ori=0.0, pos=array([0., 0.]), rgb=UNKNOWN, text='Hello World', units='norm', win=Window(...), wrapWidth=1)
3.7514 	EXP 	launchScan: vol: 5  TR: 2.000s  skip: 0  sync: 't'
3.7570 	EXP 	window1: mouseVisible = True
3.7846 	EXP 	unnamed RatingScale: flipVert = False
3.8349 	DATA 	Keypress: return
5.1191 	DATA 	Keypress: left
5.9584 	DATA 	Keypress: right
6.4224 	DATA 	Keypress: return
6.4371 	EXP 	window1: mouseVisible = False
6.4710 	DATA 	EmulatedKey: t
6.4711 	EXP 	launchScan: start of scan
6.5034 	EXP 	unnamed TextStim: text = '0 volumes\n0.000 seconds'
8.4710 	DATA 	EmulatedKey: t
8.5052 	EXP 	Imported ../excels/runOne.xlsx as conditions, 597 conditions, 3 params
8.5086 	EXP 	Created sequence: sequential, trialTypes=597, nReps=1, seed=None
8.5089 	EXP 	New trial (rep=0, index=0): {'Stimuli': '7_1_5.png', 'Condition': 'bee', 'corrAns': None}
8.5251 	EXP 	window1: recordFrameIntervals = False
8.5384 	EXP 	image: autoDraw = False
8.5384 	EXP 	imagePres: pos = array([0., 0.])
8.5384 	EXP 	imagePres: image = '../img/7_1_5.png'
8.5384 	EXP 	image_2: autoDraw = True
8.5384 	EXP 	imagePres: autoDraw = True
8.5386 	EXP 	window1: recordFrameIntervals = False
9.4729 	EXP 	New trial (rep=0, index=1): {'Stimuli': '7_1_8.png', 'Condition': 'bee', 'corrAns': None}
9.4888 	EXP 	window1: recordFrameIntervals = False
9.5059 	EXP 	image_2: autoDraw = False
9.5059 	EXP 	imagePres: autoDraw = False
9.5059 	EXP 	imagePres: pos = array([0., 0.])
9.5059 	EXP 	imagePres: image = '../img/7_1_8.png'
9.5059 	EXP 	image_2: autoDraw = True
9.5059 	EXP 	imagePres: autoDraw = True
9.5060 	EXP 	window1: recordFrameIntervals = False
10.4233 	EXP 	New trial (rep=0, index=2): {'Stimuli': '7_1_2.png', 'Condition': 'bee', 'corrAns': None}
10.4354 	EXP 	window1: recordFrameIntervals = False
10.4457 	EXP 	image_2: autoDraw = False
10.4457 	EXP 	imagePres: autoDraw = False
10.4457 	EXP 	image_2: autoDraw = False
10.4457 	EXP 	imagePres: autoDraw = False
10.4457 	EXP 	imagePres: pos = array([0., 0.])
10.4457 	EXP 	imagePres: image = '../img/7_1_2.png'
10.4457 	EXP 	image_2: autoDraw = True
10.4457 	EXP 	imagePres: autoDraw = True
10.4710 	DATA 	EmulatedKey: t
10.4713 	EXP 	window1: recordFrameIntervals = False
11.3745 	EXP 	New trial (rep=0, index=3): {'Stimuli': '7_1_12.png', 'Condition': 'bee', 'corrAns': None}
11.3892 	EXP 	window1: recordFrameIntervals = False
11.4074 	EXP 	image_2: autoDraw = False
11.4074 	EXP 	imagePres: autoDraw = False
11.4074 	EXP 	image_2: autoDraw = False
11.4074 	EXP 	imagePres: autoDraw = False
11.4074 	EXP 	imagePres: pos = array([0., 0.])
11.4074 	EXP 	imagePres: image = '../img/7_1_12.png'
11.4074 	EXP 	image_2: autoDraw = True
11.4074 	EXP 	imagePres: autoDraw = True
11.4075 	EXP 	window1: recordFrameIntervals = False
12.3247 	EXP 	New trial (rep=0, index=4): {'Stimuli': '36_1_4.png', 'Condition': 'key', 'corrAns': 'right'}
12.3378 	EXP 	window1: recordFrameIntervals = False
12.3581 	EXP 	image_2: autoDraw = False
12.3581 	EXP 	imagePres: autoDraw = False
12.3581 	EXP 	image_2: autoDraw = False
12.3581 	EXP 	imagePres: autoDraw = False
12.3581 	EXP 	imagePres: pos = array([0., 0.])
12.3581 	EXP 	imagePres: image = '../img/36_1_4.png'
12.3581 	EXP 	image_2: autoDraw = True
12.3581 	EXP 	imagePres: autoDraw = True
12.3583 	EXP 	window1: recordFrameIntervals = False
12.4710 	DATA 	EmulatedKey: t
13.2758 	EXP 	New trial (rep=0, index=5): {'Stimuli': '36_1_7.png', 'Condition': 'key', 'corrAns': None}
13.2882 	EXP 	window1: recordFrameIntervals = False
13.3089 	EXP 	image_2: autoDraw = False
13.3089 	EXP 	imagePres: autoDraw = False
13.3089 	EXP 	image_2: autoDraw = False
13.3089 	EXP 	imagePres: autoDraw = False
13.3089 	EXP 	imagePres: pos = array([0., 0.])
13.3089 	EXP 	imagePres: image = '../img/36_1_7.png'
13.3089 	EXP 	image_2: autoDraw = True
13.3089 	EXP 	imagePres: autoDraw = True
13.3090 	EXP 	window1: recordFrameIntervals = False
14.2270 	EXP 	New trial (rep=0, index=6): {'Stimuli': '36_1_11.png', 'Condition': 'key', 'corrAns': None}
14.2410 	EXP 	window1: recordFrameIntervals = False
14.2596 	EXP 	image_2: autoDraw = False
14.2596 	EXP 	imagePres: autoDraw = False
14.2596 	EXP 	image_2: autoDraw = False
14.2596 	EXP 	imagePres: autoDraw = False
14.2596 	EXP 	imagePres: pos = array([0., 0.])
14.2596 	EXP 	imagePres: image = '../img/36_1_11.png'
14.2596 	EXP 	image_2: autoDraw = True
14.2596 	EXP 	imagePres: autoDraw = True
14.2598 	EXP 	window1: recordFrameIntervals = False
14.4710 	DATA 	EmulatedKey: t
15.1777 	EXP 	New trial (rep=0, index=7): {'Stimuli': '36_1_14.png', 'Condition': 'key', 'corrAns': None}
15.1895 	EXP 	window1: recordFrameIntervals = False
15.2106 	EXP 	image_2: autoDraw = False
15.2106 	EXP 	imagePres: autoDraw = False
15.2106 	EXP 	image_2: autoDraw = False
15.2106 	EXP 	imagePres: autoDraw = False
15.2106 	EXP 	imagePres: pos = array([0., 0.])
15.2106 	EXP 	imagePres: image = '../img/36_1_14.png'
15.2106 	EXP 	image_2: autoDraw = True
15.2106 	EXP 	imagePres: autoDraw = True
15.2108 	EXP 	window1: recordFrameIntervals = False
16.1280 	EXP 	New trial (rep=0, index=8): {'Stimuli': '36_1_5.png', 'Condition': 'key', 'corrAns': None}
16.1419 	EXP 	window1: recordFrameIntervals = False
16.1611 	EXP 	image_2: autoDraw = False
16.1611 	EXP 	imagePres: autoDraw = False
16.1611 	EXP 	image_2: autoDraw = False
16.1611 	EXP 	imagePres: autoDraw = False
16.1611 	EXP 	imagePres: pos = array([0., 0.])
16.1611 	EXP 	imagePres: image = '../img/36_1_5.png'
16.1611 	EXP 	image_2: autoDraw = True
16.1611 	EXP 	imagePres: autoDraw = True
16.1613 	EXP 	window1: recordFrameIntervals = False
17.0787 	EXP 	New trial (rep=0, index=9): {'Stimuli': '36_1_2.png', 'Condition': 'key', 'corrAns': None}
17.0923 	EXP 	window1: recordFrameIntervals = False
17.1119 	EXP 	image_2: autoDraw = False
17.1119 	EXP 	imagePres: autoDraw = False
17.1119 	EXP 	image_2: autoDraw = False
17.1119 	EXP 	imagePres: autoDraw = False
17.1119 	EXP 	imagePres: pos = array([0., 0.])
17.1119 	EXP 	imagePres: image = '../img/36_1_2.png'
17.1119 	EXP 	image_2: autoDraw = True
17.1119 	EXP 	imagePres: autoDraw = True
17.1120 	EXP 	window1: recordFrameIntervals = False
18.0295 	EXP 	New trial (rep=0, index=10): {'Stimuli': None, 'Condition': None, 'corrAns': None}
18.0295 	EXP 	New trial (rep=0, index=11): {'Stimuli': None, 'Condition': None, 'corrAns': None}
18.0296 	EXP 	New trial (rep=0, index=12): {'Stimuli': None, 'Condition': None, 'corrAns': None}
18.0297 	EXP 	New trial (rep=0, index=13): {'Stimuli': None, 'Condition': None, 'corrAns': None}
18.0297 	EXP 	New trial (rep=0, index=14): {'Stimuli': None, 'Condition': None, 'corrAns': None}
18.0297 	EXP 	New trial (rep=0, index=15): {'Stimuli': None, 'Condition': None, 'corrAns': None}
18.0298 	EXP 	New trial (rep=0, index=16): {'Stimuli': None, 'Condition': None, 'corrAns': None}
18.0298 	EXP 	New trial (rep=0, index=17): {'Stimuli': None, 'Condition': None, 'corrAns': None}
18.0299 	EXP 	New trial (rep=0, index=18): {'Stimuli': None, 'Condition': None, 'corrAns': None}
18.0299 	EXP 	New trial (rep=0, index=19): {'Stimuli': None, 'Condition': None, 'corrAns': None}
18.0300 	EXP 	New trial (rep=0, index=20): {'Stimuli': None, 'Condition': None, 'corrAns': None}
18.0300 	EXP 	New trial (rep=0, index=21): {'Stimuli': None, 'Condition': None, 'corrAns': None}
18.0301 	EXP 	New trial (rep=0, index=22): {'Stimuli': None, 'Condition': None, 'corrAns': None}
18.0301 	EXP 	New trial (rep=0, index=23): {'Stimuli': None, 'Condition': None, 'corrAns': None}
18.0302 	EXP 	New trial (rep=0, index=24): {'Stimuli': None, 'Condition': None, 'corrAns': None}
18.0302 	EXP 	New trial (rep=0, index=25): {'Stimuli': None, 'Condition': None, 'corrAns': None}
18.0303 	EXP 	New trial (rep=0, index=26): {'Stimuli': None, 'Condition': None, 'corrAns': None}
18.0303 	EXP 	New trial (rep=0, index=27): {'Stimuli': None, 'Condition': None, 'corrAns': None}
18.0304 	EXP 	New trial (rep=0, index=28): {'Stimuli': None, 'Condition': None, 'corrAns': None}
18.0304 	EXP 	New trial (rep=0, index=29): {'Stimuli': None, 'Condition': None, 'corrAns': None}
18.0305 	EXP 	New trial (rep=0, index=30): {'Stimuli': None, 'Condition': None, 'corrAns': None}
18.0305 	EXP 	New trial (rep=0, index=31): {'Stimuli': None, 'Condition': None, 'corrAns': None}
18.0306 	EXP 	New trial (rep=0, index=32): {'Stimuli': None, 'Condition': None, 'corrAns': None}
18.0306 	EXP 	New trial (rep=0, index=33): {'Stimuli': None, 'Condition': None, 'corrAns': None}
18.0306 	EXP 	New trial (rep=0, index=34): {'Stimuli': None, 'Condition': None, 'corrAns': None}
18.0307 	EXP 	New trial (rep=0, index=35): {'Stimuli': None, 'Condition': None, 'corrAns': None}
18.0307 	EXP 	New trial (rep=0, index=36): {'Stimuli': None, 'Condition': None, 'corrAns': None}
18.0308 	EXP 	New trial (rep=0, index=37): {'Stimuli': None, 'Condition': None, 'corrAns': None}
18.0308 	EXP 	New trial (rep=0, index=38): {'Stimuli': None, 'Condition': None, 'corrAns': None}
18.0309 	EXP 	New trial (rep=0, index=39): {'Stimuli': None, 'Condition': None, 'corrAns': None}
18.0309 	EXP 	New trial (rep=0, index=40): {'Stimuli': None, 'Condition': None, 'corrAns': None}
18.0310 	EXP 	New trial (rep=0, index=41): {'Stimuli': None, 'Condition': None, 'corrAns': None}
18.0310 	EXP 	New trial (rep=0, index=42): {'Stimuli': None, 'Condition': None, 'corrAns': None}
18.0311 	EXP 	New trial (rep=0, index=43): {'Stimuli': None, 'Condition': None, 'corrAns': None}
18.0311 	EXP 	New trial (rep=0, index=44): {'Stimuli': None, 'Condition': None, 'corrAns': None}
18.0311 	EXP 	New trial (rep=0, index=45): {'Stimuli': None, 'Condition': None, 'corrAns': None}
18.0312 	EXP 	New trial (rep=0, index=46): {'Stimuli': None, 'Condition': None, 'corrAns': None}
18.0312 	EXP 	New trial (rep=0, index=47): {'Stimuli': None, 'Condition': None, 'corrAns': None}
18.0313 	EXP 	New trial (rep=0, index=48): {'Stimuli': None, 'Condition': None, 'corrAns': None}
18.0313 	EXP 	New trial (rep=0, index=49): {'Stimuli': None, 'Condition': None, 'corrAns': None}
18.0314 	EXP 	New trial (rep=0, index=50): {'Stimuli': None, 'Condition': None, 'corrAns': None}
18.0314 	EXP 	New trial (rep=0, index=51): {'Stimuli': None, 'Condition': None, 'corrAns': None}
18.0315 	EXP 	New trial (rep=0, index=52): {'Stimuli': None, 'Condition': None, 'corrAns': None}
18.0315 	EXP 	New trial (rep=0, index=53): {'Stimuli': None, 'Condition': None, 'corrAns': None}
18.0316 	EXP 	New trial (rep=0, index=54): {'Stimuli': None, 'Condition': None, 'corrAns': None}
18.0316 	EXP 	New trial (rep=0, index=55): {'Stimuli': None, 'Condition': None, 'corrAns': None}
18.0316 	EXP 	New trial (rep=0, index=56): {'Stimuli': None, 'Condition': None, 'corrAns': None}
18.0317 	EXP 	New trial (rep=0, index=57): {'Stimuli': None, 'Condition': None, 'corrAns': None}
18.0317 	EXP 	New trial (rep=0, index=58): {'Stimuli': None, 'Condition': None, 'corrAns': None}
18.0318 	EXP 	New trial (rep=0, index=59): {'Stimuli': None, 'Condition': None, 'corrAns': None}
18.0318 	EXP 	New trial (rep=0, index=60): {'Stimuli': None, 'Condition': None, 'corrAns': None}
18.0319 	EXP 	New trial (rep=0, index=61): {'Stimuli': None, 'Condition': None, 'corrAns': None}
18.0319 	EXP 	New trial (rep=0, index=62): {'Stimuli': None, 'Condition': None, 'corrAns': None}
18.0320 	EXP 	New trial (rep=0, index=63): {'Stimuli': None, 'Condition': None, 'corrAns': None}
18.0320 	EXP 	New trial (rep=0, index=64): {'Stimuli': None, 'Condition': None, 'corrAns': None}
18.0321 	EXP 	New trial (rep=0, index=65): {'Stimuli': None, 'Condition': None, 'corrAns': None}
18.0321 	EXP 	New trial (rep=0, index=66): {'Stimuli': None, 'Condition': None, 'corrAns': None}
18.0322 	EXP 	New trial (rep=0, index=67): {'Stimuli': None, 'Condition': None, 'corrAns': None}
18.0322 	EXP 	New trial (rep=0, index=68): {'Stimuli': None, 'Condition': None, 'corrAns': None}
18.0323 	EXP 	New trial (rep=0, index=69): {'Stimuli': None, 'Condition': None, 'corrAns': None}
18.0323 	EXP 	New trial (rep=0, index=70): {'Stimuli': None, 'Condition': None, 'corrAns': None}
18.0324 	EXP 	New trial (rep=0, index=71): {'Stimuli': None, 'Condition': None, 'corrAns': None}
18.0325 	EXP 	New trial (rep=0, index=72): {'Stimuli': None, 'Condition': None, 'corrAns': None}
18.0325 	EXP 	New trial (rep=0, index=73): {'Stimuli': None, 'Condition': None, 'corrAns': None}
18.0326 	EXP 	New trial (rep=0, index=74): {'Stimuli': None, 'Condition': None, 'corrAns': None}
18.0326 	EXP 	New trial (rep=0, index=75): {'Stimuli': None, 'Condition': None, 'corrAns': None}
18.0327 	EXP 	New trial (rep=0, index=76): {'Stimuli': None, 'Condition': None, 'corrAns': None}
18.0327 	EXP 	New trial (rep=0, index=77): {'Stimuli': None, 'Condition': None, 'corrAns': None}
18.0328 	EXP 	New trial (rep=0, index=78): {'Stimuli': None, 'Condition': None, 'corrAns': None}
18.0328 	EXP 	New trial (rep=0, index=79): {'Stimuli': None, 'Condition': None, 'corrAns': None}
18.0329 	EXP 	New trial (rep=0, index=80): {'Stimuli': None, 'Condition': None, 'corrAns': None}
18.0329 	EXP 	New trial (rep=0, index=81): {'Stimuli': None, 'Condition': None, 'corrAns': None}
18.0330 	EXP 	New trial (rep=0, index=82): {'Stimuli': None, 'Condition': None, 'corrAns': None}
18.0330 	EXP 	New trial (rep=0, index=83): {'Stimuli': None, 'Condition': None, 'corrAns': None}
18.0330 	EXP 	New trial (rep=0, index=84): {'Stimuli': None, 'Condition': None, 'corrAns': None}
18.0331 	EXP 	New trial (rep=0, index=85): {'Stimuli': None, 'Condition': None, 'corrAns': None}
18.0332 	EXP 	New trial (rep=0, index=86): {'Stimuli': None, 'Condition': None, 'corrAns': None}
18.0332 	EXP 	New trial (rep=0, index=87): {'Stimuli': None, 'Condition': None, 'corrAns': None}
18.0333 	EXP 	New trial (rep=0, index=88): {'Stimuli': None, 'Condition': None, 'corrAns': None}
18.0333 	EXP 	New trial (rep=0, index=89): {'Stimuli': None, 'Condition': None, 'corrAns': None}
18.0334 	EXP 	New trial (rep=0, index=90): {'Stimuli': None, 'Condition': None, 'corrAns': None}
18.0334 	EXP 	New trial (rep=0, index=91): {'Stimuli': None, 'Condition': None, 'corrAns': None}
18.0335 	EXP 	New trial (rep=0, index=92): {'Stimuli': None, 'Condition': None, 'corrAns': None}
18.0335 	EXP 	New trial (rep=0, index=93): {'Stimuli': None, 'Condition': None, 'corrAns': None}
18.0336 	EXP 	New trial (rep=0, index=94): {'Stimuli': None, 'Condition': None, 'corrAns': None}
18.0336 	EXP 	New trial (rep=0, index=95): {'Stimuli': None, 'Condition': None, 'corrAns': None}
18.0337 	EXP 	New trial (rep=0, index=96): {'Stimuli': None, 'Condition': None, 'corrAns': None}
18.0337 	EXP 	New trial (rep=0, index=97): {'Stimuli': None, 'Condition': None, 'corrAns': None}
18.0338 	EXP 	New trial (rep=0, index=98): {'Stimuli': None, 'Condition': None, 'corrAns': None}
18.0338 	EXP 	New trial (rep=0, index=99): {'Stimuli': None, 'Condition': None, 'corrAns': None}
18.0339 	EXP 	New trial (rep=0, index=100): {'Stimuli': None, 'Condition': None, 'corrAns': None}
18.0339 	EXP 	New trial (rep=0, index=101): {'Stimuli': None, 'Condition': None, 'corrAns': None}
18.0340 	EXP 	New trial (rep=0, index=102): {'Stimuli': None, 'Condition': None, 'corrAns': None}
18.0340 	EXP 	New trial (rep=0, index=103): {'Stimuli': None, 'Condition': None, 'corrAns': None}
18.0341 	EXP 	New trial (rep=0, index=104): {'Stimuli': None, 'Condition': None, 'corrAns': None}
18.0341 	EXP 	New trial (rep=0, index=105): {'Stimuli': None, 'Condition': None, 'corrAns': None}
18.0342 	EXP 	New trial (rep=0, index=106): {'Stimuli': None, 'Condition': None, 'corrAns': None}
18.0342 	EXP 	New trial (rep=0, index=107): {'Stimuli': None, 'Condition': None, 'corrAns': None}
18.0343 	EXP 	New trial (rep=0, index=108): {'Stimuli': None, 'Condition': None, 'corrAns': None}
18.0343 	EXP 	New trial (rep=0, index=109): {'Stimuli': None, 'Condition': None, 'corrAns': None}
18.0344 	EXP 	New trial (rep=0, index=110): {'Stimuli': None, 'Condition': None, 'corrAns': None}
18.0344 	EXP 	New trial (rep=0, index=111): {'Stimuli': None, 'Condition': None, 'corrAns': None}
18.0345 	EXP 	New trial (rep=0, index=112): {'Stimuli': None, 'Condition': None, 'corrAns': None}
18.0345 	EXP 	New trial (rep=0, index=113): {'Stimuli': None, 'Condition': None, 'corrAns': None}
18.0346 	EXP 	New trial (rep=0, index=114): {'Stimuli': None, 'Condition': None, 'corrAns': None}
18.0346 	EXP 	New trial (rep=0, index=115): {'Stimuli': None, 'Condition': None, 'corrAns': None}
18.0347 	EXP 	New trial (rep=0, index=116): {'Stimuli': None, 'Condition': None, 'corrAns': None}
18.0347 	EXP 	New trial (rep=0, index=117): {'Stimuli': None, 'Condition': None, 'corrAns': None}
18.0348 	EXP 	New trial (rep=0, index=118): {'Stimuli': None, 'Condition': None, 'corrAns': None}
18.0349 	EXP 	New trial (rep=0, index=119): {'Stimuli': None, 'Condition': None, 'corrAns': None}
18.0349 	EXP 	New trial (rep=0, index=120): {'Stimuli': None, 'Condition': None, 'corrAns': None}
18.0350 	EXP 	New trial (rep=0, index=121): {'Stimuli': None, 'Condition': None, 'corrAns': None}
18.0350 	EXP 	New trial (rep=0, index=122): {'Stimuli': None, 'Condition': None, 'corrAns': None}
18.0351 	EXP 	New trial (rep=0, index=123): {'Stimuli': None, 'Condition': None, 'corrAns': None}
18.0351 	EXP 	New trial (rep=0, index=124): {'Stimuli': None, 'Condition': None, 'corrAns': None}
18.0352 	EXP 	New trial (rep=0, index=125): {'Stimuli': None, 'Condition': None, 'corrAns': None}
18.0352 	EXP 	New trial (rep=0, index=126): {'Stimuli': None, 'Condition': None, 'corrAns': None}
18.0353 	EXP 	New trial (rep=0, index=127): {'Stimuli': None, 'Condition': None, 'corrAns': None}
18.0353 	EXP 	New trial (rep=0, index=128): {'Stimuli': None, 'Condition': None, 'corrAns': None}
18.0354 	EXP 	New trial (rep=0, index=129): {'Stimuli': None, 'Condition': None, 'corrAns': None}
18.0354 	EXP 	New trial (rep=0, index=130): {'Stimuli': None, 'Condition': None, 'corrAns': None}
18.0355 	EXP 	New trial (rep=0, index=131): {'Stimuli': None, 'Condition': None, 'corrAns': None}
18.0355 	EXP 	New trial (rep=0, index=132): {'Stimuli': None, 'Condition': None, 'corrAns': None}
18.0356 	EXP 	New trial (rep=0, index=133): {'Stimuli': None, 'Condition': None, 'corrAns': None}
18.0356 	EXP 	New trial (rep=0, index=134): {'Stimuli': None, 'Condition': None, 'corrAns': None}
18.0357 	EXP 	New trial (rep=0, index=135): {'Stimuli': None, 'Condition': None, 'corrAns': None}
18.0357 	EXP 	New trial (rep=0, index=136): {'Stimuli': None, 'Condition': None, 'corrAns': None}
18.0358 	EXP 	New trial (rep=0, index=137): {'Stimuli': None, 'Condition': None, 'corrAns': None}
18.0358 	EXP 	New trial (rep=0, index=138): {'Stimuli': None, 'Condition': None, 'corrAns': None}
18.0359 	EXP 	New trial (rep=0, index=139): {'Stimuli': None, 'Condition': None, 'corrAns': None}
18.0359 	EXP 	New trial (rep=0, index=140): {'Stimuli': None, 'Condition': None, 'corrAns': None}
18.0360 	EXP 	New trial (rep=0, index=141): {'Stimuli': None, 'Condition': None, 'corrAns': None}
18.0360 	EXP 	New trial (rep=0, index=142): {'Stimuli': None, 'Condition': None, 'corrAns': None}
18.0361 	EXP 	New trial (rep=0, index=143): {'Stimuli': None, 'Condition': None, 'corrAns': None}
18.0361 	EXP 	New trial (rep=0, index=144): {'Stimuli': None, 'Condition': None, 'corrAns': None}
18.0362 	EXP 	New trial (rep=0, index=145): {'Stimuli': None, 'Condition': None, 'corrAns': None}
18.0362 	EXP 	New trial (rep=0, index=146): {'Stimuli': None, 'Condition': None, 'corrAns': None}
18.0363 	EXP 	New trial (rep=0, index=147): {'Stimuli': None, 'Condition': None, 'corrAns': None}
18.0363 	EXP 	New trial (rep=0, index=148): {'Stimuli': None, 'Condition': None, 'corrAns': None}
18.0364 	EXP 	New trial (rep=0, index=149): {'Stimuli': None, 'Condition': None, 'corrAns': None}
18.0364 	EXP 	New trial (rep=0, index=150): {'Stimuli': None, 'Condition': None, 'corrAns': None}
18.0365 	EXP 	New trial (rep=0, index=151): {'Stimuli': None, 'Condition': None, 'corrAns': None}
18.0365 	EXP 	New trial (rep=0, index=152): {'Stimuli': None, 'Condition': None, 'corrAns': None}
18.0366 	EXP 	New trial (rep=0, index=153): {'Stimuli': None, 'Condition': None, 'corrAns': None}
18.0366 	EXP 	New trial (rep=0, index=154): {'Stimuli': None, 'Condition': None, 'corrAns': None}
18.0367 	EXP 	New trial (rep=0, index=155): {'Stimuli': None, 'Condition': None, 'corrAns': None}
18.0367 	EXP 	New trial (rep=0, index=156): {'Stimuli': None, 'Condition': None, 'corrAns': None}
18.0368 	EXP 	New trial (rep=0, index=157): {'Stimuli': None, 'Condition': None, 'corrAns': None}
18.0368 	EXP 	New trial (rep=0, index=158): {'Stimuli': None, 'Condition': None, 'corrAns': None}
18.0369 	EXP 	New trial (rep=0, index=159): {'Stimuli': None, 'Condition': None, 'corrAns': None}
18.0370 	EXP 	New trial (rep=0, index=160): {'Stimuli': None, 'Condition': None, 'corrAns': None}
18.0370 	EXP 	New trial (rep=0, index=161): {'Stimuli': None, 'Condition': None, 'corrAns': None}
18.0371 	EXP 	New trial (rep=0, index=162): {'Stimuli': None, 'Condition': None, 'corrAns': None}
18.0371 	EXP 	New trial (rep=0, index=163): {'Stimuli': None, 'Condition': None, 'corrAns': None}
18.0372 	EXP 	New trial (rep=0, index=164): {'Stimuli': None, 'Condition': None, 'corrAns': None}
18.0372 	EXP 	New trial (rep=0, index=165): {'Stimuli': None, 'Condition': None, 'corrAns': None}
18.0373 	EXP 	New trial (rep=0, index=166): {'Stimuli': None, 'Condition': None, 'corrAns': None}
18.0373 	EXP 	New trial (rep=0, index=167): {'Stimuli': None, 'Condition': None, 'corrAns': None}
18.0374 	EXP 	New trial (rep=0, index=168): {'Stimuli': None, 'Condition': None, 'corrAns': None}
18.0374 	EXP 	New trial (rep=0, index=169): {'Stimuli': None, 'Condition': None, 'corrAns': None}
18.0375 	EXP 	New trial (rep=0, index=170): {'Stimuli': None, 'Condition': None, 'corrAns': None}
18.0375 	EXP 	New trial (rep=0, index=171): {'Stimuli': None, 'Condition': None, 'corrAns': None}
18.0376 	EXP 	New trial (rep=0, index=172): {'Stimuli': None, 'Condition': None, 'corrAns': None}
18.0376 	EXP 	New trial (rep=0, index=173): {'Stimuli': None, 'Condition': None, 'corrAns': None}
18.0377 	EXP 	New trial (rep=0, index=174): {'Stimuli': None, 'Condition': None, 'corrAns': None}
18.0377 	EXP 	New trial (rep=0, index=175): {'Stimuli': None, 'Condition': None, 'corrAns': None}
18.0378 	EXP 	New trial (rep=0, index=176): {'Stimuli': None, 'Condition': None, 'corrAns': None}
18.0378 	EXP 	New trial (rep=0, index=177): {'Stimuli': None, 'Condition': None, 'corrAns': None}
18.0379 	EXP 	New trial (rep=0, index=178): {'Stimuli': None, 'Condition': None, 'corrAns': None}
18.0379 	EXP 	New trial (rep=0, index=179): {'Stimuli': None, 'Condition': None, 'corrAns': None}
18.0380 	EXP 	New trial (rep=0, index=180): {'Stimuli': None, 'Condition': None, 'corrAns': None}
18.0380 	EXP 	New trial (rep=0, index=181): {'Stimuli': None, 'Condition': None, 'corrAns': None}
18.0381 	EXP 	New trial (rep=0, index=182): {'Stimuli': None, 'Condition': None, 'corrAns': None}
18.0381 	EXP 	New trial (rep=0, index=183): {'Stimuli': None, 'Condition': None, 'corrAns': None}
18.0382 	EXP 	New trial (rep=0, index=184): {'Stimuli': None, 'Condition': None, 'corrAns': None}
18.0382 	EXP 	New trial (rep=0, index=185): {'Stimuli': None, 'Condition': None, 'corrAns': None}
18.0383 	EXP 	New trial (rep=0, index=186): {'Stimuli': None, 'Condition': None, 'corrAns': None}
18.0383 	EXP 	New trial (rep=0, index=187): {'Stimuli': None, 'Condition': None, 'corrAns': None}
18.0384 	EXP 	New trial (rep=0, index=188): {'Stimuli': None, 'Condition': None, 'corrAns': None}
18.0384 	EXP 	New trial (rep=0, index=189): {'Stimuli': None, 'Condition': None, 'corrAns': None}
18.0385 	EXP 	New trial (rep=0, index=190): {'Stimuli': None, 'Condition': None, 'corrAns': None}
18.0385 	EXP 	New trial (rep=0, index=191): {'Stimuli': None, 'Condition': None, 'corrAns': None}
18.0386 	EXP 	New trial (rep=0, index=192): {'Stimuli': None, 'Condition': None, 'corrAns': None}
18.0386 	EXP 	New trial (rep=0, index=193): {'Stimuli': None, 'Condition': None, 'corrAns': None}
18.0387 	EXP 	New trial (rep=0, index=194): {'Stimuli': None, 'Condition': None, 'corrAns': None}
18.0387 	EXP 	New trial (rep=0, index=195): {'Stimuli': None, 'Condition': None, 'corrAns': None}
18.0388 	EXP 	New trial (rep=0, index=196): {'Stimuli': None, 'Condition': None, 'corrAns': None}
18.0388 	EXP 	New trial (rep=0, index=197): {'Stimuli': None, 'Condition': None, 'corrAns': None}
18.0389 	EXP 	New trial (rep=0, index=198): {'Stimuli': None, 'Condition': None, 'corrAns': None}
18.0390 	EXP 	New trial (rep=0, index=199): {'Stimuli': None, 'Condition': None, 'corrAns': None}
18.0390 	EXP 	New trial (rep=0, index=200): {'Stimuli': None, 'Condition': None, 'corrAns': None}
18.0391 	EXP 	New trial (rep=0, index=201): {'Stimuli': None, 'Condition': None, 'corrAns': None}
18.0391 	EXP 	New trial (rep=0, index=202): {'Stimuli': None, 'Condition': None, 'corrAns': None}
18.0392 	EXP 	New trial (rep=0, index=203): {'Stimuli': None, 'Condition': None, 'corrAns': None}
18.0392 	EXP 	New trial (rep=0, index=204): {'Stimuli': None, 'Condition': None, 'corrAns': None}
18.0393 	EXP 	New trial (rep=0, index=205): {'Stimuli': None, 'Condition': None, 'corrAns': None}
18.0393 	EXP 	New trial (rep=0, index=206): {'Stimuli': None, 'Condition': None, 'corrAns': None}
18.0394 	EXP 	New trial (rep=0, index=207): {'Stimuli': None, 'Condition': None, 'corrAns': None}
18.0394 	EXP 	New trial (rep=0, index=208): {'Stimuli': None, 'Condition': None, 'corrAns': None}
18.0394 	EXP 	New trial (rep=0, index=209): {'Stimuli': None, 'Condition': None, 'corrAns': None}
18.0395 	EXP 	New trial (rep=0, index=210): {'Stimuli': None, 'Condition': None, 'corrAns': None}
18.0395 	EXP 	New trial (rep=0, index=211): {'Stimuli': None, 'Condition': None, 'corrAns': None}
18.0396 	EXP 	New trial (rep=0, index=212): {'Stimuli': None, 'Condition': None, 'corrAns': None}
18.0397 	EXP 	New trial (rep=0, index=213): {'Stimuli': None, 'Condition': None, 'corrAns': None}
18.0397 	EXP 	New trial (rep=0, index=214): {'Stimuli': None, 'Condition': None, 'corrAns': None}
18.0398 	EXP 	New trial (rep=0, index=215): {'Stimuli': None, 'Condition': None, 'corrAns': None}
18.0398 	EXP 	New trial (rep=0, index=216): {'Stimuli': None, 'Condition': None, 'corrAns': None}
18.0399 	EXP 	New trial (rep=0, index=217): {'Stimuli': None, 'Condition': None, 'corrAns': None}
18.0399 	EXP 	New trial (rep=0, index=218): {'Stimuli': None, 'Condition': None, 'corrAns': None}
18.0399 	EXP 	New trial (rep=0, index=219): {'Stimuli': None, 'Condition': None, 'corrAns': None}
18.0400 	EXP 	New trial (rep=0, index=220): {'Stimuli': None, 'Condition': None, 'corrAns': None}
18.0400 	EXP 	New trial (rep=0, index=221): {'Stimuli': None, 'Condition': None, 'corrAns': None}
18.0401 	EXP 	New trial (rep=0, index=222): {'Stimuli': None, 'Condition': None, 'corrAns': None}
18.0401 	EXP 	New trial (rep=0, index=223): {'Stimuli': None, 'Condition': None, 'corrAns': None}
18.0402 	EXP 	New trial (rep=0, index=224): {'Stimuli': None, 'Condition': None, 'corrAns': None}
18.0402 	EXP 	New trial (rep=0, index=225): {'Stimuli': None, 'Condition': None, 'corrAns': None}
18.0403 	EXP 	New trial (rep=0, index=226): {'Stimuli': None, 'Condition': None, 'corrAns': None}
18.0403 	EXP 	New trial (rep=0, index=227): {'Stimuli': None, 'Condition': None, 'corrAns': None}
18.0404 	EXP 	New trial (rep=0, index=228): {'Stimuli': None, 'Condition': None, 'corrAns': None}
18.0405 	EXP 	New trial (rep=0, index=229): {'Stimuli': None, 'Condition': None, 'corrAns': None}
18.0405 	EXP 	New trial (rep=0, index=230): {'Stimuli': None, 'Condition': None, 'corrAns': None}
18.0406 	EXP 	New trial (rep=0, index=231): {'Stimuli': None, 'Condition': None, 'corrAns': None}
18.0406 	EXP 	New trial (rep=0, index=232): {'Stimuli': None, 'Condition': None, 'corrAns': None}
18.0407 	EXP 	New trial (rep=0, index=233): {'Stimuli': None, 'Condition': None, 'corrAns': None}
18.0407 	EXP 	New trial (rep=0, index=234): {'Stimuli': None, 'Condition': None, 'corrAns': None}
18.0408 	EXP 	New trial (rep=0, index=235): {'Stimuli': None, 'Condition': None, 'corrAns': None}
18.0408 	EXP 	New trial (rep=0, index=236): {'Stimuli': None, 'Condition': None, 'corrAns': None}
18.0409 	EXP 	New trial (rep=0, index=237): {'Stimuli': None, 'Condition': None, 'corrAns': None}
18.0409 	EXP 	New trial (rep=0, index=238): {'Stimuli': None, 'Condition': None, 'corrAns': None}
18.0410 	EXP 	New trial (rep=0, index=239): {'Stimuli': None, 'Condition': None, 'corrAns': None}
18.0410 	EXP 	New trial (rep=0, index=240): {'Stimuli': None, 'Condition': None, 'corrAns': None}
18.0411 	EXP 	New trial (rep=0, index=241): {'Stimuli': None, 'Condition': None, 'corrAns': None}
18.0411 	EXP 	New trial (rep=0, index=242): {'Stimuli': None, 'Condition': None, 'corrAns': None}
18.0412 	EXP 	New trial (rep=0, index=243): {'Stimuli': None, 'Condition': None, 'corrAns': None}
18.0412 	EXP 	New trial (rep=0, index=244): {'Stimuli': None, 'Condition': None, 'corrAns': None}
18.0413 	EXP 	New trial (rep=0, index=245): {'Stimuli': None, 'Condition': None, 'corrAns': None}
18.0413 	EXP 	New trial (rep=0, index=246): {'Stimuli': None, 'Condition': None, 'corrAns': None}
18.0414 	EXP 	New trial (rep=0, index=247): {'Stimuli': None, 'Condition': None, 'corrAns': None}
18.0414 	EXP 	New trial (rep=0, index=248): {'Stimuli': None, 'Condition': None, 'corrAns': None}
18.0415 	EXP 	New trial (rep=0, index=249): {'Stimuli': None, 'Condition': None, 'corrAns': None}
18.0415 	EXP 	New trial (rep=0, index=250): {'Stimuli': None, 'Condition': None, 'corrAns': None}
18.0416 	EXP 	New trial (rep=0, index=251): {'Stimuli': None, 'Condition': None, 'corrAns': None}
18.0416 	EXP 	New trial (rep=0, index=252): {'Stimuli': None, 'Condition': None, 'corrAns': None}
18.0417 	EXP 	New trial (rep=0, index=253): {'Stimuli': None, 'Condition': None, 'corrAns': None}
18.0417 	EXP 	New trial (rep=0, index=254): {'Stimuli': None, 'Condition': None, 'corrAns': None}
18.0418 	EXP 	New trial (rep=0, index=255): {'Stimuli': None, 'Condition': None, 'corrAns': None}
18.0418 	EXP 	New trial (rep=0, index=256): {'Stimuli': None, 'Condition': None, 'corrAns': None}
18.0419 	EXP 	New trial (rep=0, index=257): {'Stimuli': None, 'Condition': None, 'corrAns': None}
18.0419 	EXP 	New trial (rep=0, index=258): {'Stimuli': None, 'Condition': None, 'corrAns': None}
18.0420 	EXP 	New trial (rep=0, index=259): {'Stimuli': None, 'Condition': None, 'corrAns': None}
18.0421 	EXP 	New trial (rep=0, index=260): {'Stimuli': None, 'Condition': None, 'corrAns': None}
18.0421 	EXP 	New trial (rep=0, index=261): {'Stimuli': None, 'Condition': None, 'corrAns': None}
18.0422 	EXP 	New trial (rep=0, index=262): {'Stimuli': None, 'Condition': None, 'corrAns': None}
18.0422 	EXP 	New trial (rep=0, index=263): {'Stimuli': None, 'Condition': None, 'corrAns': None}
18.0423 	EXP 	New trial (rep=0, index=264): {'Stimuli': None, 'Condition': None, 'corrAns': None}
18.0423 	EXP 	New trial (rep=0, index=265): {'Stimuli': None, 'Condition': None, 'corrAns': None}
18.0424 	EXP 	New trial (rep=0, index=266): {'Stimuli': None, 'Condition': None, 'corrAns': None}
18.0424 	EXP 	New trial (rep=0, index=267): {'Stimuli': None, 'Condition': None, 'corrAns': None}
18.0425 	EXP 	New trial (rep=0, index=268): {'Stimuli': None, 'Condition': None, 'corrAns': None}
18.0425 	EXP 	New trial (rep=0, index=269): {'Stimuli': None, 'Condition': None, 'corrAns': None}
18.0426 	EXP 	New trial (rep=0, index=270): {'Stimuli': None, 'Condition': None, 'corrAns': None}
18.0426 	EXP 	New trial (rep=0, index=271): {'Stimuli': None, 'Condition': None, 'corrAns': None}
18.0427 	EXP 	New trial (rep=0, index=272): {'Stimuli': None, 'Condition': None, 'corrAns': None}
18.0427 	EXP 	New trial (rep=0, index=273): {'Stimuli': None, 'Condition': None, 'corrAns': None}
18.0428 	EXP 	New trial (rep=0, index=274): {'Stimuli': None, 'Condition': None, 'corrAns': None}
18.0428 	EXP 	New trial (rep=0, index=275): {'Stimuli': None, 'Condition': None, 'corrAns': None}
18.0429 	EXP 	New trial (rep=0, index=276): {'Stimuli': None, 'Condition': None, 'corrAns': None}
18.0429 	EXP 	New trial (rep=0, index=277): {'Stimuli': None, 'Condition': None, 'corrAns': None}
18.0430 	EXP 	New trial (rep=0, index=278): {'Stimuli': None, 'Condition': None, 'corrAns': None}
18.0430 	EXP 	New trial (rep=0, index=279): {'Stimuli': None, 'Condition': None, 'corrAns': None}
18.0431 	EXP 	New trial (rep=0, index=280): {'Stimuli': None, 'Condition': None, 'corrAns': None}
18.0431 	EXP 	New trial (rep=0, index=281): {'Stimuli': None, 'Condition': None, 'corrAns': None}
18.0432 	EXP 	New trial (rep=0, index=282): {'Stimuli': None, 'Condition': None, 'corrAns': None}
18.0432 	EXP 	New trial (rep=0, index=283): {'Stimuli': None, 'Condition': None, 'corrAns': None}
18.0433 	EXP 	New trial (rep=0, index=284): {'Stimuli': None, 'Condition': None, 'corrAns': None}
18.0433 	EXP 	New trial (rep=0, index=285): {'Stimuli': None, 'Condition': None, 'corrAns': None}
18.0434 	EXP 	New trial (rep=0, index=286): {'Stimuli': None, 'Condition': None, 'corrAns': None}
18.0434 	EXP 	New trial (rep=0, index=287): {'Stimuli': None, 'Condition': None, 'corrAns': None}
18.0435 	EXP 	New trial (rep=0, index=288): {'Stimuli': None, 'Condition': None, 'corrAns': None}
18.0435 	EXP 	New trial (rep=0, index=289): {'Stimuli': None, 'Condition': None, 'corrAns': None}
18.0436 	EXP 	New trial (rep=0, index=290): {'Stimuli': None, 'Condition': None, 'corrAns': None}
18.0436 	EXP 	New trial (rep=0, index=291): {'Stimuli': None, 'Condition': None, 'corrAns': None}
18.0437 	EXP 	New trial (rep=0, index=292): {'Stimuli': None, 'Condition': None, 'corrAns': None}
18.0437 	EXP 	New trial (rep=0, index=293): {'Stimuli': None, 'Condition': None, 'corrAns': None}
18.0438 	EXP 	New trial (rep=0, index=294): {'Stimuli': None, 'Condition': None, 'corrAns': None}
18.0438 	EXP 	New trial (rep=0, index=295): {'Stimuli': None, 'Condition': None, 'corrAns': None}
18.0439 	EXP 	New trial (rep=0, index=296): {'Stimuli': None, 'Condition': None, 'corrAns': None}
18.0439 	EXP 	New trial (rep=0, index=297): {'Stimuli': None, 'Condition': None, 'corrAns': None}
18.0440 	EXP 	New trial (rep=0, index=298): {'Stimuli': None, 'Condition': None, 'corrAns': None}
18.0440 	EXP 	New trial (rep=0, index=299): {'Stimuli': None, 'Condition': None, 'corrAns': None}
18.0441 	EXP 	New trial (rep=0, index=300): {'Stimuli': None, 'Condition': None, 'corrAns': None}
18.0441 	EXP 	New trial (rep=0, index=301): {'Stimuli': None, 'Condition': None, 'corrAns': None}
18.0442 	EXP 	New trial (rep=0, index=302): {'Stimuli': None, 'Condition': None, 'corrAns': None}
18.0442 	EXP 	New trial (rep=0, index=303): {'Stimuli': None, 'Condition': None, 'corrAns': None}
18.0443 	EXP 	New trial (rep=0, index=304): {'Stimuli': None, 'Condition': None, 'corrAns': None}
18.0444 	EXP 	New trial (rep=0, index=305): {'Stimuli': None, 'Condition': None, 'corrAns': None}
18.0444 	EXP 	New trial (rep=0, index=306): {'Stimuli': None, 'Condition': None, 'corrAns': None}
18.0445 	EXP 	New trial (rep=0, index=307): {'Stimuli': None, 'Condition': None, 'corrAns': None}
18.0445 	EXP 	New trial (rep=0, index=308): {'Stimuli': None, 'Condition': None, 'corrAns': None}
18.0446 	EXP 	New trial (rep=0, index=309): {'Stimuli': None, 'Condition': None, 'corrAns': None}
18.0446 	EXP 	New trial (rep=0, index=310): {'Stimuli': None, 'Condition': None, 'corrAns': None}
18.0447 	EXP 	New trial (rep=0, index=311): {'Stimuli': None, 'Condition': None, 'corrAns': None}
18.0447 	EXP 	New trial (rep=0, index=312): {'Stimuli': None, 'Condition': None, 'corrAns': None}
18.0448 	EXP 	New trial (rep=0, index=313): {'Stimuli': None, 'Condition': None, 'corrAns': None}
18.0448 	EXP 	New trial (rep=0, index=314): {'Stimuli': None, 'Condition': None, 'corrAns': None}
18.0449 	EXP 	New trial (rep=0, index=315): {'Stimuli': None, 'Condition': None, 'corrAns': None}
18.0449 	EXP 	New trial (rep=0, index=316): {'Stimuli': None, 'Condition': None, 'corrAns': None}
18.0450 	EXP 	New trial (rep=0, index=317): {'Stimuli': None, 'Condition': None, 'corrAns': None}
18.0450 	EXP 	New trial (rep=0, index=318): {'Stimuli': None, 'Condition': None, 'corrAns': None}
18.0451 	EXP 	New trial (rep=0, index=319): {'Stimuli': None, 'Condition': None, 'corrAns': None}
18.0451 	EXP 	New trial (rep=0, index=320): {'Stimuli': None, 'Condition': None, 'corrAns': None}
18.0452 	EXP 	New trial (rep=0, index=321): {'Stimuli': None, 'Condition': None, 'corrAns': None}
18.0452 	EXP 	New trial (rep=0, index=322): {'Stimuli': None, 'Condition': None, 'corrAns': None}
18.0453 	EXP 	New trial (rep=0, index=323): {'Stimuli': None, 'Condition': None, 'corrAns': None}
18.0453 	EXP 	New trial (rep=0, index=324): {'Stimuli': None, 'Condition': None, 'corrAns': None}
18.0454 	EXP 	New trial (rep=0, index=325): {'Stimuli': None, 'Condition': None, 'corrAns': None}
18.0454 	EXP 	New trial (rep=0, index=326): {'Stimuli': None, 'Condition': None, 'corrAns': None}
18.0455 	EXP 	New trial (rep=0, index=327): {'Stimuli': None, 'Condition': None, 'corrAns': None}
18.0455 	EXP 	New trial (rep=0, index=328): {'Stimuli': None, 'Condition': None, 'corrAns': None}
18.0456 	EXP 	New trial (rep=0, index=329): {'Stimuli': None, 'Condition': None, 'corrAns': None}
18.0456 	EXP 	New trial (rep=0, index=330): {'Stimuli': None, 'Condition': None, 'corrAns': None}
18.0457 	EXP 	New trial (rep=0, index=331): {'Stimuli': None, 'Condition': None, 'corrAns': None}
18.0457 	EXP 	New trial (rep=0, index=332): {'Stimuli': None, 'Condition': None, 'corrAns': None}
18.0458 	EXP 	New trial (rep=0, index=333): {'Stimuli': None, 'Condition': None, 'corrAns': None}
18.0458 	EXP 	New trial (rep=0, index=334): {'Stimuli': None, 'Condition': None, 'corrAns': None}
18.0459 	EXP 	New trial (rep=0, index=335): {'Stimuli': None, 'Condition': None, 'corrAns': None}
18.0459 	EXP 	New trial (rep=0, index=336): {'Stimuli': None, 'Condition': None, 'corrAns': None}
18.0460 	EXP 	New trial (rep=0, index=337): {'Stimuli': None, 'Condition': None, 'corrAns': None}
18.0460 	EXP 	New trial (rep=0, index=338): {'Stimuli': None, 'Condition': None, 'corrAns': None}
18.0461 	EXP 	New trial (rep=0, index=339): {'Stimuli': None, 'Condition': None, 'corrAns': None}
18.0461 	EXP 	New trial (rep=0, index=340): {'Stimuli': None, 'Condition': None, 'corrAns': None}
18.0462 	EXP 	New trial (rep=0, index=341): {'Stimuli': None, 'Condition': None, 'corrAns': None}
18.0462 	EXP 	New trial (rep=0, index=342): {'Stimuli': None, 'Condition': None, 'corrAns': None}
18.0463 	EXP 	New trial (rep=0, index=343): {'Stimuli': None, 'Condition': None, 'corrAns': None}
18.0463 	EXP 	New trial (rep=0, index=344): {'Stimuli': None, 'Condition': None, 'corrAns': None}
18.0464 	EXP 	New trial (rep=0, index=345): {'Stimuli': None, 'Condition': None, 'corrAns': None}
18.0464 	EXP 	New trial (rep=0, index=346): {'Stimuli': None, 'Condition': None, 'corrAns': None}
18.0465 	EXP 	New trial (rep=0, index=347): {'Stimuli': None, 'Condition': None, 'corrAns': None}
18.0465 	EXP 	New trial (rep=0, index=348): {'Stimuli': None, 'Condition': None, 'corrAns': None}
18.0466 	EXP 	New trial (rep=0, index=349): {'Stimuli': None, 'Condition': None, 'corrAns': None}
18.0466 	EXP 	New trial (rep=0, index=350): {'Stimuli': None, 'Condition': None, 'corrAns': None}
18.0467 	EXP 	New trial (rep=0, index=351): {'Stimuli': None, 'Condition': None, 'corrAns': None}
18.0467 	EXP 	New trial (rep=0, index=352): {'Stimuli': None, 'Condition': None, 'corrAns': None}
18.0468 	EXP 	New trial (rep=0, index=353): {'Stimuli': None, 'Condition': None, 'corrAns': None}
18.0468 	EXP 	New trial (rep=0, index=354): {'Stimuli': None, 'Condition': None, 'corrAns': None}
18.0469 	EXP 	New trial (rep=0, index=355): {'Stimuli': None, 'Condition': None, 'corrAns': None}
18.0469 	EXP 	New trial (rep=0, index=356): {'Stimuli': None, 'Condition': None, 'corrAns': None}
18.0470 	EXP 	New trial (rep=0, index=357): {'Stimuli': None, 'Condition': None, 'corrAns': None}
18.0470 	EXP 	New trial (rep=0, index=358): {'Stimuli': None, 'Condition': None, 'corrAns': None}
18.0471 	EXP 	New trial (rep=0, index=359): {'Stimuli': None, 'Condition': None, 'corrAns': None}
18.0471 	EXP 	New trial (rep=0, index=360): {'Stimuli': None, 'Condition': None, 'corrAns': None}
18.0472 	EXP 	New trial (rep=0, index=361): {'Stimuli': None, 'Condition': None, 'corrAns': None}
18.0473 	EXP 	New trial (rep=0, index=362): {'Stimuli': None, 'Condition': None, 'corrAns': None}
18.0473 	EXP 	New trial (rep=0, index=363): {'Stimuli': None, 'Condition': None, 'corrAns': None}
18.0474 	EXP 	New trial (rep=0, index=364): {'Stimuli': None, 'Condition': None, 'corrAns': None}
18.0474 	EXP 	New trial (rep=0, index=365): {'Stimuli': None, 'Condition': None, 'corrAns': None}
18.0475 	EXP 	New trial (rep=0, index=366): {'Stimuli': None, 'Condition': None, 'corrAns': None}
18.0475 	EXP 	New trial (rep=0, index=367): {'Stimuli': None, 'Condition': None, 'corrAns': None}
18.0476 	EXP 	New trial (rep=0, index=368): {'Stimuli': None, 'Condition': None, 'corrAns': None}
18.0476 	EXP 	New trial (rep=0, index=369): {'Stimuli': None, 'Condition': None, 'corrAns': None}
18.0477 	EXP 	New trial (rep=0, index=370): {'Stimuli': None, 'Condition': None, 'corrAns': None}
18.0477 	EXP 	New trial (rep=0, index=371): {'Stimuli': None, 'Condition': None, 'corrAns': None}
18.0478 	EXP 	New trial (rep=0, index=372): {'Stimuli': None, 'Condition': None, 'corrAns': None}
18.0478 	EXP 	New trial (rep=0, index=373): {'Stimuli': None, 'Condition': None, 'corrAns': None}
18.0479 	EXP 	New trial (rep=0, index=374): {'Stimuli': None, 'Condition': None, 'corrAns': None}
18.0479 	EXP 	New trial (rep=0, index=375): {'Stimuli': None, 'Condition': None, 'corrAns': None}
18.0480 	EXP 	New trial (rep=0, index=376): {'Stimuli': None, 'Condition': None, 'corrAns': None}
18.0480 	EXP 	New trial (rep=0, index=377): {'Stimuli': None, 'Condition': None, 'corrAns': None}
18.0481 	EXP 	New trial (rep=0, index=378): {'Stimuli': None, 'Condition': None, 'corrAns': None}
18.0481 	EXP 	New trial (rep=0, index=379): {'Stimuli': None, 'Condition': None, 'corrAns': None}
18.0482 	EXP 	New trial (rep=0, index=380): {'Stimuli': None, 'Condition': None, 'corrAns': None}
18.0482 	EXP 	New trial (rep=0, index=381): {'Stimuli': None, 'Condition': None, 'corrAns': None}
18.0483 	EXP 	New trial (rep=0, index=382): {'Stimuli': None, 'Condition': None, 'corrAns': None}
18.0483 	EXP 	New trial (rep=0, index=383): {'Stimuli': None, 'Condition': None, 'corrAns': None}
18.0484 	EXP 	New trial (rep=0, index=384): {'Stimuli': None, 'Condition': None, 'corrAns': None}
18.0484 	EXP 	New trial (rep=0, index=385): {'Stimuli': None, 'Condition': None, 'corrAns': None}
18.0485 	EXP 	New trial (rep=0, index=386): {'Stimuli': None, 'Condition': None, 'corrAns': None}
18.0485 	EXP 	New trial (rep=0, index=387): {'Stimuli': None, 'Condition': None, 'corrAns': None}
18.0486 	EXP 	New trial (rep=0, index=388): {'Stimuli': None, 'Condition': None, 'corrAns': None}
18.0486 	EXP 	New trial (rep=0, index=389): {'Stimuli': None, 'Condition': None, 'corrAns': None}
18.0487 	EXP 	New trial (rep=0, index=390): {'Stimuli': None, 'Condition': None, 'corrAns': None}
18.0487 	EXP 	New trial (rep=0, index=391): {'Stimuli': None, 'Condition': None, 'corrAns': None}
18.0488 	EXP 	New trial (rep=0, index=392): {'Stimuli': None, 'Condition': None, 'corrAns': None}
18.0488 	EXP 	New trial (rep=0, index=393): {'Stimuli': None, 'Condition': None, 'corrAns': None}
18.0489 	EXP 	New trial (rep=0, index=394): {'Stimuli': None, 'Condition': None, 'corrAns': None}
18.0489 	EXP 	New trial (rep=0, index=395): {'Stimuli': None, 'Condition': None, 'corrAns': None}
18.0490 	EXP 	New trial (rep=0, index=396): {'Stimuli': None, 'Condition': None, 'corrAns': None}
18.0490 	EXP 	New trial (rep=0, index=397): {'Stimuli': None, 'Condition': None, 'corrAns': None}
18.0491 	EXP 	New trial (rep=0, index=398): {'Stimuli': None, 'Condition': None, 'corrAns': None}
18.0491 	EXP 	New trial (rep=0, index=399): {'Stimuli': None, 'Condition': None, 'corrAns': None}
18.0492 	EXP 	New trial (rep=0, index=400): {'Stimuli': None, 'Condition': None, 'corrAns': None}
18.0492 	EXP 	New trial (rep=0, index=401): {'Stimuli': None, 'Condition': None, 'corrAns': None}
18.0493 	EXP 	New trial (rep=0, index=402): {'Stimuli': None, 'Condition': None, 'corrAns': None}
18.0493 	EXP 	New trial (rep=0, index=403): {'Stimuli': None, 'Condition': None, 'corrAns': None}
18.0494 	EXP 	New trial (rep=0, index=404): {'Stimuli': None, 'Condition': None, 'corrAns': None}
18.0494 	EXP 	New trial (rep=0, index=405): {'Stimuli': None, 'Condition': None, 'corrAns': None}
18.0495 	EXP 	New trial (rep=0, index=406): {'Stimuli': None, 'Condition': None, 'corrAns': None}
18.0495 	EXP 	New trial (rep=0, index=407): {'Stimuli': None, 'Condition': None, 'corrAns': None}
18.0496 	EXP 	New trial (rep=0, index=408): {'Stimuli': None, 'Condition': None, 'corrAns': None}
18.0497 	EXP 	New trial (rep=0, index=409): {'Stimuli': None, 'Condition': None, 'corrAns': None}
18.0497 	EXP 	New trial (rep=0, index=410): {'Stimuli': None, 'Condition': None, 'corrAns': None}
18.0498 	EXP 	New trial (rep=0, index=411): {'Stimuli': None, 'Condition': None, 'corrAns': None}
18.0498 	EXP 	New trial (rep=0, index=412): {'Stimuli': None, 'Condition': None, 'corrAns': None}
18.0499 	EXP 	New trial (rep=0, index=413): {'Stimuli': None, 'Condition': None, 'corrAns': None}
18.0499 	EXP 	New trial (rep=0, index=414): {'Stimuli': None, 'Condition': None, 'corrAns': None}
18.0500 	EXP 	New trial (rep=0, index=415): {'Stimuli': None, 'Condition': None, 'corrAns': None}
18.0500 	EXP 	New trial (rep=0, index=416): {'Stimuli': None, 'Condition': None, 'corrAns': None}
18.0501 	EXP 	New trial (rep=0, index=417): {'Stimuli': None, 'Condition': None, 'corrAns': None}
18.0501 	EXP 	New trial (rep=0, index=418): {'Stimuli': None, 'Condition': None, 'corrAns': None}
18.0502 	EXP 	New trial (rep=0, index=419): {'Stimuli': None, 'Condition': None, 'corrAns': None}
18.0502 	EXP 	New trial (rep=0, index=420): {'Stimuli': None, 'Condition': None, 'corrAns': None}
18.0503 	EXP 	New trial (rep=0, index=421): {'Stimuli': None, 'Condition': None, 'corrAns': None}
18.0503 	EXP 	New trial (rep=0, index=422): {'Stimuli': None, 'Condition': None, 'corrAns': None}
18.0504 	EXP 	New trial (rep=0, index=423): {'Stimuli': None, 'Condition': None, 'corrAns': None}
18.0504 	EXP 	New trial (rep=0, index=424): {'Stimuli': None, 'Condition': None, 'corrAns': None}
18.0505 	EXP 	New trial (rep=0, index=425): {'Stimuli': None, 'Condition': None, 'corrAns': None}
18.0505 	EXP 	New trial (rep=0, index=426): {'Stimuli': None, 'Condition': None, 'corrAns': None}
18.0506 	EXP 	New trial (rep=0, index=427): {'Stimuli': None, 'Condition': None, 'corrAns': None}
18.0506 	EXP 	New trial (rep=0, index=428): {'Stimuli': None, 'Condition': None, 'corrAns': None}
18.0507 	EXP 	New trial (rep=0, index=429): {'Stimuli': None, 'Condition': None, 'corrAns': None}
18.0507 	EXP 	New trial (rep=0, index=430): {'Stimuli': None, 'Condition': None, 'corrAns': None}
18.0508 	EXP 	New trial (rep=0, index=431): {'Stimuli': None, 'Condition': None, 'corrAns': None}
18.0508 	EXP 	New trial (rep=0, index=432): {'Stimuli': None, 'Condition': None, 'corrAns': None}
18.0509 	EXP 	New trial (rep=0, index=433): {'Stimuli': None, 'Condition': None, 'corrAns': None}
18.0509 	EXP 	New trial (rep=0, index=434): {'Stimuli': None, 'Condition': None, 'corrAns': None}
18.0510 	EXP 	New trial (rep=0, index=435): {'Stimuli': None, 'Condition': None, 'corrAns': None}
18.0510 	EXP 	New trial (rep=0, index=436): {'Stimuli': None, 'Condition': None, 'corrAns': None}
18.0511 	EXP 	New trial (rep=0, index=437): {'Stimuli': None, 'Condition': None, 'corrAns': None}
18.0511 	EXP 	New trial (rep=0, index=438): {'Stimuli': None, 'Condition': None, 'corrAns': None}
18.0512 	EXP 	New trial (rep=0, index=439): {'Stimuli': None, 'Condition': None, 'corrAns': None}
18.0512 	EXP 	New trial (rep=0, index=440): {'Stimuli': None, 'Condition': None, 'corrAns': None}
18.0513 	EXP 	New trial (rep=0, index=441): {'Stimuli': None, 'Condition': None, 'corrAns': None}
18.0513 	EXP 	New trial (rep=0, index=442): {'Stimuli': None, 'Condition': None, 'corrAns': None}
18.0514 	EXP 	New trial (rep=0, index=443): {'Stimuli': None, 'Condition': None, 'corrAns': None}
18.0514 	EXP 	New trial (rep=0, index=444): {'Stimuli': None, 'Condition': None, 'corrAns': None}
18.0515 	EXP 	New trial (rep=0, index=445): {'Stimuli': None, 'Condition': None, 'corrAns': None}
18.0515 	EXP 	New trial (rep=0, index=446): {'Stimuli': None, 'Condition': None, 'corrAns': None}
18.0516 	EXP 	New trial (rep=0, index=447): {'Stimuli': None, 'Condition': None, 'corrAns': None}
18.0516 	EXP 	New trial (rep=0, index=448): {'Stimuli': None, 'Condition': None, 'corrAns': None}
18.0517 	EXP 	New trial (rep=0, index=449): {'Stimuli': None, 'Condition': None, 'corrAns': None}
18.0518 	EXP 	New trial (rep=0, index=450): {'Stimuli': None, 'Condition': None, 'corrAns': None}
18.0518 	EXP 	New trial (rep=0, index=451): {'Stimuli': None, 'Condition': None, 'corrAns': None}
18.0519 	EXP 	New trial (rep=0, index=452): {'Stimuli': None, 'Condition': None, 'corrAns': None}
18.0519 	EXP 	New trial (rep=0, index=453): {'Stimuli': None, 'Condition': None, 'corrAns': None}
18.0520 	EXP 	New trial (rep=0, index=454): {'Stimuli': None, 'Condition': None, 'corrAns': None}
18.0520 	EXP 	New trial (rep=0, index=455): {'Stimuli': None, 'Condition': None, 'corrAns': None}
18.0521 	EXP 	New trial (rep=0, index=456): {'Stimuli': None, 'Condition': None, 'corrAns': None}
18.0521 	EXP 	New trial (rep=0, index=457): {'Stimuli': None, 'Condition': None, 'corrAns': None}
18.0522 	EXP 	New trial (rep=0, index=458): {'Stimuli': None, 'Condition': None, 'corrAns': None}
18.0522 	EXP 	New trial (rep=0, index=459): {'Stimuli': None, 'Condition': None, 'corrAns': None}
18.0523 	EXP 	New trial (rep=0, index=460): {'Stimuli': None, 'Condition': None, 'corrAns': None}
18.0523 	EXP 	New trial (rep=0, index=461): {'Stimuli': None, 'Condition': None, 'corrAns': None}
18.0524 	EXP 	New trial (rep=0, index=462): {'Stimuli': None, 'Condition': None, 'corrAns': None}
18.0524 	EXP 	New trial (rep=0, index=463): {'Stimuli': None, 'Condition': None, 'corrAns': None}
18.0525 	EXP 	New trial (rep=0, index=464): {'Stimuli': None, 'Condition': None, 'corrAns': None}
18.0525 	EXP 	New trial (rep=0, index=465): {'Stimuli': None, 'Condition': None, 'corrAns': None}
18.0526 	EXP 	New trial (rep=0, index=466): {'Stimuli': None, 'Condition': None, 'corrAns': None}
18.0526 	EXP 	New trial (rep=0, index=467): {'Stimuli': None, 'Condition': None, 'corrAns': None}
18.0527 	EXP 	New trial (rep=0, index=468): {'Stimuli': None, 'Condition': None, 'corrAns': None}
18.0527 	EXP 	New trial (rep=0, index=469): {'Stimuli': None, 'Condition': None, 'corrAns': None}
18.0528 	EXP 	New trial (rep=0, index=470): {'Stimuli': None, 'Condition': None, 'corrAns': None}
18.0528 	EXP 	New trial (rep=0, index=471): {'Stimuli': None, 'Condition': None, 'corrAns': None}
18.0529 	EXP 	New trial (rep=0, index=472): {'Stimuli': None, 'Condition': None, 'corrAns': None}
18.0529 	EXP 	New trial (rep=0, index=473): {'Stimuli': None, 'Condition': None, 'corrAns': None}
18.0530 	EXP 	New trial (rep=0, index=474): {'Stimuli': None, 'Condition': None, 'corrAns': None}
18.0530 	EXP 	New trial (rep=0, index=475): {'Stimuli': None, 'Condition': None, 'corrAns': None}
18.0531 	EXP 	New trial (rep=0, index=476): {'Stimuli': None, 'Condition': None, 'corrAns': None}
18.0531 	EXP 	New trial (rep=0, index=477): {'Stimuli': None, 'Condition': None, 'corrAns': None}
18.0532 	EXP 	New trial (rep=0, index=478): {'Stimuli': None, 'Condition': None, 'corrAns': None}
18.0532 	EXP 	New trial (rep=0, index=479): {'Stimuli': None, 'Condition': None, 'corrAns': None}
18.0533 	EXP 	New trial (rep=0, index=480): {'Stimuli': None, 'Condition': None, 'corrAns': None}
18.0533 	EXP 	New trial (rep=0, index=481): {'Stimuli': None, 'Condition': None, 'corrAns': None}
18.0534 	EXP 	New trial (rep=0, index=482): {'Stimuli': None, 'Condition': None, 'corrAns': None}
18.0534 	EXP 	New trial (rep=0, index=483): {'Stimuli': None, 'Condition': None, 'corrAns': None}
18.0535 	EXP 	New trial (rep=0, index=484): {'Stimuli': None, 'Condition': None, 'corrAns': None}
18.0536 	EXP 	New trial (rep=0, index=485): {'Stimuli': None, 'Condition': None, 'corrAns': None}
18.0536 	EXP 	New trial (rep=0, index=486): {'Stimuli': None, 'Condition': None, 'corrAns': None}
18.0537 	EXP 	New trial (rep=0, index=487): {'Stimuli': None, 'Condition': None, 'corrAns': None}
18.0537 	EXP 	New trial (rep=0, index=488): {'Stimuli': None, 'Condition': None, 'corrAns': None}
18.0538 	EXP 	New trial (rep=0, index=489): {'Stimuli': None, 'Condition': None, 'corrAns': None}
18.0538 	EXP 	New trial (rep=0, index=490): {'Stimuli': None, 'Condition': None, 'corrAns': None}
18.0539 	EXP 	New trial (rep=0, index=491): {'Stimuli': None, 'Condition': None, 'corrAns': None}
18.0540 	EXP 	New trial (rep=0, index=492): {'Stimuli': None, 'Condition': None, 'corrAns': None}
18.0540 	EXP 	New trial (rep=0, index=493): {'Stimuli': None, 'Condition': None, 'corrAns': None}
18.0541 	EXP 	New trial (rep=0, index=494): {'Stimuli': None, 'Condition': None, 'corrAns': None}
18.0541 	EXP 	New trial (rep=0, index=495): {'Stimuli': None, 'Condition': None, 'corrAns': None}
18.0542 	EXP 	New trial (rep=0, index=496): {'Stimuli': None, 'Condition': None, 'corrAns': None}
18.0542 	EXP 	New trial (rep=0, index=497): {'Stimuli': None, 'Condition': None, 'corrAns': None}
18.0543 	EXP 	New trial (rep=0, index=498): {'Stimuli': None, 'Condition': None, 'corrAns': None}
18.0543 	EXP 	New trial (rep=0, index=499): {'Stimuli': None, 'Condition': None, 'corrAns': None}
18.0544 	EXP 	New trial (rep=0, index=500): {'Stimuli': None, 'Condition': None, 'corrAns': None}
18.0545 	EXP 	New trial (rep=0, index=501): {'Stimuli': None, 'Condition': None, 'corrAns': None}
18.0545 	EXP 	New trial (rep=0, index=502): {'Stimuli': None, 'Condition': None, 'corrAns': None}
18.0546 	EXP 	New trial (rep=0, index=503): {'Stimuli': None, 'Condition': None, 'corrAns': None}
18.0546 	EXP 	New trial (rep=0, index=504): {'Stimuli': None, 'Condition': None, 'corrAns': None}
18.0547 	EXP 	New trial (rep=0, index=505): {'Stimuli': None, 'Condition': None, 'corrAns': None}
18.0547 	EXP 	New trial (rep=0, index=506): {'Stimuli': None, 'Condition': None, 'corrAns': None}
18.0548 	EXP 	New trial (rep=0, index=507): {'Stimuli': None, 'Condition': None, 'corrAns': None}
18.0548 	EXP 	New trial (rep=0, index=508): {'Stimuli': None, 'Condition': None, 'corrAns': None}
18.0549 	EXP 	New trial (rep=0, index=509): {'Stimuli': None, 'Condition': None, 'corrAns': None}
18.0549 	EXP 	New trial (rep=0, index=510): {'Stimuli': None, 'Condition': None, 'corrAns': None}
18.0550 	EXP 	New trial (rep=0, index=511): {'Stimuli': None, 'Condition': None, 'corrAns': None}
18.0551 	EXP 	New trial (rep=0, index=512): {'Stimuli': None, 'Condition': None, 'corrAns': None}
18.0551 	EXP 	New trial (rep=0, index=513): {'Stimuli': None, 'Condition': None, 'corrAns': None}
18.0552 	EXP 	New trial (rep=0, index=514): {'Stimuli': None, 'Condition': None, 'corrAns': None}
18.0552 	EXP 	New trial (rep=0, index=515): {'Stimuli': None, 'Condition': None, 'corrAns': None}
18.0553 	EXP 	New trial (rep=0, index=516): {'Stimuli': None, 'Condition': None, 'corrAns': None}
18.0553 	EXP 	New trial (rep=0, index=517): {'Stimuli': None, 'Condition': None, 'corrAns': None}
18.0554 	EXP 	New trial (rep=0, index=518): {'Stimuli': None, 'Condition': None, 'corrAns': None}
18.0554 	EXP 	New trial (rep=0, index=519): {'Stimuli': None, 'Condition': None, 'corrAns': None}
18.0555 	EXP 	New trial (rep=0, index=520): {'Stimuli': None, 'Condition': None, 'corrAns': None}
18.0555 	EXP 	New trial (rep=0, index=521): {'Stimuli': None, 'Condition': None, 'corrAns': None}
18.0556 	EXP 	New trial (rep=0, index=522): {'Stimuli': None, 'Condition': None, 'corrAns': None}
18.0556 	EXP 	New trial (rep=0, index=523): {'Stimuli': None, 'Condition': None, 'corrAns': None}
18.0557 	EXP 	New trial (rep=0, index=524): {'Stimuli': None, 'Condition': None, 'corrAns': None}
18.0557 	EXP 	New trial (rep=0, index=525): {'Stimuli': None, 'Condition': None, 'corrAns': None}
18.0558 	EXP 	New trial (rep=0, index=526): {'Stimuli': None, 'Condition': None, 'corrAns': None}
18.0559 	EXP 	New trial (rep=0, index=527): {'Stimuli': None, 'Condition': None, 'corrAns': None}
18.0560 	EXP 	New trial (rep=0, index=528): {'Stimuli': None, 'Condition': None, 'corrAns': None}
18.0560 	EXP 	New trial (rep=0, index=529): {'Stimuli': None, 'Condition': None, 'corrAns': None}
18.0561 	EXP 	New trial (rep=0, index=530): {'Stimuli': None, 'Condition': None, 'corrAns': None}
18.0562 	EXP 	New trial (rep=0, index=531): {'Stimuli': None, 'Condition': None, 'corrAns': None}
18.0562 	EXP 	New trial (rep=0, index=532): {'Stimuli': None, 'Condition': None, 'corrAns': None}
18.0563 	EXP 	New trial (rep=0, index=533): {'Stimuli': None, 'Condition': None, 'corrAns': None}
18.0564 	EXP 	New trial (rep=0, index=534): {'Stimuli': None, 'Condition': None, 'corrAns': None}
18.0565 	EXP 	New trial (rep=0, index=535): {'Stimuli': None, 'Condition': None, 'corrAns': None}
18.0565 	EXP 	New trial (rep=0, index=536): {'Stimuli': None, 'Condition': None, 'corrAns': None}
18.0566 	EXP 	New trial (rep=0, index=537): {'Stimuli': None, 'Condition': None, 'corrAns': None}
18.0566 	EXP 	New trial (rep=0, index=538): {'Stimuli': None, 'Condition': None, 'corrAns': None}
18.0567 	EXP 	New trial (rep=0, index=539): {'Stimuli': None, 'Condition': None, 'corrAns': None}
18.0567 	EXP 	New trial (rep=0, index=540): {'Stimuli': None, 'Condition': None, 'corrAns': None}
18.0568 	EXP 	New trial (rep=0, index=541): {'Stimuli': None, 'Condition': None, 'corrAns': None}
18.0568 	EXP 	New trial (rep=0, index=542): {'Stimuli': None, 'Condition': None, 'corrAns': None}
18.0569 	EXP 	New trial (rep=0, index=543): {'Stimuli': None, 'Condition': None, 'corrAns': None}
18.0569 	EXP 	New trial (rep=0, index=544): {'Stimuli': None, 'Condition': None, 'corrAns': None}
18.0570 	EXP 	New trial (rep=0, index=545): {'Stimuli': None, 'Condition': None, 'corrAns': None}
18.0571 	EXP 	New trial (rep=0, index=546): {'Stimuli': None, 'Condition': None, 'corrAns': None}
18.0571 	EXP 	New trial (rep=0, index=547): {'Stimuli': None, 'Condition': None, 'corrAns': None}
18.0572 	EXP 	New trial (rep=0, index=548): {'Stimuli': None, 'Condition': None, 'corrAns': None}
18.0572 	EXP 	New trial (rep=0, index=549): {'Stimuli': None, 'Condition': None, 'corrAns': None}
18.0573 	EXP 	New trial (rep=0, index=550): {'Stimuli': None, 'Condition': None, 'corrAns': None}
18.0573 	EXP 	New trial (rep=0, index=551): {'Stimuli': None, 'Condition': None, 'corrAns': None}
18.0574 	EXP 	New trial (rep=0, index=552): {'Stimuli': None, 'Condition': None, 'corrAns': None}
18.0574 	EXP 	New trial (rep=0, index=553): {'Stimuli': None, 'Condition': None, 'corrAns': None}
18.0575 	EXP 	New trial (rep=0, index=554): {'Stimuli': None, 'Condition': None, 'corrAns': None}
18.0575 	EXP 	New trial (rep=0, index=555): {'Stimuli': None, 'Condition': None, 'corrAns': None}
18.0576 	EXP 	New trial (rep=0, index=556): {'Stimuli': None, 'Condition': None, 'corrAns': None}
18.0576 	EXP 	New trial (rep=0, index=557): {'Stimuli': None, 'Condition': None, 'corrAns': None}
18.0577 	EXP 	New trial (rep=0, index=558): {'Stimuli': None, 'Condition': None, 'corrAns': None}
18.0577 	EXP 	New trial (rep=0, index=559): {'Stimuli': None, 'Condition': None, 'corrAns': None}
18.0578 	EXP 	New trial (rep=0, index=560): {'Stimuli': None, 'Condition': None, 'corrAns': None}
18.0579 	EXP 	New trial (rep=0, index=561): {'Stimuli': None, 'Condition': None, 'corrAns': None}
18.0579 	EXP 	New trial (rep=0, index=562): {'Stimuli': None, 'Condition': None, 'corrAns': None}
18.0580 	EXP 	New trial (rep=0, index=563): {'Stimuli': None, 'Condition': None, 'corrAns': None}
18.0580 	EXP 	New trial (rep=0, index=564): {'Stimuli': None, 'Condition': None, 'corrAns': None}
18.0581 	EXP 	New trial (rep=0, index=565): {'Stimuli': None, 'Condition': None, 'corrAns': None}
18.0581 	EXP 	New trial (rep=0, index=566): {'Stimuli': None, 'Condition': None, 'corrAns': None}
18.0582 	EXP 	New trial (rep=0, index=567): {'Stimuli': None, 'Condition': None, 'corrAns': None}
18.0582 	EXP 	New trial (rep=0, index=568): {'Stimuli': None, 'Condition': None, 'corrAns': None}
18.0583 	EXP 	New trial (rep=0, index=569): {'Stimuli': None, 'Condition': None, 'corrAns': None}
18.0583 	EXP 	New trial (rep=0, index=570): {'Stimuli': None, 'Condition': None, 'corrAns': None}
18.0584 	EXP 	New trial (rep=0, index=571): {'Stimuli': None, 'Condition': None, 'corrAns': None}
18.0584 	EXP 	New trial (rep=0, index=572): {'Stimuli': None, 'Condition': None, 'corrAns': None}
18.0585 	EXP 	New trial (rep=0, index=573): {'Stimuli': None, 'Condition': None, 'corrAns': None}
18.0585 	EXP 	New trial (rep=0, index=574): {'Stimuli': None, 'Condition': None, 'corrAns': None}
18.0586 	EXP 	New trial (rep=0, index=575): {'Stimuli': None, 'Condition': None, 'corrAns': None}
18.0586 	EXP 	New trial (rep=0, index=576): {'Stimuli': None, 'Condition': None, 'corrAns': None}
18.0587 	EXP 	New trial (rep=0, index=577): {'Stimuli': None, 'Condition': None, 'corrAns': None}
18.0587 	EXP 	New trial (rep=0, index=578): {'Stimuli': None, 'Condition': None, 'corrAns': None}
18.0588 	EXP 	New trial (rep=0, index=579): {'Stimuli': None, 'Condition': None, 'corrAns': None}
18.0588 	EXP 	New trial (rep=0, index=580): {'Stimuli': None, 'Condition': None, 'corrAns': None}
18.0589 	EXP 	New trial (rep=0, index=581): {'Stimuli': None, 'Condition': None, 'corrAns': None}
18.0589 	EXP 	New trial (rep=0, index=582): {'Stimuli': None, 'Condition': None, 'corrAns': None}
18.0590 	EXP 	New trial (rep=0, index=583): {'Stimuli': None, 'Condition': None, 'corrAns': None}
18.0591 	EXP 	New trial (rep=0, index=584): {'Stimuli': None, 'Condition': None, 'corrAns': None}
18.0591 	EXP 	New trial (rep=0, index=585): {'Stimuli': None, 'Condition': None, 'corrAns': None}
18.0592 	EXP 	New trial (rep=0, index=586): {'Stimuli': None, 'Condition': None, 'corrAns': None}
18.0592 	EXP 	New trial (rep=0, index=587): {'Stimuli': None, 'Condition': None, 'corrAns': None}
18.0593 	EXP 	New trial (rep=0, index=588): {'Stimuli': None, 'Condition': None, 'corrAns': None}
18.0593 	EXP 	New trial (rep=0, index=589): {'Stimuli': None, 'Condition': None, 'corrAns': None}
18.0594 	EXP 	New trial (rep=0, index=590): {'Stimuli': None, 'Condition': None, 'corrAns': None}
18.0594 	EXP 	New trial (rep=0, index=591): {'Stimuli': None, 'Condition': None, 'corrAns': None}
18.0595 	EXP 	New trial (rep=0, index=592): {'Stimuli': None, 'Condition': None, 'corrAns': None}
18.0595 	EXP 	New trial (rep=0, index=593): {'Stimuli': None, 'Condition': None, 'corrAns': None}
18.0596 	EXP 	New trial (rep=0, index=594): {'Stimuli': None, 'Condition': None, 'corrAns': None}
18.0596 	EXP 	New trial (rep=0, index=595): {'Stimuli': None, 'Condition': None, 'corrAns': None}
18.0597 	EXP 	New trial (rep=0, index=596): {'Stimuli': None, 'Condition': None, 'corrAns': None}
18.0640 	EXP 	image_2: autoDraw = False
18.0640 	EXP 	imagePres: autoDraw = False
18.0640 	EXP 	image_2: autoDraw = False
18.0640 	EXP 	imagePres: autoDraw = False
18.0640 	EXP 	text_2: autoDraw = True
18.0640 	EXP 	image_3: autoDraw = True
27.0707 	EXP 	window1: mouseVisible = True
