1.1455 	WARNING 	Speech-to-text recognition module not available (use command `pip install SpeechRecognition` to get it. Transcription will be unavailable.
1.3372 	WARNING 	We strongly recommend you activate the PTB sound engine in PsychoPy prefs as the preferred audio engine. Its timing is vastly superior. Your prefs are currently set to use ['sounddevice', 'PTB', 'pyo', 'pygame'] (in that order).
9.9002 	WARNING 	User requested fullscreen with size [1440  900], but screen is actually [1920, 1200]. Using actual size
10.6238 	EXP 	Created window1 = Window(allowGUI=False, allowStencil=False, autoLog=True, backendConf=UNKNOWN, bitsMode=UNKNOWN, blendMode='avg', bpc=(8, 8, 8), color=array([0, 0, 0]), colorSpace='rgb', depthBits=8, fullscr=<method-wrapper '__getattribute__' of attributeSetter object at 0x7f0d76c40c70>, gamma=None, gammaErrorPolicy='raise', lms=UNKNOWN, monitor=<psychopy.monitors.calibTools.Monitor object at 0x7f0d55546340>, multiSample=False, name='window1', numSamples=2, pos=[0.0, 0.0], screen=0, size=array([1920, 1200]), stencilBits=0, stereo=False, units='norm', useFBO=True, useRetina=False, viewOri=0.0, viewPos=None, viewScale=None, waitBlanking=True, winType='pyglet')
10.6238 	EXP 	window1: mouseVisible = True
10.6239 	EXP 	window1: recordFrameIntervals = False
10.7898 	EXP 	window1: recordFrameIntervals = True
10.9738 	EXP 	window1: recordFrameIntervals = False
10.9755 	EXP 	Created image = ImageStim(__class__=<class 'psychopy.visual.image.ImageStim'>, autoLog=True, color=array([1., 1., 1.]), colorSpace='rgb', contrast=1.0, depth=0.0, flipHoriz=False, flipVert=False, image=None, interpolate=True, mask=None, maskParams=None, name='image', opacity=1, ori=0.0, pos=array([0., 0.]), size=array([10., 10.]), texRes=128, units='norm', win=Window(...))
10.9762 	EXP 	Created image_2 = ImageStim(__class__=<class 'psychopy.visual.image.ImageStim'>, autoLog=True, color=array([1., 1., 1.]), colorSpace='rgb', contrast=1.0, depth=-1.0, flipHoriz=False, flipVert=False, image=None, interpolate=True, mask=None, maskParams=None, name='image_2', opacity=1, ori=0.0, pos=array([0., 0.]), size=array([10., 10.]), texRes=128, units='norm', win=Window(...))
10.9792 	EXP 	Created imagePres = ImageStim(__class__=<class 'psychopy.visual.image.ImageStim'>, autoLog=True, color=array([1., 1., 1.]), colorSpace='rgb', contrast=1.0, depth=-2.0, flipHoriz=False, flipVert=False, image='sin', interpolate=True, mask=None, maskParams=None, name='imagePres', opacity=1, ori=0.0, pos=array([0., 0.]), size=array([1., 1.]), texRes=128, units='norm', win=Window(...))
11.0764 	EXP 	Created text_2 = TextStim(__class__=<class 'psychopy.visual.text.TextStim'>, alignHoriz=method-wrapper(...), alignText='center', alignVert=method-wrapper(...), anchorHoriz='center', anchorVert='center', antialias=True, autoLog=True, bold=False, color=array([-1., -1., -1.]), colorSpace='rgb', contrast=1.0, depth=0.0, flipHoriz=False, flipVert=False, font='Arial', fontFiles=[], height=0.1, italic=False, languageStyle='LTR', name='text_2', opacity=1, ori=0, pos=array([0., 0.]), rgb=UNKNOWN, text='Thanks!', units='norm', win=Window(...), wrapWidth=1)
11.0775 	EXP 	Created image_3 = ImageStim(__class__=<class 'psychopy.visual.image.ImageStim'>, autoLog=True, color=array([1., 1., 1.]), colorSpace='rgb', contrast=1.0, depth=-2.0, flipHoriz=False, flipVert=False, image=None, interpolate=True, mask=None, maskParams=None, name='image_3', opacity=1, ori=0.0, pos=array([0., 0.]), size=array([10., 10.]), texRes=128, units='norm', win=Window(...))
11.0823 	EXP 	Created unnamed TextStim = TextStim(__class__=<class 'psychopy.visual.text.TextStim'>, alignHoriz=method-wrapper(...), alignText='center', alignVert=method-wrapper(...), anchorHoriz='center', anchorVert='center', antialias=True, autoLog=True, bold=False, color=array([0.5, 0.5, 0.5]), colorSpace='rgb', contrast=1.0, depth=0, flipHoriz=False, flipVert=False, font='', fontFiles=[], height=0.05, italic=False, languageStyle='LTR', name='unnamed TextStim', opacity=1.0, ori=0.0, pos=array([0., 0.]), rgb=UNKNOWN, text='Hello World', units='norm', win=Window(...), wrapWidth=1)
11.0823 	EXP 	launchScan: vol: 5  TR: 2.000s  skip: 0  sync: 't'
11.0894 	EXP 	window1: mouseVisible = True
11.1234 	EXP 	unnamed RatingScale: flipVert = False
14.6928 	DATA 	Mouse: Left button down, pos=(1211,695)
14.7966 	DATA 	Mouse:  Left button up, pos=(1211,695)
15.7114 	DATA 	Keypress: return
15.7271 	EXP 	window1: mouseVisible = False
15.7438 	DATA 	EmulatedKey: t
15.7439 	EXP 	launchScan: start of scan
15.7767 	EXP 	unnamed TextStim: text = '0 volumes\n0.000 seconds'
17.7438 	DATA 	EmulatedKey: t
17.8040 	EXP 	Imported ./runOne.xlsx as conditions, 597 conditions, 3 params
17.8085 	EXP 	Created sequence: sequential, trialTypes=597, nReps=1, seed=None
17.8091 	EXP 	New trial (rep=0, index=0): {'Stimuli': '7_1_5.png', 'Condition': 'bee', 'corrAns': None}
17.8338 	EXP 	window1: recordFrameIntervals = False
17.8454 	EXP 	image: autoDraw = False
17.8454 	EXP 	imagePres: pos = array([0., 0.])
17.8454 	EXP 	imagePres: image = '../img/7_1_5.png'
17.8454 	EXP 	image_2: autoDraw = True
17.8454 	EXP 	imagePres: autoDraw = True
17.8458 	EXP 	window1: recordFrameIntervals = False
18.7635 	EXP 	New trial (rep=0, index=1): {'Stimuli': '7_1_8.png', 'Condition': 'bee', 'corrAns': None}
18.7809 	EXP 	window1: recordFrameIntervals = False
18.7961 	EXP 	image_2: autoDraw = False
18.7961 	EXP 	imagePres: autoDraw = False
18.7961 	EXP 	image_2: autoDraw = False
18.7961 	EXP 	imagePres: autoDraw = False
18.7961 	EXP 	imagePres: pos = array([0., 0.])
18.7961 	EXP 	imagePres: image = '../img/7_1_8.png'
18.7961 	EXP 	image_2: autoDraw = True
18.7961 	EXP 	imagePres: autoDraw = True
18.7968 	EXP 	window1: recordFrameIntervals = False
19.7194 	EXP 	New trial (rep=0, index=2): {'Stimuli': '7_1_2.png', 'Condition': 'bee', 'corrAns': None}
19.7437 	DATA 	EmulatedKey: t
19.7591 	EXP 	window1: recordFrameIntervals = False
19.7802 	EXP 	image_2: autoDraw = False
19.7802 	EXP 	imagePres: autoDraw = False
19.7802 	EXP 	image_2: autoDraw = False
19.7802 	EXP 	imagePres: autoDraw = False
19.7802 	EXP 	imagePres: pos = array([0., 0.])
19.7802 	EXP 	imagePres: image = '../img/7_1_2.png'
19.7802 	EXP 	image_2: autoDraw = True
19.7802 	EXP 	imagePres: autoDraw = True
19.7805 	EXP 	window1: recordFrameIntervals = False
20.6815 	EXP 	New trial (rep=0, index=3): {'Stimuli': '7_1_12.png', 'Condition': 'bee', 'corrAns': None}
20.7051 	EXP 	window1: recordFrameIntervals = False
20.7142 	EXP 	image_2: autoDraw = False
20.7142 	EXP 	imagePres: autoDraw = False
20.7142 	EXP 	imagePres: pos = array([0., 0.])
20.7142 	EXP 	imagePres: image = '../img/7_1_12.png'
20.7142 	EXP 	image_2: autoDraw = True
20.7142 	EXP 	imagePres: autoDraw = True
20.7145 	EXP 	window1: recordFrameIntervals = False
21.6322 	EXP 	New trial (rep=0, index=4): {'Stimuli': '36_1_4.png', 'Condition': 'key', 'corrAns': 'right'}
21.6529 	EXP 	window1: recordFrameIntervals = False
21.6650 	EXP 	image_2: autoDraw = False
21.6650 	EXP 	imagePres: autoDraw = False
21.6650 	EXP 	image_2: autoDraw = False
21.6650 	EXP 	imagePres: autoDraw = False
21.6650 	EXP 	imagePres: pos = array([0., 0.])
21.6650 	EXP 	imagePres: image = '../img/36_1_4.png'
21.6650 	EXP 	image_2: autoDraw = True
21.6650 	EXP 	imagePres: autoDraw = True
21.6654 	EXP 	window1: recordFrameIntervals = False
21.7438 	DATA 	EmulatedKey: t
22.5825 	EXP 	New trial (rep=0, index=5): {'Stimuli': '36_1_7.png', 'Condition': 'key', 'corrAns': None}
22.5981 	EXP 	window1: recordFrameIntervals = False
22.6159 	EXP 	image_2: autoDraw = False
22.6159 	EXP 	imagePres: autoDraw = False
22.6159 	EXP 	image_2: autoDraw = False
22.6159 	EXP 	imagePres: autoDraw = False
22.6159 	EXP 	imagePres: pos = array([0., 0.])
22.6159 	EXP 	imagePres: image = '../img/36_1_7.png'
22.6159 	EXP 	image_2: autoDraw = True
22.6159 	EXP 	imagePres: autoDraw = True
22.6168 	EXP 	window1: recordFrameIntervals = False
23.5334 	EXP 	New trial (rep=0, index=6): {'Stimuli': '36_1_11.png', 'Condition': 'key', 'corrAns': None}
23.5503 	EXP 	window1: recordFrameIntervals = False
23.5664 	EXP 	image_2: autoDraw = False
23.5664 	EXP 	imagePres: autoDraw = False
23.5664 	EXP 	image_2: autoDraw = False
23.5664 	EXP 	imagePres: autoDraw = False
23.5664 	EXP 	imagePres: pos = array([0., 0.])
23.5664 	EXP 	imagePres: image = '../img/36_1_11.png'
23.5664 	EXP 	image_2: autoDraw = True
23.5664 	EXP 	imagePres: autoDraw = True
23.5667 	EXP 	window1: recordFrameIntervals = False
23.7438 	DATA 	EmulatedKey: t
24.5213 	EXP 	New trial (rep=0, index=7): {'Stimuli': '36_1_14.png', 'Condition': 'key', 'corrAns': None}
24.5351 	EXP 	window1: recordFrameIntervals = False
24.5543 	EXP 	image_2: autoDraw = False
24.5543 	EXP 	imagePres: autoDraw = False
24.5543 	EXP 	imagePres: pos = array([0., 0.])
24.5543 	EXP 	imagePres: image = '../img/36_1_14.png'
24.5543 	EXP 	image_2: autoDraw = True
24.5543 	EXP 	imagePres: autoDraw = True
24.5547 	EXP 	window1: recordFrameIntervals = False
25.4849 	EXP 	New trial (rep=0, index=8): {'Stimuli': '36_1_5.png', 'Condition': 'key', 'corrAns': None}
25.5103 	EXP 	window1: recordFrameIntervals = False
25.5179 	EXP 	image_2: autoDraw = False
25.5179 	EXP 	imagePres: autoDraw = False
25.5179 	EXP 	imagePres: pos = array([0., 0.])
25.5179 	EXP 	imagePres: image = '../img/36_1_5.png'
25.5179 	EXP 	image_2: autoDraw = True
25.5179 	EXP 	imagePres: autoDraw = True
25.5182 	EXP 	window1: recordFrameIntervals = False
26.4357 	EXP 	New trial (rep=0, index=9): {'Stimuli': '36_1_2.png', 'Condition': 'key', 'corrAns': None}
26.4651 	EXP 	window1: recordFrameIntervals = False
26.4853 	EXP 	image_2: autoDraw = False
26.4853 	EXP 	imagePres: autoDraw = False
26.4853 	EXP 	image_2: autoDraw = False
26.4853 	EXP 	imagePres: autoDraw = False
26.4853 	EXP 	imagePres: pos = array([0., 0.])
26.4853 	EXP 	imagePres: image = '../img/36_1_2.png'
26.4853 	EXP 	image_2: autoDraw = True
26.4853 	EXP 	imagePres: autoDraw = True
26.4857 	EXP 	window1: recordFrameIntervals = False
27.3863 	EXP 	New trial (rep=0, index=10): {'Stimuli': None, 'Condition': None, 'corrAns': None}
27.3864 	EXP 	New trial (rep=0, index=11): {'Stimuli': None, 'Condition': None, 'corrAns': None}
27.3864 	EXP 	New trial (rep=0, index=12): {'Stimuli': None, 'Condition': None, 'corrAns': None}
27.3865 	EXP 	New trial (rep=0, index=13): {'Stimuli': None, 'Condition': None, 'corrAns': None}
27.3866 	EXP 	New trial (rep=0, index=14): {'Stimuli': None, 'Condition': None, 'corrAns': None}
27.3866 	EXP 	New trial (rep=0, index=15): {'Stimuli': None, 'Condition': None, 'corrAns': None}
27.3867 	EXP 	New trial (rep=0, index=16): {'Stimuli': None, 'Condition': None, 'corrAns': None}
27.3871 	EXP 	New trial (rep=0, index=17): {'Stimuli': None, 'Condition': None, 'corrAns': None}
27.3874 	EXP 	New trial (rep=0, index=18): {'Stimuli': None, 'Condition': None, 'corrAns': None}
27.3876 	EXP 	New trial (rep=0, index=19): {'Stimuli': None, 'Condition': None, 'corrAns': None}
27.3880 	EXP 	New trial (rep=0, index=20): {'Stimuli': None, 'Condition': None, 'corrAns': None}
27.3886 	EXP 	New trial (rep=0, index=21): {'Stimuli': None, 'Condition': None, 'corrAns': None}
27.3887 	EXP 	New trial (rep=0, index=22): {'Stimuli': None, 'Condition': None, 'corrAns': None}
27.3887 	EXP 	New trial (rep=0, index=23): {'Stimuli': None, 'Condition': None, 'corrAns': None}
27.3888 	EXP 	New trial (rep=0, index=24): {'Stimuli': None, 'Condition': None, 'corrAns': None}
27.3889 	EXP 	New trial (rep=0, index=25): {'Stimuli': None, 'Condition': None, 'corrAns': None}
27.3889 	EXP 	New trial (rep=0, index=26): {'Stimuli': None, 'Condition': None, 'corrAns': None}
27.3890 	EXP 	New trial (rep=0, index=27): {'Stimuli': None, 'Condition': None, 'corrAns': None}
27.3891 	EXP 	New trial (rep=0, index=28): {'Stimuli': None, 'Condition': None, 'corrAns': None}
27.3891 	EXP 	New trial (rep=0, index=29): {'Stimuli': None, 'Condition': None, 'corrAns': None}
27.3892 	EXP 	New trial (rep=0, index=30): {'Stimuli': None, 'Condition': None, 'corrAns': None}
27.3893 	EXP 	New trial (rep=0, index=31): {'Stimuli': None, 'Condition': None, 'corrAns': None}
27.3893 	EXP 	New trial (rep=0, index=32): {'Stimuli': None, 'Condition': None, 'corrAns': None}
27.3894 	EXP 	New trial (rep=0, index=33): {'Stimuli': None, 'Condition': None, 'corrAns': None}
27.3894 	EXP 	New trial (rep=0, index=34): {'Stimuli': None, 'Condition': None, 'corrAns': None}
27.3895 	EXP 	New trial (rep=0, index=35): {'Stimuli': None, 'Condition': None, 'corrAns': None}
27.3896 	EXP 	New trial (rep=0, index=36): {'Stimuli': None, 'Condition': None, 'corrAns': None}
27.3896 	EXP 	New trial (rep=0, index=37): {'Stimuli': None, 'Condition': None, 'corrAns': None}
27.3897 	EXP 	New trial (rep=0, index=38): {'Stimuli': None, 'Condition': None, 'corrAns': None}
27.3898 	EXP 	New trial (rep=0, index=39): {'Stimuli': None, 'Condition': None, 'corrAns': None}
27.3898 	EXP 	New trial (rep=0, index=40): {'Stimuli': None, 'Condition': None, 'corrAns': None}
27.3899 	EXP 	New trial (rep=0, index=41): {'Stimuli': None, 'Condition': None, 'corrAns': None}
27.3900 	EXP 	New trial (rep=0, index=42): {'Stimuli': None, 'Condition': None, 'corrAns': None}
27.3901 	EXP 	New trial (rep=0, index=43): {'Stimuli': None, 'Condition': None, 'corrAns': None}
27.3901 	EXP 	New trial (rep=0, index=44): {'Stimuli': None, 'Condition': None, 'corrAns': None}
27.3902 	EXP 	New trial (rep=0, index=45): {'Stimuli': None, 'Condition': None, 'corrAns': None}
27.3903 	EXP 	New trial (rep=0, index=46): {'Stimuli': None, 'Condition': None, 'corrAns': None}
27.3903 	EXP 	New trial (rep=0, index=47): {'Stimuli': None, 'Condition': None, 'corrAns': None}
27.3904 	EXP 	New trial (rep=0, index=48): {'Stimuli': None, 'Condition': None, 'corrAns': None}
27.3905 	EXP 	New trial (rep=0, index=49): {'Stimuli': None, 'Condition': None, 'corrAns': None}
27.3905 	EXP 	New trial (rep=0, index=50): {'Stimuli': None, 'Condition': None, 'corrAns': None}
27.3906 	EXP 	New trial (rep=0, index=51): {'Stimuli': None, 'Condition': None, 'corrAns': None}
27.3907 	EXP 	New trial (rep=0, index=52): {'Stimuli': None, 'Condition': None, 'corrAns': None}
27.3907 	EXP 	New trial (rep=0, index=53): {'Stimuli': None, 'Condition': None, 'corrAns': None}
27.3908 	EXP 	New trial (rep=0, index=54): {'Stimuli': None, 'Condition': None, 'corrAns': None}
27.3909 	EXP 	New trial (rep=0, index=55): {'Stimuli': None, 'Condition': None, 'corrAns': None}
27.3909 	EXP 	New trial (rep=0, index=56): {'Stimuli': None, 'Condition': None, 'corrAns': None}
27.3910 	EXP 	New trial (rep=0, index=57): {'Stimuli': None, 'Condition': None, 'corrAns': None}
27.3911 	EXP 	New trial (rep=0, index=58): {'Stimuli': None, 'Condition': None, 'corrAns': None}
27.3912 	EXP 	New trial (rep=0, index=59): {'Stimuli': None, 'Condition': None, 'corrAns': None}
27.3913 	EXP 	New trial (rep=0, index=60): {'Stimuli': None, 'Condition': None, 'corrAns': None}
27.3914 	EXP 	New trial (rep=0, index=61): {'Stimuli': None, 'Condition': None, 'corrAns': None}
27.3915 	EXP 	New trial (rep=0, index=62): {'Stimuli': None, 'Condition': None, 'corrAns': None}
27.3916 	EXP 	New trial (rep=0, index=63): {'Stimuli': None, 'Condition': None, 'corrAns': None}
27.3918 	EXP 	New trial (rep=0, index=64): {'Stimuli': None, 'Condition': None, 'corrAns': None}
27.3919 	EXP 	New trial (rep=0, index=65): {'Stimuli': None, 'Condition': None, 'corrAns': None}
27.3921 	EXP 	New trial (rep=0, index=66): {'Stimuli': None, 'Condition': None, 'corrAns': None}
27.3921 	EXP 	New trial (rep=0, index=67): {'Stimuli': None, 'Condition': None, 'corrAns': None}
27.3922 	EXP 	New trial (rep=0, index=68): {'Stimuli': None, 'Condition': None, 'corrAns': None}
27.3923 	EXP 	New trial (rep=0, index=69): {'Stimuli': None, 'Condition': None, 'corrAns': None}
27.3924 	EXP 	New trial (rep=0, index=70): {'Stimuli': None, 'Condition': None, 'corrAns': None}
27.3924 	EXP 	New trial (rep=0, index=71): {'Stimuli': None, 'Condition': None, 'corrAns': None}
27.3925 	EXP 	New trial (rep=0, index=72): {'Stimuli': None, 'Condition': None, 'corrAns': None}
27.3926 	EXP 	New trial (rep=0, index=73): {'Stimuli': None, 'Condition': None, 'corrAns': None}
27.3926 	EXP 	New trial (rep=0, index=74): {'Stimuli': None, 'Condition': None, 'corrAns': None}
27.3927 	EXP 	New trial (rep=0, index=75): {'Stimuli': None, 'Condition': None, 'corrAns': None}
27.3928 	EXP 	New trial (rep=0, index=76): {'Stimuli': None, 'Condition': None, 'corrAns': None}
27.3928 	EXP 	New trial (rep=0, index=77): {'Stimuli': None, 'Condition': None, 'corrAns': None}
27.3929 	EXP 	New trial (rep=0, index=78): {'Stimuli': None, 'Condition': None, 'corrAns': None}
27.3930 	EXP 	New trial (rep=0, index=79): {'Stimuli': None, 'Condition': None, 'corrAns': None}
27.3930 	EXP 	New trial (rep=0, index=80): {'Stimuli': None, 'Condition': None, 'corrAns': None}
27.3931 	EXP 	New trial (rep=0, index=81): {'Stimuli': None, 'Condition': None, 'corrAns': None}
27.3932 	EXP 	New trial (rep=0, index=82): {'Stimuli': None, 'Condition': None, 'corrAns': None}
27.3932 	EXP 	New trial (rep=0, index=83): {'Stimuli': None, 'Condition': None, 'corrAns': None}
27.3933 	EXP 	New trial (rep=0, index=84): {'Stimuli': None, 'Condition': None, 'corrAns': None}
27.3934 	EXP 	New trial (rep=0, index=85): {'Stimuli': None, 'Condition': None, 'corrAns': None}
27.3934 	EXP 	New trial (rep=0, index=86): {'Stimuli': None, 'Condition': None, 'corrAns': None}
27.3935 	EXP 	New trial (rep=0, index=87): {'Stimuli': None, 'Condition': None, 'corrAns': None}
27.3935 	EXP 	New trial (rep=0, index=88): {'Stimuli': None, 'Condition': None, 'corrAns': None}
27.3936 	EXP 	New trial (rep=0, index=89): {'Stimuli': None, 'Condition': None, 'corrAns': None}
27.3937 	EXP 	New trial (rep=0, index=90): {'Stimuli': None, 'Condition': None, 'corrAns': None}
27.3937 	EXP 	New trial (rep=0, index=91): {'Stimuli': None, 'Condition': None, 'corrAns': None}
27.3938 	EXP 	New trial (rep=0, index=92): {'Stimuli': None, 'Condition': None, 'corrAns': None}
27.3939 	EXP 	New trial (rep=0, index=93): {'Stimuli': None, 'Condition': None, 'corrAns': None}
27.3939 	EXP 	New trial (rep=0, index=94): {'Stimuli': None, 'Condition': None, 'corrAns': None}
27.3940 	EXP 	New trial (rep=0, index=95): {'Stimuli': None, 'Condition': None, 'corrAns': None}
27.3941 	EXP 	New trial (rep=0, index=96): {'Stimuli': None, 'Condition': None, 'corrAns': None}
27.3941 	EXP 	New trial (rep=0, index=97): {'Stimuli': None, 'Condition': None, 'corrAns': None}
27.3942 	EXP 	New trial (rep=0, index=98): {'Stimuli': None, 'Condition': None, 'corrAns': None}
27.3942 	EXP 	New trial (rep=0, index=99): {'Stimuli': None, 'Condition': None, 'corrAns': None}
27.3943 	EXP 	New trial (rep=0, index=100): {'Stimuli': None, 'Condition': None, 'corrAns': None}
27.3944 	EXP 	New trial (rep=0, index=101): {'Stimuli': None, 'Condition': None, 'corrAns': None}
27.3944 	EXP 	New trial (rep=0, index=102): {'Stimuli': None, 'Condition': None, 'corrAns': None}
27.3945 	EXP 	New trial (rep=0, index=103): {'Stimuli': None, 'Condition': None, 'corrAns': None}
27.3946 	EXP 	New trial (rep=0, index=104): {'Stimuli': None, 'Condition': None, 'corrAns': None}
27.3946 	EXP 	New trial (rep=0, index=105): {'Stimuli': None, 'Condition': None, 'corrAns': None}
27.3947 	EXP 	New trial (rep=0, index=106): {'Stimuli': None, 'Condition': None, 'corrAns': None}
27.3947 	EXP 	New trial (rep=0, index=107): {'Stimuli': None, 'Condition': None, 'corrAns': None}
27.3948 	EXP 	New trial (rep=0, index=108): {'Stimuli': None, 'Condition': None, 'corrAns': None}
27.3949 	EXP 	New trial (rep=0, index=109): {'Stimuli': None, 'Condition': None, 'corrAns': None}
27.3949 	EXP 	New trial (rep=0, index=110): {'Stimuli': None, 'Condition': None, 'corrAns': None}
27.3950 	EXP 	New trial (rep=0, index=111): {'Stimuli': None, 'Condition': None, 'corrAns': None}
27.3951 	EXP 	New trial (rep=0, index=112): {'Stimuli': None, 'Condition': None, 'corrAns': None}
27.3951 	EXP 	New trial (rep=0, index=113): {'Stimuli': None, 'Condition': None, 'corrAns': None}
27.3952 	EXP 	New trial (rep=0, index=114): {'Stimuli': None, 'Condition': None, 'corrAns': None}
27.3953 	EXP 	New trial (rep=0, index=115): {'Stimuli': None, 'Condition': None, 'corrAns': None}
27.3953 	EXP 	New trial (rep=0, index=116): {'Stimuli': None, 'Condition': None, 'corrAns': None}
27.3954 	EXP 	New trial (rep=0, index=117): {'Stimuli': None, 'Condition': None, 'corrAns': None}
27.3954 	EXP 	New trial (rep=0, index=118): {'Stimuli': None, 'Condition': None, 'corrAns': None}
27.3955 	EXP 	New trial (rep=0, index=119): {'Stimuli': None, 'Condition': None, 'corrAns': None}
27.3956 	EXP 	New trial (rep=0, index=120): {'Stimuli': None, 'Condition': None, 'corrAns': None}
27.3956 	EXP 	New trial (rep=0, index=121): {'Stimuli': None, 'Condition': None, 'corrAns': None}
27.3957 	EXP 	New trial (rep=0, index=122): {'Stimuli': None, 'Condition': None, 'corrAns': None}
27.3958 	EXP 	New trial (rep=0, index=123): {'Stimuli': None, 'Condition': None, 'corrAns': None}
27.3958 	EXP 	New trial (rep=0, index=124): {'Stimuli': None, 'Condition': None, 'corrAns': None}
27.3959 	EXP 	New trial (rep=0, index=125): {'Stimuli': None, 'Condition': None, 'corrAns': None}
27.3960 	EXP 	New trial (rep=0, index=126): {'Stimuli': None, 'Condition': None, 'corrAns': None}
27.3960 	EXP 	New trial (rep=0, index=127): {'Stimuli': None, 'Condition': None, 'corrAns': None}
27.3961 	EXP 	New trial (rep=0, index=128): {'Stimuli': None, 'Condition': None, 'corrAns': None}
27.3962 	EXP 	New trial (rep=0, index=129): {'Stimuli': None, 'Condition': None, 'corrAns': None}
27.3962 	EXP 	New trial (rep=0, index=130): {'Stimuli': None, 'Condition': None, 'corrAns': None}
27.3963 	EXP 	New trial (rep=0, index=131): {'Stimuli': None, 'Condition': None, 'corrAns': None}
27.3963 	EXP 	New trial (rep=0, index=132): {'Stimuli': None, 'Condition': None, 'corrAns': None}
27.3964 	EXP 	New trial (rep=0, index=133): {'Stimuli': None, 'Condition': None, 'corrAns': None}
27.3965 	EXP 	New trial (rep=0, index=134): {'Stimuli': None, 'Condition': None, 'corrAns': None}
27.3965 	EXP 	New trial (rep=0, index=135): {'Stimuli': None, 'Condition': None, 'corrAns': None}
27.3966 	EXP 	New trial (rep=0, index=136): {'Stimuli': None, 'Condition': None, 'corrAns': None}
27.3967 	EXP 	New trial (rep=0, index=137): {'Stimuli': None, 'Condition': None, 'corrAns': None}
27.3967 	EXP 	New trial (rep=0, index=138): {'Stimuli': None, 'Condition': None, 'corrAns': None}
27.3968 	EXP 	New trial (rep=0, index=139): {'Stimuli': None, 'Condition': None, 'corrAns': None}
27.3969 	EXP 	New trial (rep=0, index=140): {'Stimuli': None, 'Condition': None, 'corrAns': None}
27.3970 	EXP 	New trial (rep=0, index=141): {'Stimuli': None, 'Condition': None, 'corrAns': None}
27.3970 	EXP 	New trial (rep=0, index=142): {'Stimuli': None, 'Condition': None, 'corrAns': None}
27.3971 	EXP 	New trial (rep=0, index=143): {'Stimuli': None, 'Condition': None, 'corrAns': None}
27.3972 	EXP 	New trial (rep=0, index=144): {'Stimuli': None, 'Condition': None, 'corrAns': None}
27.3972 	EXP 	New trial (rep=0, index=145): {'Stimuli': None, 'Condition': None, 'corrAns': None}
27.3973 	EXP 	New trial (rep=0, index=146): {'Stimuli': None, 'Condition': None, 'corrAns': None}
27.3974 	EXP 	New trial (rep=0, index=147): {'Stimuli': None, 'Condition': None, 'corrAns': None}
27.3974 	EXP 	New trial (rep=0, index=148): {'Stimuli': None, 'Condition': None, 'corrAns': None}
27.3975 	EXP 	New trial (rep=0, index=149): {'Stimuli': None, 'Condition': None, 'corrAns': None}
27.3976 	EXP 	New trial (rep=0, index=150): {'Stimuli': None, 'Condition': None, 'corrAns': None}
27.3976 	EXP 	New trial (rep=0, index=151): {'Stimuli': None, 'Condition': None, 'corrAns': None}
27.3977 	EXP 	New trial (rep=0, index=152): {'Stimuli': None, 'Condition': None, 'corrAns': None}
27.3977 	EXP 	New trial (rep=0, index=153): {'Stimuli': None, 'Condition': None, 'corrAns': None}
27.3978 	EXP 	New trial (rep=0, index=154): {'Stimuli': None, 'Condition': None, 'corrAns': None}
27.3979 	EXP 	New trial (rep=0, index=155): {'Stimuli': None, 'Condition': None, 'corrAns': None}
27.3979 	EXP 	New trial (rep=0, index=156): {'Stimuli': None, 'Condition': None, 'corrAns': None}
27.3980 	EXP 	New trial (rep=0, index=157): {'Stimuli': None, 'Condition': None, 'corrAns': None}
27.3981 	EXP 	New trial (rep=0, index=158): {'Stimuli': None, 'Condition': None, 'corrAns': None}
27.3982 	EXP 	New trial (rep=0, index=159): {'Stimuli': None, 'Condition': None, 'corrAns': None}
27.3984 	EXP 	New trial (rep=0, index=160): {'Stimuli': None, 'Condition': None, 'corrAns': None}
27.3985 	EXP 	New trial (rep=0, index=161): {'Stimuli': None, 'Condition': None, 'corrAns': None}
27.3987 	EXP 	New trial (rep=0, index=162): {'Stimuli': None, 'Condition': None, 'corrAns': None}
27.3988 	EXP 	New trial (rep=0, index=163): {'Stimuli': None, 'Condition': None, 'corrAns': None}
27.3989 	EXP 	New trial (rep=0, index=164): {'Stimuli': None, 'Condition': None, 'corrAns': None}
27.3990 	EXP 	New trial (rep=0, index=165): {'Stimuli': None, 'Condition': None, 'corrAns': None}
27.3991 	EXP 	New trial (rep=0, index=166): {'Stimuli': None, 'Condition': None, 'corrAns': None}
27.3992 	EXP 	New trial (rep=0, index=167): {'Stimuli': None, 'Condition': None, 'corrAns': None}
27.3992 	EXP 	New trial (rep=0, index=168): {'Stimuli': None, 'Condition': None, 'corrAns': None}
27.3993 	EXP 	New trial (rep=0, index=169): {'Stimuli': None, 'Condition': None, 'corrAns': None}
27.3994 	EXP 	New trial (rep=0, index=170): {'Stimuli': None, 'Condition': None, 'corrAns': None}
27.3994 	EXP 	New trial (rep=0, index=171): {'Stimuli': None, 'Condition': None, 'corrAns': None}
27.3995 	EXP 	New trial (rep=0, index=172): {'Stimuli': None, 'Condition': None, 'corrAns': None}
27.3996 	EXP 	New trial (rep=0, index=173): {'Stimuli': None, 'Condition': None, 'corrAns': None}
27.3996 	EXP 	New trial (rep=0, index=174): {'Stimuli': None, 'Condition': None, 'corrAns': None}
27.3997 	EXP 	New trial (rep=0, index=175): {'Stimuli': None, 'Condition': None, 'corrAns': None}
27.3998 	EXP 	New trial (rep=0, index=176): {'Stimuli': None, 'Condition': None, 'corrAns': None}
27.3998 	EXP 	New trial (rep=0, index=177): {'Stimuli': None, 'Condition': None, 'corrAns': None}
27.3999 	EXP 	New trial (rep=0, index=178): {'Stimuli': None, 'Condition': None, 'corrAns': None}
27.4000 	EXP 	New trial (rep=0, index=179): {'Stimuli': None, 'Condition': None, 'corrAns': None}
27.4000 	EXP 	New trial (rep=0, index=180): {'Stimuli': None, 'Condition': None, 'corrAns': None}
27.4001 	EXP 	New trial (rep=0, index=181): {'Stimuli': None, 'Condition': None, 'corrAns': None}
27.4001 	EXP 	New trial (rep=0, index=182): {'Stimuli': None, 'Condition': None, 'corrAns': None}
27.4002 	EXP 	New trial (rep=0, index=183): {'Stimuli': None, 'Condition': None, 'corrAns': None}
27.4003 	EXP 	New trial (rep=0, index=184): {'Stimuli': None, 'Condition': None, 'corrAns': None}
27.4003 	EXP 	New trial (rep=0, index=185): {'Stimuli': None, 'Condition': None, 'corrAns': None}
27.4004 	EXP 	New trial (rep=0, index=186): {'Stimuli': None, 'Condition': None, 'corrAns': None}
27.4005 	EXP 	New trial (rep=0, index=187): {'Stimuli': None, 'Condition': None, 'corrAns': None}
27.4005 	EXP 	New trial (rep=0, index=188): {'Stimuli': None, 'Condition': None, 'corrAns': None}
27.4006 	EXP 	New trial (rep=0, index=189): {'Stimuli': None, 'Condition': None, 'corrAns': None}
27.4007 	EXP 	New trial (rep=0, index=190): {'Stimuli': None, 'Condition': None, 'corrAns': None}
27.4007 	EXP 	New trial (rep=0, index=191): {'Stimuli': None, 'Condition': None, 'corrAns': None}
27.4008 	EXP 	New trial (rep=0, index=192): {'Stimuli': None, 'Condition': None, 'corrAns': None}
27.4009 	EXP 	New trial (rep=0, index=193): {'Stimuli': None, 'Condition': None, 'corrAns': None}
27.4009 	EXP 	New trial (rep=0, index=194): {'Stimuli': None, 'Condition': None, 'corrAns': None}
27.4010 	EXP 	New trial (rep=0, index=195): {'Stimuli': None, 'Condition': None, 'corrAns': None}
27.4011 	EXP 	New trial (rep=0, index=196): {'Stimuli': None, 'Condition': None, 'corrAns': None}
27.4011 	EXP 	New trial (rep=0, index=197): {'Stimuli': None, 'Condition': None, 'corrAns': None}
27.4012 	EXP 	New trial (rep=0, index=198): {'Stimuli': None, 'Condition': None, 'corrAns': None}
27.4013 	EXP 	New trial (rep=0, index=199): {'Stimuli': None, 'Condition': None, 'corrAns': None}
27.4013 	EXP 	New trial (rep=0, index=200): {'Stimuli': None, 'Condition': None, 'corrAns': None}
27.4014 	EXP 	New trial (rep=0, index=201): {'Stimuli': None, 'Condition': None, 'corrAns': None}
27.4015 	EXP 	New trial (rep=0, index=202): {'Stimuli': None, 'Condition': None, 'corrAns': None}
27.4015 	EXP 	New trial (rep=0, index=203): {'Stimuli': None, 'Condition': None, 'corrAns': None}
27.4016 	EXP 	New trial (rep=0, index=204): {'Stimuli': None, 'Condition': None, 'corrAns': None}
27.4016 	EXP 	New trial (rep=0, index=205): {'Stimuli': None, 'Condition': None, 'corrAns': None}
27.4017 	EXP 	New trial (rep=0, index=206): {'Stimuli': None, 'Condition': None, 'corrAns': None}
27.4018 	EXP 	New trial (rep=0, index=207): {'Stimuli': None, 'Condition': None, 'corrAns': None}
27.4018 	EXP 	New trial (rep=0, index=208): {'Stimuli': None, 'Condition': None, 'corrAns': None}
27.4019 	EXP 	New trial (rep=0, index=209): {'Stimuli': None, 'Condition': None, 'corrAns': None}
27.4020 	EXP 	New trial (rep=0, index=210): {'Stimuli': None, 'Condition': None, 'corrAns': None}
27.4020 	EXP 	New trial (rep=0, index=211): {'Stimuli': None, 'Condition': None, 'corrAns': None}
27.4021 	EXP 	New trial (rep=0, index=212): {'Stimuli': None, 'Condition': None, 'corrAns': None}
27.4021 	EXP 	New trial (rep=0, index=213): {'Stimuli': None, 'Condition': None, 'corrAns': None}
27.4022 	EXP 	New trial (rep=0, index=214): {'Stimuli': None, 'Condition': None, 'corrAns': None}
27.4023 	EXP 	New trial (rep=0, index=215): {'Stimuli': None, 'Condition': None, 'corrAns': None}
27.4023 	EXP 	New trial (rep=0, index=216): {'Stimuli': None, 'Condition': None, 'corrAns': None}
27.4024 	EXP 	New trial (rep=0, index=217): {'Stimuli': None, 'Condition': None, 'corrAns': None}
27.4025 	EXP 	New trial (rep=0, index=218): {'Stimuli': None, 'Condition': None, 'corrAns': None}
27.4026 	EXP 	New trial (rep=0, index=219): {'Stimuli': None, 'Condition': None, 'corrAns': None}
27.4027 	EXP 	New trial (rep=0, index=220): {'Stimuli': None, 'Condition': None, 'corrAns': None}
27.4028 	EXP 	New trial (rep=0, index=221): {'Stimuli': None, 'Condition': None, 'corrAns': None}
27.4030 	EXP 	New trial (rep=0, index=222): {'Stimuli': None, 'Condition': None, 'corrAns': None}
27.4031 	EXP 	New trial (rep=0, index=223): {'Stimuli': None, 'Condition': None, 'corrAns': None}
27.4033 	EXP 	New trial (rep=0, index=224): {'Stimuli': None, 'Condition': None, 'corrAns': None}
27.4034 	EXP 	New trial (rep=0, index=225): {'Stimuli': None, 'Condition': None, 'corrAns': None}
27.4034 	EXP 	New trial (rep=0, index=226): {'Stimuli': None, 'Condition': None, 'corrAns': None}
27.4035 	EXP 	New trial (rep=0, index=227): {'Stimuli': None, 'Condition': None, 'corrAns': None}
27.4036 	EXP 	New trial (rep=0, index=228): {'Stimuli': None, 'Condition': None, 'corrAns': None}
27.4037 	EXP 	New trial (rep=0, index=229): {'Stimuli': None, 'Condition': None, 'corrAns': None}
27.4037 	EXP 	New trial (rep=0, index=230): {'Stimuli': None, 'Condition': None, 'corrAns': None}
27.4038 	EXP 	New trial (rep=0, index=231): {'Stimuli': None, 'Condition': None, 'corrAns': None}
27.4039 	EXP 	New trial (rep=0, index=232): {'Stimuli': None, 'Condition': None, 'corrAns': None}
27.4040 	EXP 	New trial (rep=0, index=233): {'Stimuli': None, 'Condition': None, 'corrAns': None}
27.4040 	EXP 	New trial (rep=0, index=234): {'Stimuli': None, 'Condition': None, 'corrAns': None}
27.4041 	EXP 	New trial (rep=0, index=235): {'Stimuli': None, 'Condition': None, 'corrAns': None}
27.4042 	EXP 	New trial (rep=0, index=236): {'Stimuli': None, 'Condition': None, 'corrAns': None}
27.4042 	EXP 	New trial (rep=0, index=237): {'Stimuli': None, 'Condition': None, 'corrAns': None}
27.4043 	EXP 	New trial (rep=0, index=238): {'Stimuli': None, 'Condition': None, 'corrAns': None}
27.4043 	EXP 	New trial (rep=0, index=239): {'Stimuli': None, 'Condition': None, 'corrAns': None}
27.4044 	EXP 	New trial (rep=0, index=240): {'Stimuli': None, 'Condition': None, 'corrAns': None}
27.4045 	EXP 	New trial (rep=0, index=241): {'Stimuli': None, 'Condition': None, 'corrAns': None}
27.4045 	EXP 	New trial (rep=0, index=242): {'Stimuli': None, 'Condition': None, 'corrAns': None}
27.4046 	EXP 	New trial (rep=0, index=243): {'Stimuli': None, 'Condition': None, 'corrAns': None}
27.4047 	EXP 	New trial (rep=0, index=244): {'Stimuli': None, 'Condition': None, 'corrAns': None}
27.4047 	EXP 	New trial (rep=0, index=245): {'Stimuli': None, 'Condition': None, 'corrAns': None}
27.4048 	EXP 	New trial (rep=0, index=246): {'Stimuli': None, 'Condition': None, 'corrAns': None}
27.4049 	EXP 	New trial (rep=0, index=247): {'Stimuli': None, 'Condition': None, 'corrAns': None}
27.4049 	EXP 	New trial (rep=0, index=248): {'Stimuli': None, 'Condition': None, 'corrAns': None}
27.4050 	EXP 	New trial (rep=0, index=249): {'Stimuli': None, 'Condition': None, 'corrAns': None}
27.4051 	EXP 	New trial (rep=0, index=250): {'Stimuli': None, 'Condition': None, 'corrAns': None}
27.4051 	EXP 	New trial (rep=0, index=251): {'Stimuli': None, 'Condition': None, 'corrAns': None}
27.4052 	EXP 	New trial (rep=0, index=252): {'Stimuli': None, 'Condition': None, 'corrAns': None}
27.4053 	EXP 	New trial (rep=0, index=253): {'Stimuli': None, 'Condition': None, 'corrAns': None}
27.4053 	EXP 	New trial (rep=0, index=254): {'Stimuli': None, 'Condition': None, 'corrAns': None}
27.4054 	EXP 	New trial (rep=0, index=255): {'Stimuli': None, 'Condition': None, 'corrAns': None}
27.4055 	EXP 	New trial (rep=0, index=256): {'Stimuli': None, 'Condition': None, 'corrAns': None}
27.4055 	EXP 	New trial (rep=0, index=257): {'Stimuli': None, 'Condition': None, 'corrAns': None}
27.4056 	EXP 	New trial (rep=0, index=258): {'Stimuli': None, 'Condition': None, 'corrAns': None}
27.4056 	EXP 	New trial (rep=0, index=259): {'Stimuli': None, 'Condition': None, 'corrAns': None}
27.4057 	EXP 	New trial (rep=0, index=260): {'Stimuli': None, 'Condition': None, 'corrAns': None}
27.4058 	EXP 	New trial (rep=0, index=261): {'Stimuli': None, 'Condition': None, 'corrAns': None}
27.4058 	EXP 	New trial (rep=0, index=262): {'Stimuli': None, 'Condition': None, 'corrAns': None}
27.4059 	EXP 	New trial (rep=0, index=263): {'Stimuli': None, 'Condition': None, 'corrAns': None}
27.4060 	EXP 	New trial (rep=0, index=264): {'Stimuli': None, 'Condition': None, 'corrAns': None}
27.4060 	EXP 	New trial (rep=0, index=265): {'Stimuli': None, 'Condition': None, 'corrAns': None}
27.4061 	EXP 	New trial (rep=0, index=266): {'Stimuli': None, 'Condition': None, 'corrAns': None}
27.4062 	EXP 	New trial (rep=0, index=267): {'Stimuli': None, 'Condition': None, 'corrAns': None}
27.4062 	EXP 	New trial (rep=0, index=268): {'Stimuli': None, 'Condition': None, 'corrAns': None}
27.4063 	EXP 	New trial (rep=0, index=269): {'Stimuli': None, 'Condition': None, 'corrAns': None}
27.4063 	EXP 	New trial (rep=0, index=270): {'Stimuli': None, 'Condition': None, 'corrAns': None}
27.4064 	EXP 	New trial (rep=0, index=271): {'Stimuli': None, 'Condition': None, 'corrAns': None}
27.4065 	EXP 	New trial (rep=0, index=272): {'Stimuli': None, 'Condition': None, 'corrAns': None}
27.4065 	EXP 	New trial (rep=0, index=273): {'Stimuli': None, 'Condition': None, 'corrAns': None}
27.4066 	EXP 	New trial (rep=0, index=274): {'Stimuli': None, 'Condition': None, 'corrAns': None}
27.4067 	EXP 	New trial (rep=0, index=275): {'Stimuli': None, 'Condition': None, 'corrAns': None}
27.4067 	EXP 	New trial (rep=0, index=276): {'Stimuli': None, 'Condition': None, 'corrAns': None}
27.4068 	EXP 	New trial (rep=0, index=277): {'Stimuli': None, 'Condition': None, 'corrAns': None}
27.4069 	EXP 	New trial (rep=0, index=278): {'Stimuli': None, 'Condition': None, 'corrAns': None}
27.4070 	EXP 	New trial (rep=0, index=279): {'Stimuli': None, 'Condition': None, 'corrAns': None}
27.4071 	EXP 	New trial (rep=0, index=280): {'Stimuli': None, 'Condition': None, 'corrAns': None}
27.4072 	EXP 	New trial (rep=0, index=281): {'Stimuli': None, 'Condition': None, 'corrAns': None}
27.4073 	EXP 	New trial (rep=0, index=282): {'Stimuli': None, 'Condition': None, 'corrAns': None}
27.4075 	EXP 	New trial (rep=0, index=283): {'Stimuli': None, 'Condition': None, 'corrAns': None}
27.4076 	EXP 	New trial (rep=0, index=284): {'Stimuli': None, 'Condition': None, 'corrAns': None}
27.4078 	EXP 	New trial (rep=0, index=285): {'Stimuli': None, 'Condition': None, 'corrAns': None}
27.4078 	EXP 	New trial (rep=0, index=286): {'Stimuli': None, 'Condition': None, 'corrAns': None}
27.4079 	EXP 	New trial (rep=0, index=287): {'Stimuli': None, 'Condition': None, 'corrAns': None}
27.4080 	EXP 	New trial (rep=0, index=288): {'Stimuli': None, 'Condition': None, 'corrAns': None}
27.4081 	EXP 	New trial (rep=0, index=289): {'Stimuli': None, 'Condition': None, 'corrAns': None}
27.4081 	EXP 	New trial (rep=0, index=290): {'Stimuli': None, 'Condition': None, 'corrAns': None}
27.4082 	EXP 	New trial (rep=0, index=291): {'Stimuli': None, 'Condition': None, 'corrAns': None}
27.4083 	EXP 	New trial (rep=0, index=292): {'Stimuli': None, 'Condition': None, 'corrAns': None}
27.4084 	EXP 	New trial (rep=0, index=293): {'Stimuli': None, 'Condition': None, 'corrAns': None}
27.4084 	EXP 	New trial (rep=0, index=294): {'Stimuli': None, 'Condition': None, 'corrAns': None}
27.4085 	EXP 	New trial (rep=0, index=295): {'Stimuli': None, 'Condition': None, 'corrAns': None}
27.4085 	EXP 	New trial (rep=0, index=296): {'Stimuli': None, 'Condition': None, 'corrAns': None}
27.4086 	EXP 	New trial (rep=0, index=297): {'Stimuli': None, 'Condition': None, 'corrAns': None}
27.4087 	EXP 	New trial (rep=0, index=298): {'Stimuli': None, 'Condition': None, 'corrAns': None}
27.4087 	EXP 	New trial (rep=0, index=299): {'Stimuli': None, 'Condition': None, 'corrAns': None}
27.4088 	EXP 	New trial (rep=0, index=300): {'Stimuli': None, 'Condition': None, 'corrAns': None}
27.4089 	EXP 	New trial (rep=0, index=301): {'Stimuli': None, 'Condition': None, 'corrAns': None}
27.4089 	EXP 	New trial (rep=0, index=302): {'Stimuli': None, 'Condition': None, 'corrAns': None}
27.4090 	EXP 	New trial (rep=0, index=303): {'Stimuli': None, 'Condition': None, 'corrAns': None}
27.4091 	EXP 	New trial (rep=0, index=304): {'Stimuli': None, 'Condition': None, 'corrAns': None}
27.4091 	EXP 	New trial (rep=0, index=305): {'Stimuli': None, 'Condition': None, 'corrAns': None}
27.4092 	EXP 	New trial (rep=0, index=306): {'Stimuli': None, 'Condition': None, 'corrAns': None}
27.4093 	EXP 	New trial (rep=0, index=307): {'Stimuli': None, 'Condition': None, 'corrAns': None}
27.4093 	EXP 	New trial (rep=0, index=308): {'Stimuli': None, 'Condition': None, 'corrAns': None}
27.4094 	EXP 	New trial (rep=0, index=309): {'Stimuli': None, 'Condition': None, 'corrAns': None}
27.4095 	EXP 	New trial (rep=0, index=310): {'Stimuli': None, 'Condition': None, 'corrAns': None}
27.4095 	EXP 	New trial (rep=0, index=311): {'Stimuli': None, 'Condition': None, 'corrAns': None}
27.4096 	EXP 	New trial (rep=0, index=312): {'Stimuli': None, 'Condition': None, 'corrAns': None}
27.4097 	EXP 	New trial (rep=0, index=313): {'Stimuli': None, 'Condition': None, 'corrAns': None}
27.4097 	EXP 	New trial (rep=0, index=314): {'Stimuli': None, 'Condition': None, 'corrAns': None}
27.4098 	EXP 	New trial (rep=0, index=315): {'Stimuli': None, 'Condition': None, 'corrAns': None}
27.4099 	EXP 	New trial (rep=0, index=316): {'Stimuli': None, 'Condition': None, 'corrAns': None}
27.4099 	EXP 	New trial (rep=0, index=317): {'Stimuli': None, 'Condition': None, 'corrAns': None}
27.4100 	EXP 	New trial (rep=0, index=318): {'Stimuli': None, 'Condition': None, 'corrAns': None}
27.4100 	EXP 	New trial (rep=0, index=319): {'Stimuli': None, 'Condition': None, 'corrAns': None}
27.4101 	EXP 	New trial (rep=0, index=320): {'Stimuli': None, 'Condition': None, 'corrAns': None}
27.4102 	EXP 	New trial (rep=0, index=321): {'Stimuli': None, 'Condition': None, 'corrAns': None}
27.4102 	EXP 	New trial (rep=0, index=322): {'Stimuli': None, 'Condition': None, 'corrAns': None}
27.4103 	EXP 	New trial (rep=0, index=323): {'Stimuli': None, 'Condition': None, 'corrAns': None}
27.4104 	EXP 	New trial (rep=0, index=324): {'Stimuli': None, 'Condition': None, 'corrAns': None}
27.4104 	EXP 	New trial (rep=0, index=325): {'Stimuli': None, 'Condition': None, 'corrAns': None}
27.4105 	EXP 	New trial (rep=0, index=326): {'Stimuli': None, 'Condition': None, 'corrAns': None}
27.4105 	EXP 	New trial (rep=0, index=327): {'Stimuli': None, 'Condition': None, 'corrAns': None}
27.4106 	EXP 	New trial (rep=0, index=328): {'Stimuli': None, 'Condition': None, 'corrAns': None}
27.4107 	EXP 	New trial (rep=0, index=329): {'Stimuli': None, 'Condition': None, 'corrAns': None}
27.4107 	EXP 	New trial (rep=0, index=330): {'Stimuli': None, 'Condition': None, 'corrAns': None}
27.4108 	EXP 	New trial (rep=0, index=331): {'Stimuli': None, 'Condition': None, 'corrAns': None}
27.4109 	EXP 	New trial (rep=0, index=332): {'Stimuli': None, 'Condition': None, 'corrAns': None}
27.4109 	EXP 	New trial (rep=0, index=333): {'Stimuli': None, 'Condition': None, 'corrAns': None}
27.4110 	EXP 	New trial (rep=0, index=334): {'Stimuli': None, 'Condition': None, 'corrAns': None}
27.4110 	EXP 	New trial (rep=0, index=335): {'Stimuli': None, 'Condition': None, 'corrAns': None}
27.4111 	EXP 	New trial (rep=0, index=336): {'Stimuli': None, 'Condition': None, 'corrAns': None}
27.4112 	EXP 	New trial (rep=0, index=337): {'Stimuli': None, 'Condition': None, 'corrAns': None}
27.4114 	EXP 	New trial (rep=0, index=338): {'Stimuli': None, 'Condition': None, 'corrAns': None}
27.4115 	EXP 	New trial (rep=0, index=339): {'Stimuli': None, 'Condition': None, 'corrAns': None}
27.4116 	EXP 	New trial (rep=0, index=340): {'Stimuli': None, 'Condition': None, 'corrAns': None}
27.4118 	EXP 	New trial (rep=0, index=341): {'Stimuli': None, 'Condition': None, 'corrAns': None}
27.4119 	EXP 	New trial (rep=0, index=342): {'Stimuli': None, 'Condition': None, 'corrAns': None}
27.4121 	EXP 	New trial (rep=0, index=343): {'Stimuli': None, 'Condition': None, 'corrAns': None}
27.4121 	EXP 	New trial (rep=0, index=344): {'Stimuli': None, 'Condition': None, 'corrAns': None}
27.4122 	EXP 	New trial (rep=0, index=345): {'Stimuli': None, 'Condition': None, 'corrAns': None}
27.4123 	EXP 	New trial (rep=0, index=346): {'Stimuli': None, 'Condition': None, 'corrAns': None}
27.4123 	EXP 	New trial (rep=0, index=347): {'Stimuli': None, 'Condition': None, 'corrAns': None}
27.4124 	EXP 	New trial (rep=0, index=348): {'Stimuli': None, 'Condition': None, 'corrAns': None}
27.4125 	EXP 	New trial (rep=0, index=349): {'Stimuli': None, 'Condition': None, 'corrAns': None}
27.4126 	EXP 	New trial (rep=0, index=350): {'Stimuli': None, 'Condition': None, 'corrAns': None}
27.4126 	EXP 	New trial (rep=0, index=351): {'Stimuli': None, 'Condition': None, 'corrAns': None}
27.4127 	EXP 	New trial (rep=0, index=352): {'Stimuli': None, 'Condition': None, 'corrAns': None}
27.4128 	EXP 	New trial (rep=0, index=353): {'Stimuli': None, 'Condition': None, 'corrAns': None}
27.4128 	EXP 	New trial (rep=0, index=354): {'Stimuli': None, 'Condition': None, 'corrAns': None}
27.4129 	EXP 	New trial (rep=0, index=355): {'Stimuli': None, 'Condition': None, 'corrAns': None}
27.4130 	EXP 	New trial (rep=0, index=356): {'Stimuli': None, 'Condition': None, 'corrAns': None}
27.4130 	EXP 	New trial (rep=0, index=357): {'Stimuli': None, 'Condition': None, 'corrAns': None}
27.4131 	EXP 	New trial (rep=0, index=358): {'Stimuli': None, 'Condition': None, 'corrAns': None}
27.4132 	EXP 	New trial (rep=0, index=359): {'Stimuli': None, 'Condition': None, 'corrAns': None}
27.4132 	EXP 	New trial (rep=0, index=360): {'Stimuli': None, 'Condition': None, 'corrAns': None}
27.4133 	EXP 	New trial (rep=0, index=361): {'Stimuli': None, 'Condition': None, 'corrAns': None}
27.4133 	EXP 	New trial (rep=0, index=362): {'Stimuli': None, 'Condition': None, 'corrAns': None}
27.4134 	EXP 	New trial (rep=0, index=363): {'Stimuli': None, 'Condition': None, 'corrAns': None}
27.4135 	EXP 	New trial (rep=0, index=364): {'Stimuli': None, 'Condition': None, 'corrAns': None}
27.4135 	EXP 	New trial (rep=0, index=365): {'Stimuli': None, 'Condition': None, 'corrAns': None}
27.4136 	EXP 	New trial (rep=0, index=366): {'Stimuli': None, 'Condition': None, 'corrAns': None}
27.4137 	EXP 	New trial (rep=0, index=367): {'Stimuli': None, 'Condition': None, 'corrAns': None}
27.4137 	EXP 	New trial (rep=0, index=368): {'Stimuli': None, 'Condition': None, 'corrAns': None}
27.4138 	EXP 	New trial (rep=0, index=369): {'Stimuli': None, 'Condition': None, 'corrAns': None}
27.4138 	EXP 	New trial (rep=0, index=370): {'Stimuli': None, 'Condition': None, 'corrAns': None}
27.4139 	EXP 	New trial (rep=0, index=371): {'Stimuli': None, 'Condition': None, 'corrAns': None}
27.4140 	EXP 	New trial (rep=0, index=372): {'Stimuli': None, 'Condition': None, 'corrAns': None}
27.4140 	EXP 	New trial (rep=0, index=373): {'Stimuli': None, 'Condition': None, 'corrAns': None}
27.4141 	EXP 	New trial (rep=0, index=374): {'Stimuli': None, 'Condition': None, 'corrAns': None}
27.4142 	EXP 	New trial (rep=0, index=375): {'Stimuli': None, 'Condition': None, 'corrAns': None}
27.4142 	EXP 	New trial (rep=0, index=376): {'Stimuli': None, 'Condition': None, 'corrAns': None}
27.4143 	EXP 	New trial (rep=0, index=377): {'Stimuli': None, 'Condition': None, 'corrAns': None}
27.4144 	EXP 	New trial (rep=0, index=378): {'Stimuli': None, 'Condition': None, 'corrAns': None}
27.4144 	EXP 	New trial (rep=0, index=379): {'Stimuli': None, 'Condition': None, 'corrAns': None}
27.4145 	EXP 	New trial (rep=0, index=380): {'Stimuli': None, 'Condition': None, 'corrAns': None}
27.4145 	EXP 	New trial (rep=0, index=381): {'Stimuli': None, 'Condition': None, 'corrAns': None}
27.4146 	EXP 	New trial (rep=0, index=382): {'Stimuli': None, 'Condition': None, 'corrAns': None}
27.4147 	EXP 	New trial (rep=0, index=383): {'Stimuli': None, 'Condition': None, 'corrAns': None}
27.4147 	EXP 	New trial (rep=0, index=384): {'Stimuli': None, 'Condition': None, 'corrAns': None}
27.4148 	EXP 	New trial (rep=0, index=385): {'Stimuli': None, 'Condition': None, 'corrAns': None}
27.4149 	EXP 	New trial (rep=0, index=386): {'Stimuli': None, 'Condition': None, 'corrAns': None}
27.4149 	EXP 	New trial (rep=0, index=387): {'Stimuli': None, 'Condition': None, 'corrAns': None}
27.4150 	EXP 	New trial (rep=0, index=388): {'Stimuli': None, 'Condition': None, 'corrAns': None}
27.4151 	EXP 	New trial (rep=0, index=389): {'Stimuli': None, 'Condition': None, 'corrAns': None}
27.4151 	EXP 	New trial (rep=0, index=390): {'Stimuli': None, 'Condition': None, 'corrAns': None}
27.4152 	EXP 	New trial (rep=0, index=391): {'Stimuli': None, 'Condition': None, 'corrAns': None}
27.4152 	EXP 	New trial (rep=0, index=392): {'Stimuli': None, 'Condition': None, 'corrAns': None}
27.4153 	EXP 	New trial (rep=0, index=393): {'Stimuli': None, 'Condition': None, 'corrAns': None}
27.4154 	EXP 	New trial (rep=0, index=394): {'Stimuli': None, 'Condition': None, 'corrAns': None}
27.4154 	EXP 	New trial (rep=0, index=395): {'Stimuli': None, 'Condition': None, 'corrAns': None}
27.4155 	EXP 	New trial (rep=0, index=396): {'Stimuli': None, 'Condition': None, 'corrAns': None}
27.4156 	EXP 	New trial (rep=0, index=397): {'Stimuli': None, 'Condition': None, 'corrAns': None}
27.4156 	EXP 	New trial (rep=0, index=398): {'Stimuli': None, 'Condition': None, 'corrAns': None}
27.4157 	EXP 	New trial (rep=0, index=399): {'Stimuli': None, 'Condition': None, 'corrAns': None}
27.4157 	EXP 	New trial (rep=0, index=400): {'Stimuli': None, 'Condition': None, 'corrAns': None}
27.4158 	EXP 	New trial (rep=0, index=401): {'Stimuli': None, 'Condition': None, 'corrAns': None}
27.4159 	EXP 	New trial (rep=0, index=402): {'Stimuli': None, 'Condition': None, 'corrAns': None}
27.4159 	EXP 	New trial (rep=0, index=403): {'Stimuli': None, 'Condition': None, 'corrAns': None}
27.4160 	EXP 	New trial (rep=0, index=404): {'Stimuli': None, 'Condition': None, 'corrAns': None}
27.4161 	EXP 	New trial (rep=0, index=405): {'Stimuli': None, 'Condition': None, 'corrAns': None}
27.4161 	EXP 	New trial (rep=0, index=406): {'Stimuli': None, 'Condition': None, 'corrAns': None}
27.4162 	EXP 	New trial (rep=0, index=407): {'Stimuli': None, 'Condition': None, 'corrAns': None}
27.4162 	EXP 	New trial (rep=0, index=408): {'Stimuli': None, 'Condition': None, 'corrAns': None}
27.4163 	EXP 	New trial (rep=0, index=409): {'Stimuli': None, 'Condition': None, 'corrAns': None}
27.4164 	EXP 	New trial (rep=0, index=410): {'Stimuli': None, 'Condition': None, 'corrAns': None}
27.4164 	EXP 	New trial (rep=0, index=411): {'Stimuli': None, 'Condition': None, 'corrAns': None}
27.4165 	EXP 	New trial (rep=0, index=412): {'Stimuli': None, 'Condition': None, 'corrAns': None}
27.4166 	EXP 	New trial (rep=0, index=413): {'Stimuli': None, 'Condition': None, 'corrAns': None}
27.4166 	EXP 	New trial (rep=0, index=414): {'Stimuli': None, 'Condition': None, 'corrAns': None}
27.4167 	EXP 	New trial (rep=0, index=415): {'Stimuli': None, 'Condition': None, 'corrAns': None}
27.4168 	EXP 	New trial (rep=0, index=416): {'Stimuli': None, 'Condition': None, 'corrAns': None}
27.4168 	EXP 	New trial (rep=0, index=417): {'Stimuli': None, 'Condition': None, 'corrAns': None}
27.4169 	EXP 	New trial (rep=0, index=418): {'Stimuli': None, 'Condition': None, 'corrAns': None}
27.4170 	EXP 	New trial (rep=0, index=419): {'Stimuli': None, 'Condition': None, 'corrAns': None}
27.4170 	EXP 	New trial (rep=0, index=420): {'Stimuli': None, 'Condition': None, 'corrAns': None}
27.4171 	EXP 	New trial (rep=0, index=421): {'Stimuli': None, 'Condition': None, 'corrAns': None}
27.4172 	EXP 	New trial (rep=0, index=422): {'Stimuli': None, 'Condition': None, 'corrAns': None}
27.4172 	EXP 	New trial (rep=0, index=423): {'Stimuli': None, 'Condition': None, 'corrAns': None}
27.4173 	EXP 	New trial (rep=0, index=424): {'Stimuli': None, 'Condition': None, 'corrAns': None}
27.4174 	EXP 	New trial (rep=0, index=425): {'Stimuli': None, 'Condition': None, 'corrAns': None}
27.4174 	EXP 	New trial (rep=0, index=426): {'Stimuli': None, 'Condition': None, 'corrAns': None}
27.4175 	EXP 	New trial (rep=0, index=427): {'Stimuli': None, 'Condition': None, 'corrAns': None}
27.4175 	EXP 	New trial (rep=0, index=428): {'Stimuli': None, 'Condition': None, 'corrAns': None}
27.4176 	EXP 	New trial (rep=0, index=429): {'Stimuli': None, 'Condition': None, 'corrAns': None}
27.4177 	EXP 	New trial (rep=0, index=430): {'Stimuli': None, 'Condition': None, 'corrAns': None}
27.4177 	EXP 	New trial (rep=0, index=431): {'Stimuli': None, 'Condition': None, 'corrAns': None}
27.4178 	EXP 	New trial (rep=0, index=432): {'Stimuli': None, 'Condition': None, 'corrAns': None}
27.4179 	EXP 	New trial (rep=0, index=433): {'Stimuli': None, 'Condition': None, 'corrAns': None}
27.4179 	EXP 	New trial (rep=0, index=434): {'Stimuli': None, 'Condition': None, 'corrAns': None}
27.4180 	EXP 	New trial (rep=0, index=435): {'Stimuli': None, 'Condition': None, 'corrAns': None}
27.4181 	EXP 	New trial (rep=0, index=436): {'Stimuli': None, 'Condition': None, 'corrAns': None}
27.4182 	EXP 	New trial (rep=0, index=437): {'Stimuli': None, 'Condition': None, 'corrAns': None}
27.4184 	EXP 	New trial (rep=0, index=438): {'Stimuli': None, 'Condition': None, 'corrAns': None}
27.4186 	EXP 	New trial (rep=0, index=439): {'Stimuli': None, 'Condition': None, 'corrAns': None}
27.4188 	EXP 	New trial (rep=0, index=440): {'Stimuli': None, 'Condition': None, 'corrAns': None}
27.4190 	EXP 	New trial (rep=0, index=441): {'Stimuli': None, 'Condition': None, 'corrAns': None}
27.4192 	EXP 	New trial (rep=0, index=442): {'Stimuli': None, 'Condition': None, 'corrAns': None}
27.4193 	EXP 	New trial (rep=0, index=443): {'Stimuli': None, 'Condition': None, 'corrAns': None}
27.4194 	EXP 	New trial (rep=0, index=444): {'Stimuli': None, 'Condition': None, 'corrAns': None}
27.4195 	EXP 	New trial (rep=0, index=445): {'Stimuli': None, 'Condition': None, 'corrAns': None}
27.4196 	EXP 	New trial (rep=0, index=446): {'Stimuli': None, 'Condition': None, 'corrAns': None}
27.4197 	EXP 	New trial (rep=0, index=447): {'Stimuli': None, 'Condition': None, 'corrAns': None}
27.4198 	EXP 	New trial (rep=0, index=448): {'Stimuli': None, 'Condition': None, 'corrAns': None}
27.4198 	EXP 	New trial (rep=0, index=449): {'Stimuli': None, 'Condition': None, 'corrAns': None}
27.4199 	EXP 	New trial (rep=0, index=450): {'Stimuli': None, 'Condition': None, 'corrAns': None}
27.4199 	EXP 	New trial (rep=0, index=451): {'Stimuli': None, 'Condition': None, 'corrAns': None}
27.4200 	EXP 	New trial (rep=0, index=452): {'Stimuli': None, 'Condition': None, 'corrAns': None}
27.4201 	EXP 	New trial (rep=0, index=453): {'Stimuli': None, 'Condition': None, 'corrAns': None}
27.4201 	EXP 	New trial (rep=0, index=454): {'Stimuli': None, 'Condition': None, 'corrAns': None}
27.4202 	EXP 	New trial (rep=0, index=455): {'Stimuli': None, 'Condition': None, 'corrAns': None}
27.4203 	EXP 	New trial (rep=0, index=456): {'Stimuli': None, 'Condition': None, 'corrAns': None}
27.4203 	EXP 	New trial (rep=0, index=457): {'Stimuli': None, 'Condition': None, 'corrAns': None}
27.4204 	EXP 	New trial (rep=0, index=458): {'Stimuli': None, 'Condition': None, 'corrAns': None}
27.4205 	EXP 	New trial (rep=0, index=459): {'Stimuli': None, 'Condition': None, 'corrAns': None}
27.4205 	EXP 	New trial (rep=0, index=460): {'Stimuli': None, 'Condition': None, 'corrAns': None}
27.4206 	EXP 	New trial (rep=0, index=461): {'Stimuli': None, 'Condition': None, 'corrAns': None}
27.4206 	EXP 	New trial (rep=0, index=462): {'Stimuli': None, 'Condition': None, 'corrAns': None}
27.4207 	EXP 	New trial (rep=0, index=463): {'Stimuli': None, 'Condition': None, 'corrAns': None}
27.4208 	EXP 	New trial (rep=0, index=464): {'Stimuli': None, 'Condition': None, 'corrAns': None}
27.4208 	EXP 	New trial (rep=0, index=465): {'Stimuli': None, 'Condition': None, 'corrAns': None}
27.4209 	EXP 	New trial (rep=0, index=466): {'Stimuli': None, 'Condition': None, 'corrAns': None}
27.4210 	EXP 	New trial (rep=0, index=467): {'Stimuli': None, 'Condition': None, 'corrAns': None}
27.4211 	EXP 	New trial (rep=0, index=468): {'Stimuli': None, 'Condition': None, 'corrAns': None}
27.4212 	EXP 	New trial (rep=0, index=469): {'Stimuli': None, 'Condition': None, 'corrAns': None}
27.4212 	EXP 	New trial (rep=0, index=470): {'Stimuli': None, 'Condition': None, 'corrAns': None}
27.4213 	EXP 	New trial (rep=0, index=471): {'Stimuli': None, 'Condition': None, 'corrAns': None}
27.4214 	EXP 	New trial (rep=0, index=472): {'Stimuli': None, 'Condition': None, 'corrAns': None}
27.4214 	EXP 	New trial (rep=0, index=473): {'Stimuli': None, 'Condition': None, 'corrAns': None}
27.4215 	EXP 	New trial (rep=0, index=474): {'Stimuli': None, 'Condition': None, 'corrAns': None}
27.4216 	EXP 	New trial (rep=0, index=475): {'Stimuli': None, 'Condition': None, 'corrAns': None}
27.4216 	EXP 	New trial (rep=0, index=476): {'Stimuli': None, 'Condition': None, 'corrAns': None}
27.4217 	EXP 	New trial (rep=0, index=477): {'Stimuli': None, 'Condition': None, 'corrAns': None}
27.4217 	EXP 	New trial (rep=0, index=478): {'Stimuli': None, 'Condition': None, 'corrAns': None}
27.4218 	EXP 	New trial (rep=0, index=479): {'Stimuli': None, 'Condition': None, 'corrAns': None}
27.4219 	EXP 	New trial (rep=0, index=480): {'Stimuli': None, 'Condition': None, 'corrAns': None}
27.4220 	EXP 	New trial (rep=0, index=481): {'Stimuli': None, 'Condition': None, 'corrAns': None}
27.4220 	EXP 	New trial (rep=0, index=482): {'Stimuli': None, 'Condition': None, 'corrAns': None}
27.4221 	EXP 	New trial (rep=0, index=483): {'Stimuli': None, 'Condition': None, 'corrAns': None}
27.4221 	EXP 	New trial (rep=0, index=484): {'Stimuli': None, 'Condition': None, 'corrAns': None}
27.4222 	EXP 	New trial (rep=0, index=485): {'Stimuli': None, 'Condition': None, 'corrAns': None}
27.4223 	EXP 	New trial (rep=0, index=486): {'Stimuli': None, 'Condition': None, 'corrAns': None}
27.4224 	EXP 	New trial (rep=0, index=487): {'Stimuli': None, 'Condition': None, 'corrAns': None}
27.4224 	EXP 	New trial (rep=0, index=488): {'Stimuli': None, 'Condition': None, 'corrAns': None}
27.4225 	EXP 	New trial (rep=0, index=489): {'Stimuli': None, 'Condition': None, 'corrAns': None}
27.4226 	EXP 	New trial (rep=0, index=490): {'Stimuli': None, 'Condition': None, 'corrAns': None}
27.4227 	EXP 	New trial (rep=0, index=491): {'Stimuli': None, 'Condition': None, 'corrAns': None}
27.4228 	EXP 	New trial (rep=0, index=492): {'Stimuli': None, 'Condition': None, 'corrAns': None}
27.4229 	EXP 	New trial (rep=0, index=493): {'Stimuli': None, 'Condition': None, 'corrAns': None}
27.4231 	EXP 	New trial (rep=0, index=494): {'Stimuli': None, 'Condition': None, 'corrAns': None}
27.4233 	EXP 	New trial (rep=0, index=495): {'Stimuli': None, 'Condition': None, 'corrAns': None}
27.4234 	EXP 	New trial (rep=0, index=496): {'Stimuli': None, 'Condition': None, 'corrAns': None}
27.4236 	EXP 	New trial (rep=0, index=497): {'Stimuli': None, 'Condition': None, 'corrAns': None}
27.4238 	EXP 	New trial (rep=0, index=498): {'Stimuli': None, 'Condition': None, 'corrAns': None}
27.4239 	EXP 	New trial (rep=0, index=499): {'Stimuli': None, 'Condition': None, 'corrAns': None}
27.4240 	EXP 	New trial (rep=0, index=500): {'Stimuli': None, 'Condition': None, 'corrAns': None}
27.4242 	EXP 	New trial (rep=0, index=501): {'Stimuli': None, 'Condition': None, 'corrAns': None}
27.4243 	EXP 	New trial (rep=0, index=502): {'Stimuli': None, 'Condition': None, 'corrAns': None}
27.4243 	EXP 	New trial (rep=0, index=503): {'Stimuli': None, 'Condition': None, 'corrAns': None}
27.4244 	EXP 	New trial (rep=0, index=504): {'Stimuli': None, 'Condition': None, 'corrAns': None}
27.4245 	EXP 	New trial (rep=0, index=505): {'Stimuli': None, 'Condition': None, 'corrAns': None}
27.4245 	EXP 	New trial (rep=0, index=506): {'Stimuli': None, 'Condition': None, 'corrAns': None}
27.4246 	EXP 	New trial (rep=0, index=507): {'Stimuli': None, 'Condition': None, 'corrAns': None}
27.4247 	EXP 	New trial (rep=0, index=508): {'Stimuli': None, 'Condition': None, 'corrAns': None}
27.4247 	EXP 	New trial (rep=0, index=509): {'Stimuli': None, 'Condition': None, 'corrAns': None}
27.4248 	EXP 	New trial (rep=0, index=510): {'Stimuli': None, 'Condition': None, 'corrAns': None}
27.4249 	EXP 	New trial (rep=0, index=511): {'Stimuli': None, 'Condition': None, 'corrAns': None}
27.4249 	EXP 	New trial (rep=0, index=512): {'Stimuli': None, 'Condition': None, 'corrAns': None}
27.4250 	EXP 	New trial (rep=0, index=513): {'Stimuli': None, 'Condition': None, 'corrAns': None}
27.4251 	EXP 	New trial (rep=0, index=514): {'Stimuli': None, 'Condition': None, 'corrAns': None}
27.4251 	EXP 	New trial (rep=0, index=515): {'Stimuli': None, 'Condition': None, 'corrAns': None}
27.4252 	EXP 	New trial (rep=0, index=516): {'Stimuli': None, 'Condition': None, 'corrAns': None}
27.4252 	EXP 	New trial (rep=0, index=517): {'Stimuli': None, 'Condition': None, 'corrAns': None}
27.4253 	EXP 	New trial (rep=0, index=518): {'Stimuli': None, 'Condition': None, 'corrAns': None}
27.4254 	EXP 	New trial (rep=0, index=519): {'Stimuli': None, 'Condition': None, 'corrAns': None}
27.4254 	EXP 	New trial (rep=0, index=520): {'Stimuli': None, 'Condition': None, 'corrAns': None}
27.4255 	EXP 	New trial (rep=0, index=521): {'Stimuli': None, 'Condition': None, 'corrAns': None}
27.4256 	EXP 	New trial (rep=0, index=522): {'Stimuli': None, 'Condition': None, 'corrAns': None}
27.4256 	EXP 	New trial (rep=0, index=523): {'Stimuli': None, 'Condition': None, 'corrAns': None}
27.4257 	EXP 	New trial (rep=0, index=524): {'Stimuli': None, 'Condition': None, 'corrAns': None}
27.4258 	EXP 	New trial (rep=0, index=525): {'Stimuli': None, 'Condition': None, 'corrAns': None}
27.4258 	EXP 	New trial (rep=0, index=526): {'Stimuli': None, 'Condition': None, 'corrAns': None}
27.4259 	EXP 	New trial (rep=0, index=527): {'Stimuli': None, 'Condition': None, 'corrAns': None}
27.4259 	EXP 	New trial (rep=0, index=528): {'Stimuli': None, 'Condition': None, 'corrAns': None}
27.4260 	EXP 	New trial (rep=0, index=529): {'Stimuli': None, 'Condition': None, 'corrAns': None}
27.4261 	EXP 	New trial (rep=0, index=530): {'Stimuli': None, 'Condition': None, 'corrAns': None}
27.4261 	EXP 	New trial (rep=0, index=531): {'Stimuli': None, 'Condition': None, 'corrAns': None}
27.4262 	EXP 	New trial (rep=0, index=532): {'Stimuli': None, 'Condition': None, 'corrAns': None}
27.4263 	EXP 	New trial (rep=0, index=533): {'Stimuli': None, 'Condition': None, 'corrAns': None}
27.4263 	EXP 	New trial (rep=0, index=534): {'Stimuli': None, 'Condition': None, 'corrAns': None}
27.4264 	EXP 	New trial (rep=0, index=535): {'Stimuli': None, 'Condition': None, 'corrAns': None}
27.4265 	EXP 	New trial (rep=0, index=536): {'Stimuli': None, 'Condition': None, 'corrAns': None}
27.4265 	EXP 	New trial (rep=0, index=537): {'Stimuli': None, 'Condition': None, 'corrAns': None}
27.4266 	EXP 	New trial (rep=0, index=538): {'Stimuli': None, 'Condition': None, 'corrAns': None}
27.4267 	EXP 	New trial (rep=0, index=539): {'Stimuli': None, 'Condition': None, 'corrAns': None}
27.4267 	EXP 	New trial (rep=0, index=540): {'Stimuli': None, 'Condition': None, 'corrAns': None}
27.4268 	EXP 	New trial (rep=0, index=541): {'Stimuli': None, 'Condition': None, 'corrAns': None}
27.4268 	EXP 	New trial (rep=0, index=542): {'Stimuli': None, 'Condition': None, 'corrAns': None}
27.4269 	EXP 	New trial (rep=0, index=543): {'Stimuli': None, 'Condition': None, 'corrAns': None}
27.4270 	EXP 	New trial (rep=0, index=544): {'Stimuli': None, 'Condition': None, 'corrAns': None}
27.4270 	EXP 	New trial (rep=0, index=545): {'Stimuli': None, 'Condition': None, 'corrAns': None}
27.4271 	EXP 	New trial (rep=0, index=546): {'Stimuli': None, 'Condition': None, 'corrAns': None}
27.4272 	EXP 	New trial (rep=0, index=547): {'Stimuli': None, 'Condition': None, 'corrAns': None}
27.4274 	EXP 	New trial (rep=0, index=548): {'Stimuli': None, 'Condition': None, 'corrAns': None}
27.4276 	EXP 	New trial (rep=0, index=549): {'Stimuli': None, 'Condition': None, 'corrAns': None}
27.4279 	EXP 	New trial (rep=0, index=550): {'Stimuli': None, 'Condition': None, 'corrAns': None}
27.4281 	EXP 	New trial (rep=0, index=551): {'Stimuli': None, 'Condition': None, 'corrAns': None}
27.4282 	EXP 	New trial (rep=0, index=552): {'Stimuli': None, 'Condition': None, 'corrAns': None}
27.4283 	EXP 	New trial (rep=0, index=553): {'Stimuli': None, 'Condition': None, 'corrAns': None}
27.4285 	EXP 	New trial (rep=0, index=554): {'Stimuli': None, 'Condition': None, 'corrAns': None}
27.4286 	EXP 	New trial (rep=0, index=555): {'Stimuli': None, 'Condition': None, 'corrAns': None}
27.4286 	EXP 	New trial (rep=0, index=556): {'Stimuli': None, 'Condition': None, 'corrAns': None}
27.4287 	EXP 	New trial (rep=0, index=557): {'Stimuli': None, 'Condition': None, 'corrAns': None}
27.4288 	EXP 	New trial (rep=0, index=558): {'Stimuli': None, 'Condition': None, 'corrAns': None}
27.4288 	EXP 	New trial (rep=0, index=559): {'Stimuli': None, 'Condition': None, 'corrAns': None}
27.4289 	EXP 	New trial (rep=0, index=560): {'Stimuli': None, 'Condition': None, 'corrAns': None}
27.4290 	EXP 	New trial (rep=0, index=561): {'Stimuli': None, 'Condition': None, 'corrAns': None}
27.4290 	EXP 	New trial (rep=0, index=562): {'Stimuli': None, 'Condition': None, 'corrAns': None}
27.4291 	EXP 	New trial (rep=0, index=563): {'Stimuli': None, 'Condition': None, 'corrAns': None}
27.4292 	EXP 	New trial (rep=0, index=564): {'Stimuli': None, 'Condition': None, 'corrAns': None}
27.4292 	EXP 	New trial (rep=0, index=565): {'Stimuli': None, 'Condition': None, 'corrAns': None}
27.4293 	EXP 	New trial (rep=0, index=566): {'Stimuli': None, 'Condition': None, 'corrAns': None}
27.4294 	EXP 	New trial (rep=0, index=567): {'Stimuli': None, 'Condition': None, 'corrAns': None}
27.4294 	EXP 	New trial (rep=0, index=568): {'Stimuli': None, 'Condition': None, 'corrAns': None}
27.4295 	EXP 	New trial (rep=0, index=569): {'Stimuli': None, 'Condition': None, 'corrAns': None}
27.4296 	EXP 	New trial (rep=0, index=570): {'Stimuli': None, 'Condition': None, 'corrAns': None}
27.4296 	EXP 	New trial (rep=0, index=571): {'Stimuli': None, 'Condition': None, 'corrAns': None}
27.4297 	EXP 	New trial (rep=0, index=572): {'Stimuli': None, 'Condition': None, 'corrAns': None}
27.4297 	EXP 	New trial (rep=0, index=573): {'Stimuli': None, 'Condition': None, 'corrAns': None}
27.4298 	EXP 	New trial (rep=0, index=574): {'Stimuli': None, 'Condition': None, 'corrAns': None}
27.4299 	EXP 	New trial (rep=0, index=575): {'Stimuli': None, 'Condition': None, 'corrAns': None}
27.4299 	EXP 	New trial (rep=0, index=576): {'Stimuli': None, 'Condition': None, 'corrAns': None}
27.4300 	EXP 	New trial (rep=0, index=577): {'Stimuli': None, 'Condition': None, 'corrAns': None}
27.4301 	EXP 	New trial (rep=0, index=578): {'Stimuli': None, 'Condition': None, 'corrAns': None}
27.4301 	EXP 	New trial (rep=0, index=579): {'Stimuli': None, 'Condition': None, 'corrAns': None}
27.4302 	EXP 	New trial (rep=0, index=580): {'Stimuli': None, 'Condition': None, 'corrAns': None}
27.4303 	EXP 	New trial (rep=0, index=581): {'Stimuli': None, 'Condition': None, 'corrAns': None}
27.4303 	EXP 	New trial (rep=0, index=582): {'Stimuli': None, 'Condition': None, 'corrAns': None}
27.4304 	EXP 	New trial (rep=0, index=583): {'Stimuli': None, 'Condition': None, 'corrAns': None}
27.4305 	EXP 	New trial (rep=0, index=584): {'Stimuli': None, 'Condition': None, 'corrAns': None}
27.4305 	EXP 	New trial (rep=0, index=585): {'Stimuli': None, 'Condition': None, 'corrAns': None}
27.4306 	EXP 	New trial (rep=0, index=586): {'Stimuli': None, 'Condition': None, 'corrAns': None}
27.4307 	EXP 	New trial (rep=0, index=587): {'Stimuli': None, 'Condition': None, 'corrAns': None}
27.4307 	EXP 	New trial (rep=0, index=588): {'Stimuli': None, 'Condition': None, 'corrAns': None}
27.4308 	EXP 	New trial (rep=0, index=589): {'Stimuli': None, 'Condition': None, 'corrAns': None}
27.4309 	EXP 	New trial (rep=0, index=590): {'Stimuli': None, 'Condition': None, 'corrAns': None}
27.4309 	EXP 	New trial (rep=0, index=591): {'Stimuli': None, 'Condition': None, 'corrAns': None}
27.4310 	EXP 	New trial (rep=0, index=592): {'Stimuli': None, 'Condition': None, 'corrAns': None}
27.4311 	EXP 	New trial (rep=0, index=593): {'Stimuli': None, 'Condition': None, 'corrAns': None}
27.4311 	EXP 	New trial (rep=0, index=594): {'Stimuli': None, 'Condition': None, 'corrAns': None}
27.4312 	EXP 	New trial (rep=0, index=595): {'Stimuli': None, 'Condition': None, 'corrAns': None}
27.4313 	EXP 	New trial (rep=0, index=596): {'Stimuli': None, 'Condition': None, 'corrAns': None}
27.4367 	EXP 	image_2: autoDraw = False
27.4367 	EXP 	imagePres: autoDraw = False
27.4367 	EXP 	image_2: autoDraw = False
27.4367 	EXP 	imagePres: autoDraw = False
27.4367 	EXP 	text_2: autoDraw = True
27.4367 	EXP 	image_3: autoDraw = True
35.5425 	DATA 	Mouse: Left button down, pos=(1030,865)
35.5935 	DATA 	Mouse:  Left button up, pos=(1030,865)
35.7592 	DATA 	Keypress: escape
35.7740 	EXP 	window1: mouseVisible = True
