1.4023 	WARNING 	Speech-to-text recognition module not available (use command `pip install SpeechRecognition` to get it. Transcription will be unavailable.
1.5905 	WARNING 	We strongly recommend you activate the PTB sound engine in PsychoPy prefs as the preferred audio engine. Its timing is vastly superior. Your prefs are currently set to use ['sounddevice', 'PTB', 'pyo', 'pygame'] (in that order).
9.7864 	WARNING 	User requested fullscreen with size [1440  900], but screen is actually [1920, 1200]. Using actual size
10.4687 	EXP 	Created window1 = Window(allowGUI=False, allowStencil=False, autoLog=True, backendConf=UNKNOWN, bitsMode=UNKNOWN, blendMode='avg', bpc=(8, 8, 8), color=array([0, 0, 0]), colorSpace='rgb', depthBits=8, fullscr=<method-wrapper '__getattribute__' of attributeSetter object at 0x7efd524bcf70>, gamma=None, gammaErrorPolicy='raise', lms=UNKNOWN, monitor=<psychopy.monitors.calibTools.Monitor object at 0x7efd2edc6640>, multiSample=False, name='window1', numSamples=2, pos=[0.0, 0.0], screen=0, size=array([1920, 1200]), stencilBits=0, stereo=False, units='norm', useFBO=True, useRetina=False, viewOri=0.0, viewPos=None, viewScale=None, waitBlanking=True, winType='pyglet')
10.4688 	EXP 	window1: mouseVisible = True
10.4688 	EXP 	window1: recordFrameIntervals = False
10.6353 	EXP 	window1: recordFrameIntervals = True
10.8189 	EXP 	window1: recordFrameIntervals = False
10.8275 	EXP 	Created image = ImageStim(__class__=<class 'psychopy.visual.image.ImageStim'>, autoLog=True, color=array([1., 1., 1.]), colorSpace='rgb', contrast=1.0, depth=0.0, flipHoriz=False, flipVert=False, image=None, interpolate=True, mask=None, maskParams=None, name='image', opacity=1, ori=0.0, pos=array([0., 0.]), size=array([10., 10.]), texRes=128, units='norm', win=Window(...))
10.8286 	EXP 	Created image_2 = ImageStim(__class__=<class 'psychopy.visual.image.ImageStim'>, autoLog=True, color=array([1., 1., 1.]), colorSpace='rgb', contrast=1.0, depth=-1.0, flipHoriz=False, flipVert=False, image=None, interpolate=True, mask=None, maskParams=None, name='image_2', opacity=1, ori=0.0, pos=array([0., 0.]), size=array([10., 10.]), texRes=128, units='norm', win=Window(...))
10.8322 	EXP 	Created imagePres = ImageStim(__class__=<class 'psychopy.visual.image.ImageStim'>, autoLog=True, color=array([1., 1., 1.]), colorSpace='rgb', contrast=1.0, depth=-2.0, flipHoriz=False, flipVert=False, image='sin', interpolate=True, mask=None, maskParams=None, name='imagePres', opacity=1, ori=0.0, pos=array([0., 0.]), size=array([1., 1.]), texRes=128, units='norm', win=Window(...))
10.9118 	EXP 	Created text_2 = TextStim(__class__=<class 'psychopy.visual.text.TextStim'>, alignHoriz=method-wrapper(...), alignText='center', alignVert=method-wrapper(...), anchorHoriz='center', anchorVert='center', antialias=True, autoLog=True, bold=False, color=array([-1., -1., -1.]), colorSpace='rgb', contrast=1.0, depth=0.0, flipHoriz=False, flipVert=False, font='Arial', fontFiles=[], height=0.1, italic=False, languageStyle='LTR', name='text_2', opacity=1, ori=0, pos=array([0., 0.]), rgb=UNKNOWN, text='Thanks!', units='norm', win=Window(...), wrapWidth=1)
10.9126 	EXP 	Created image_3 = ImageStim(__class__=<class 'psychopy.visual.image.ImageStim'>, autoLog=True, color=array([1., 1., 1.]), colorSpace='rgb', contrast=1.0, depth=-2.0, flipHoriz=False, flipVert=False, image=None, interpolate=True, mask=None, maskParams=None, name='image_3', opacity=1, ori=0.0, pos=array([0., 0.]), size=array([10., 10.]), texRes=128, units='norm', win=Window(...))
10.9170 	EXP 	Created unnamed TextStim = TextStim(__class__=<class 'psychopy.visual.text.TextStim'>, alignHoriz=method-wrapper(...), alignText='center', alignVert=method-wrapper(...), anchorHoriz='center', anchorVert='center', antialias=True, autoLog=True, bold=False, color=array([0.5, 0.5, 0.5]), colorSpace='rgb', contrast=1.0, depth=0, flipHoriz=False, flipVert=False, font='', fontFiles=[], height=0.05, italic=False, languageStyle='LTR', name='unnamed TextStim', opacity=1.0, ori=0.0, pos=array([0., 0.]), rgb=UNKNOWN, text='Hello World', units='norm', win=Window(...), wrapWidth=1)
10.9170 	EXP 	launchScan: vol: 5  TR: 2.000s  skip: 0  sync: 't'
10.9234 	EXP 	window1: mouseVisible = True
10.9526 	EXP 	unnamed RatingScale: flipVert = False
18.5750 	DATA 	Keypress: return
18.5918 	EXP 	window1: mouseVisible = False
18.6085 	DATA 	EmulatedKey: t
18.6086 	EXP 	launchScan: start of scan
18.6415 	EXP 	unnamed TextStim: text = '0 volumes\n0.000 seconds'
20.6084 	DATA 	EmulatedKey: t
20.6540 	EXP 	Imported ./runOne.xlsx as conditions, 597 conditions, 3 params
20.6582 	EXP 	Created sequence: sequential, trialTypes=597, nReps=1, seed=None
20.6586 	EXP 	New trial (rep=0, index=0): {'Stimuli': '7_1_5.png', 'Condition': 'bee', 'corrAns': None}
20.6777 	EXP 	window1: recordFrameIntervals = False
20.6932 	EXP 	image: autoDraw = False
20.6932 	EXP 	imagePres: pos = array([0., 0.])
20.6932 	EXP 	imagePres: image = '../img/7_1_5.png'
20.6932 	EXP 	image_2: autoDraw = True
20.6932 	EXP 	imagePres: autoDraw = True
20.6935 	EXP 	window1: recordFrameIntervals = False
21.6111 	EXP 	New trial (rep=0, index=1): {'Stimuli': '7_1_8.png', 'Condition': 'bee', 'corrAns': None}
21.6312 	EXP 	window1: recordFrameIntervals = False
21.6440 	EXP 	image_2: autoDraw = False
21.6440 	EXP 	imagePres: autoDraw = False
21.6440 	EXP 	image_2: autoDraw = False
21.6440 	EXP 	imagePres: autoDraw = False
21.6440 	EXP 	imagePres: pos = array([0., 0.])
21.6440 	EXP 	imagePres: image = '../img/7_1_8.png'
21.6440 	EXP 	image_2: autoDraw = True
21.6440 	EXP 	imagePres: autoDraw = True
21.6442 	EXP 	window1: recordFrameIntervals = False
22.5616 	EXP 	New trial (rep=0, index=2): {'Stimuli': '7_1_2.png', 'Condition': 'bee', 'corrAns': None}
22.6084 	DATA 	EmulatedKey: t
22.6085 	EXP 	window1: recordFrameIntervals = False
22.6281 	EXP 	image_2: autoDraw = False
22.6281 	EXP 	imagePres: autoDraw = False
22.6281 	EXP 	image_2: autoDraw = False
22.6281 	EXP 	imagePres: autoDraw = False
22.6281 	EXP 	imagePres: pos = array([0., 0.])
22.6281 	EXP 	imagePres: image = '../img/7_1_2.png'
22.6281 	EXP 	image_2: autoDraw = True
22.6281 	EXP 	imagePres: autoDraw = True
22.6286 	EXP 	window1: recordFrameIntervals = False
23.5294 	EXP 	New trial (rep=0, index=3): {'Stimuli': '7_1_12.png', 'Condition': 'bee', 'corrAns': None}
23.5525 	EXP 	window1: recordFrameIntervals = False
23.5622 	EXP 	image_2: autoDraw = False
23.5622 	EXP 	imagePres: autoDraw = False
23.5622 	EXP 	imagePres: pos = array([0., 0.])
23.5622 	EXP 	imagePres: image = '../img/7_1_12.png'
23.5622 	EXP 	image_2: autoDraw = True
23.5622 	EXP 	imagePres: autoDraw = True
23.5624 	EXP 	window1: recordFrameIntervals = False
24.4799 	EXP 	New trial (rep=0, index=4): {'Stimuli': '36_1_4.png', 'Condition': 'key', 'corrAns': 'right'}
24.5048 	EXP 	window1: recordFrameIntervals = False
24.5129 	EXP 	image_2: autoDraw = False
24.5129 	EXP 	imagePres: autoDraw = False
24.5129 	EXP 	image_2: autoDraw = False
24.5129 	EXP 	imagePres: autoDraw = False
24.5129 	EXP 	imagePres: pos = array([0., 0.])
24.5129 	EXP 	imagePres: image = '../img/36_1_4.png'
24.5129 	EXP 	image_2: autoDraw = True
24.5129 	EXP 	imagePres: autoDraw = True
24.5133 	EXP 	window1: recordFrameIntervals = False
24.6084 	DATA 	EmulatedKey: t
25.4316 	EXP 	New trial (rep=0, index=5): {'Stimuli': '36_1_7.png', 'Condition': 'key', 'corrAns': None}
25.4512 	EXP 	window1: recordFrameIntervals = False
25.4658 	EXP 	image_2: autoDraw = False
25.4658 	EXP 	imagePres: autoDraw = False
25.4658 	EXP 	image_2: autoDraw = False
25.4658 	EXP 	imagePres: autoDraw = False
25.4658 	EXP 	imagePres: pos = array([0., 0.])
25.4658 	EXP 	imagePres: image = '../img/36_1_7.png'
25.4658 	EXP 	image_2: autoDraw = True
25.4658 	EXP 	imagePres: autoDraw = True
25.4660 	EXP 	window1: recordFrameIntervals = False
26.3984 	EXP 	New trial (rep=0, index=6): {'Stimuli': '36_1_11.png', 'Condition': 'key', 'corrAns': None}
26.4163 	EXP 	window1: recordFrameIntervals = False
26.4311 	EXP 	image_2: autoDraw = False
26.4311 	EXP 	imagePres: autoDraw = False
26.4311 	EXP 	imagePres: pos = array([0., 0.])
26.4311 	EXP 	imagePres: image = '../img/36_1_11.png'
26.4311 	EXP 	image_2: autoDraw = True
26.4311 	EXP 	imagePres: autoDraw = True
26.4313 	EXP 	window1: recordFrameIntervals = False
26.6084 	DATA 	EmulatedKey: t
27.3494 	EXP 	New trial (rep=0, index=7): {'Stimuli': '36_1_14.png', 'Condition': 'key', 'corrAns': None}
27.3750 	EXP 	window1: recordFrameIntervals = False
27.3818 	EXP 	image_2: autoDraw = False
27.3818 	EXP 	imagePres: autoDraw = False
27.3818 	EXP 	image_2: autoDraw = False
27.3818 	EXP 	imagePres: autoDraw = False
27.3818 	EXP 	imagePres: pos = array([0., 0.])
27.3818 	EXP 	imagePres: image = '../img/36_1_14.png'
27.3818 	EXP 	image_2: autoDraw = True
27.3818 	EXP 	imagePres: autoDraw = True
27.3820 	EXP 	window1: recordFrameIntervals = False
28.0943 	DATA 	Keypress: escape
28.6117 	EXP 	window1: mouseVisible = True
