0.8094 	WARNING 	Speech-to-text recognition module not available (use command `pip install SpeechRecognition` to get it. Transcription will be unavailable.
0.9880 	WARNING 	We strongly recommend you activate the PTB sound engine in PsychoPy prefs as the preferred audio engine. Its timing is vastly superior. Your prefs are currently set to use ['sounddevice', 'PTB', 'pyo', 'pygame'] (in that order).
9.3877 	WARNING 	User requested fullscreen with size [1440  900], but screen is actually [1920, 1200]. Using actual size
10.0531 	EXP 	Created window1 = Window(allowGUI=False, allowStencil=False, autoLog=True, backendConf=UNKNOWN, bitsMode=UNKNOWN, blendMode='avg', bpc=(8, 8, 8), color=array([0, 0, 0]), colorSpace='rgb', depthBits=8, fullscr=<method-wrapper '__getattribute__' of attributeSetter object at 0x7f10dae8d0d0>, gamma=None, gammaErrorPolicy='raise', lms=UNKNOWN, monitor=<psychopy.monitors.calibTools.Monitor object at 0x7f10b778b790>, multiSample=False, name='window1', numSamples=2, pos=[0.0, 0.0], screen=0, size=array([1920, 1200]), stencilBits=0, stereo=False, units='norm', useFBO=True, useRetina=False, viewOri=0.0, viewPos=None, viewScale=None, waitBlanking=True, winType='pyglet')
10.0532 	EXP 	window1: mouseVisible = True
10.0532 	EXP 	window1: recordFrameIntervals = False
10.2197 	EXP 	window1: recordFrameIntervals = True
10.4032 	EXP 	window1: recordFrameIntervals = False
10.4043 	EXP 	Created image = ImageStim(__class__=<class 'psychopy.visual.image.ImageStim'>, autoLog=True, color=array([1., 1., 1.]), colorSpace='rgb', contrast=1.0, depth=0.0, flipHoriz=False, flipVert=False, image=None, interpolate=True, mask=None, maskParams=None, name='image', opacity=1, ori=0.0, pos=array([0., 0.]), size=array([10., 10.]), texRes=128, units='norm', win=Window(...))
10.4050 	EXP 	Created image_2 = ImageStim(__class__=<class 'psychopy.visual.image.ImageStim'>, autoLog=True, color=array([1., 1., 1.]), colorSpace='rgb', contrast=1.0, depth=-1.0, flipHoriz=False, flipVert=False, image=None, interpolate=True, mask=None, maskParams=None, name='image_2', opacity=1, ori=0.0, pos=array([0., 0.]), size=array([10., 10.]), texRes=128, units='norm', win=Window(...))
10.4068 	EXP 	Created imagePres = ImageStim(__class__=<class 'psychopy.visual.image.ImageStim'>, autoLog=True, color=array([1., 1., 1.]), colorSpace='rgb', contrast=1.0, depth=-2.0, flipHoriz=False, flipVert=False, image='sin', interpolate=True, mask=None, maskParams=None, name='imagePres', opacity=1, ori=0.0, pos=array([0., 0.]), size=array([1., 1.]), texRes=128, units='norm', win=Window(...))
10.4641 	EXP 	Created text_2 = TextStim(__class__=<class 'psychopy.visual.text.TextStim'>, alignHoriz=method-wrapper(...), alignText='center', alignVert=method-wrapper(...), anchorHoriz='center', anchorVert='center', antialias=True, autoLog=True, bold=False, color=array([-1., -1., -1.]), colorSpace='rgb', contrast=1.0, depth=0.0, flipHoriz=False, flipVert=False, font='Arial', fontFiles=[], height=0.1, italic=False, languageStyle='LTR', name='text_2', opacity=1, ori=0, pos=array([0., 0.]), rgb=UNKNOWN, text='Thanks!', units='norm', win=Window(...), wrapWidth=1)
10.4648 	EXP 	Created image_3 = ImageStim(__class__=<class 'psychopy.visual.image.ImageStim'>, autoLog=True, color=array([1., 1., 1.]), colorSpace='rgb', contrast=1.0, depth=-2.0, flipHoriz=False, flipVert=False, image=None, interpolate=True, mask=None, maskParams=None, name='image_3', opacity=1, ori=0.0, pos=array([0., 0.]), size=array([10., 10.]), texRes=128, units='norm', win=Window(...))
10.4689 	EXP 	Created unnamed TextStim = TextStim(__class__=<class 'psychopy.visual.text.TextStim'>, alignHoriz=method-wrapper(...), alignText='center', alignVert=method-wrapper(...), anchorHoriz='center', anchorVert='center', antialias=True, autoLog=True, bold=False, color=array([0.5, 0.5, 0.5]), colorSpace='rgb', contrast=1.0, depth=0, flipHoriz=False, flipVert=False, font='', fontFiles=[], height=0.05, italic=False, languageStyle='LTR', name='unnamed TextStim', opacity=1.0, ori=0.0, pos=array([0., 0.]), rgb=UNKNOWN, text='Hello World', units='norm', win=Window(...), wrapWidth=1)
10.4689 	EXP 	launchScan: vol: 5  TR: 2.000s  skip: 0  sync: 't'
10.4745 	EXP 	window1: mouseVisible = True
10.5032 	EXP 	unnamed RatingScale: flipVert = False
11.9545 	DATA 	Keypress: return
11.9714 	EXP 	window1: mouseVisible = False
12.0017 	DATA 	EmulatedKey: t
12.0023 	EXP 	launchScan: start of scan
12.0378 	EXP 	unnamed TextStim: text = '0 volumes\n0.000 seconds'
14.0017 	DATA 	EmulatedKey: t
14.0403 	EXP 	Imported ./runOne.xlsx as conditions, 597 conditions, 3 params
14.0438 	EXP 	Created sequence: sequential, trialTypes=597, nReps=1, seed=None
14.0441 	EXP 	New trial (rep=0, index=0): {'Stimuli': '7_1_5.png', 'Condition': 'bee', 'corrAns': None}
14.0605 	EXP 	window1: recordFrameIntervals = False
14.0727 	EXP 	image: autoDraw = False
14.0727 	EXP 	imagePres: pos = array([0., 0.])
14.0727 	EXP 	imagePres: image = '../img/7_1_5.png'
14.0727 	EXP 	image_2: autoDraw = True
14.0727 	EXP 	imagePres: autoDraw = True
14.0729 	EXP 	window1: recordFrameIntervals = False
15.0072 	EXP 	New trial (rep=0, index=1): {'Stimuli': '7_1_8.png', 'Condition': 'bee', 'corrAns': None}
15.0232 	EXP 	window1: recordFrameIntervals = False
15.0404 	EXP 	image_2: autoDraw = False
15.0404 	EXP 	imagePres: autoDraw = False
15.0404 	EXP 	imagePres: pos = array([0., 0.])
15.0404 	EXP 	imagePres: image = '../img/7_1_8.png'
15.0404 	EXP 	image_2: autoDraw = True
15.0404 	EXP 	imagePres: autoDraw = True
15.0405 	EXP 	window1: recordFrameIntervals = False
15.9577 	EXP 	New trial (rep=0, index=2): {'Stimuli': '7_1_2.png', 'Condition': 'bee', 'corrAns': None}
15.9965 	EXP 	window1: recordFrameIntervals = False
16.0017 	DATA 	EmulatedKey: t
16.0079 	EXP 	image_2: autoDraw = False
16.0079 	EXP 	imagePres: autoDraw = False
16.0079 	EXP 	image_2: autoDraw = False
16.0079 	EXP 	imagePres: autoDraw = False
16.0079 	EXP 	imagePres: pos = array([0., 0.])
16.0079 	EXP 	imagePres: image = '../img/7_1_2.png'
16.0079 	EXP 	image_2: autoDraw = True
16.0079 	EXP 	imagePres: autoDraw = True
16.0081 	EXP 	window1: recordFrameIntervals = False
16.9254 	EXP 	New trial (rep=0, index=3): {'Stimuli': '7_1_12.png', 'Condition': 'bee', 'corrAns': None}
16.9396 	EXP 	window1: recordFrameIntervals = False
16.9583 	EXP 	image_2: autoDraw = False
16.9583 	EXP 	imagePres: autoDraw = False
16.9583 	EXP 	imagePres: pos = array([0., 0.])
16.9583 	EXP 	imagePres: image = '../img/7_1_12.png'
16.9583 	EXP 	image_2: autoDraw = True
16.9583 	EXP 	imagePres: autoDraw = True
16.9585 	EXP 	window1: recordFrameIntervals = False
17.8757 	EXP 	New trial (rep=0, index=4): {'Stimuli': '36_1_4.png', 'Condition': 'key', 'corrAns': 'right'}
17.8887 	EXP 	window1: recordFrameIntervals = False
17.9091 	EXP 	image_2: autoDraw = False
17.9091 	EXP 	imagePres: autoDraw = False
17.9091 	EXP 	image_2: autoDraw = False
17.9091 	EXP 	imagePres: autoDraw = False
17.9091 	EXP 	imagePres: pos = array([0., 0.])
17.9091 	EXP 	imagePres: image = '../img/36_1_4.png'
17.9091 	EXP 	image_2: autoDraw = True
17.9091 	EXP 	imagePres: autoDraw = True
17.9093 	EXP 	window1: recordFrameIntervals = False
18.0017 	DATA 	EmulatedKey: t
18.8267 	EXP 	New trial (rep=0, index=5): {'Stimuli': '36_1_7.png', 'Condition': 'key', 'corrAns': None}
18.8386 	EXP 	window1: recordFrameIntervals = False
18.8446 	EXP 	image_2: autoDraw = False
18.8446 	EXP 	imagePres: autoDraw = False
18.8446 	EXP 	image_2: autoDraw = False
18.8446 	EXP 	imagePres: autoDraw = False
18.8446 	EXP 	imagePres: pos = array([0., 0.])
18.8446 	EXP 	imagePres: image = '../img/36_1_7.png'
18.8446 	EXP 	image_2: autoDraw = True
18.8446 	EXP 	imagePres: autoDraw = True
18.8447 	EXP 	window1: recordFrameIntervals = False
19.7774 	EXP 	New trial (rep=0, index=6): {'Stimuli': '36_1_11.png', 'Condition': 'key', 'corrAns': None}
19.7935 	EXP 	window1: recordFrameIntervals = False
19.8106 	EXP 	image_2: autoDraw = False
19.8106 	EXP 	imagePres: autoDraw = False
19.8106 	EXP 	image_2: autoDraw = False
19.8106 	EXP 	imagePres: autoDraw = False
19.8106 	EXP 	imagePres: pos = array([0., 0.])
19.8106 	EXP 	imagePres: image = '../img/36_1_11.png'
19.8106 	EXP 	image_2: autoDraw = True
19.8106 	EXP 	imagePres: autoDraw = True
19.8107 	EXP 	window1: recordFrameIntervals = False
20.0017 	DATA 	EmulatedKey: t
20.7284 	EXP 	New trial (rep=0, index=7): {'Stimuli': '36_1_14.png', 'Condition': 'key', 'corrAns': None}
20.7398 	EXP 	window1: recordFrameIntervals = False
20.7458 	EXP 	image_2: autoDraw = False
20.7458 	EXP 	imagePres: autoDraw = False
20.7458 	EXP 	image_2: autoDraw = False
20.7458 	EXP 	imagePres: autoDraw = False
20.7458 	EXP 	imagePres: pos = array([0., 0.])
20.7458 	EXP 	imagePres: image = '../img/36_1_14.png'
20.7458 	EXP 	image_2: autoDraw = True
20.7458 	EXP 	imagePres: autoDraw = True
20.7459 	EXP 	window1: recordFrameIntervals = False
21.6792 	EXP 	New trial (rep=0, index=8): {'Stimuli': '36_1_5.png', 'Condition': 'key', 'corrAns': None}
21.6928 	EXP 	window1: recordFrameIntervals = False
21.7123 	EXP 	image_2: autoDraw = False
21.7123 	EXP 	imagePres: autoDraw = False
21.7123 	EXP 	image_2: autoDraw = False
21.7123 	EXP 	imagePres: autoDraw = False
21.7123 	EXP 	imagePres: pos = array([0., 0.])
21.7123 	EXP 	imagePres: image = '../img/36_1_5.png'
21.7123 	EXP 	image_2: autoDraw = True
21.7123 	EXP 	imagePres: autoDraw = True
21.7124 	EXP 	window1: recordFrameIntervals = False
22.6294 	EXP 	New trial (rep=0, index=9): {'Stimuli': '36_1_2.png', 'Condition': 'key', 'corrAns': None}
22.6429 	EXP 	window1: recordFrameIntervals = False
22.6628 	EXP 	image_2: autoDraw = False
22.6628 	EXP 	imagePres: autoDraw = False
22.6628 	EXP 	image_2: autoDraw = False
22.6628 	EXP 	imagePres: autoDraw = False
22.6628 	EXP 	imagePres: pos = array([0., 0.])
22.6628 	EXP 	imagePres: image = '../img/36_1_2.png'
22.6628 	EXP 	image_2: autoDraw = True
22.6628 	EXP 	imagePres: autoDraw = True
22.6629 	EXP 	window1: recordFrameIntervals = False
23.5804 	EXP 	New trial (rep=0, index=10): {'Stimuli': None, 'Condition': None, 'corrAns': None}
23.5805 	EXP 	New trial (rep=0, index=11): {'Stimuli': None, 'Condition': None, 'corrAns': None}
23.5805 	EXP 	New trial (rep=0, index=12): {'Stimuli': None, 'Condition': None, 'corrAns': None}
23.5806 	EXP 	New trial (rep=0, index=13): {'Stimuli': None, 'Condition': None, 'corrAns': None}
23.5806 	EXP 	New trial (rep=0, index=14): {'Stimuli': None, 'Condition': None, 'corrAns': None}
23.5807 	EXP 	New trial (rep=0, index=15): {'Stimuli': None, 'Condition': None, 'corrAns': None}
23.5807 	EXP 	New trial (rep=0, index=16): {'Stimuli': None, 'Condition': None, 'corrAns': None}
23.5808 	EXP 	New trial (rep=0, index=17): {'Stimuli': None, 'Condition': None, 'corrAns': None}
23.5808 	EXP 	New trial (rep=0, index=18): {'Stimuli': None, 'Condition': None, 'corrAns': None}
23.5809 	EXP 	New trial (rep=0, index=19): {'Stimuli': None, 'Condition': None, 'corrAns': None}
23.5809 	EXP 	New trial (rep=0, index=20): {'Stimuli': None, 'Condition': None, 'corrAns': None}
23.5810 	EXP 	New trial (rep=0, index=21): {'Stimuli': None, 'Condition': None, 'corrAns': None}
23.5810 	EXP 	New trial (rep=0, index=22): {'Stimuli': None, 'Condition': None, 'corrAns': None}
23.5811 	EXP 	New trial (rep=0, index=23): {'Stimuli': None, 'Condition': None, 'corrAns': None}
23.5811 	EXP 	New trial (rep=0, index=24): {'Stimuli': None, 'Condition': None, 'corrAns': None}
23.5811 	EXP 	New trial (rep=0, index=25): {'Stimuli': None, 'Condition': None, 'corrAns': None}
23.5812 	EXP 	New trial (rep=0, index=26): {'Stimuli': None, 'Condition': None, 'corrAns': None}
23.5812 	EXP 	New trial (rep=0, index=27): {'Stimuli': None, 'Condition': None, 'corrAns': None}
23.5813 	EXP 	New trial (rep=0, index=28): {'Stimuli': None, 'Condition': None, 'corrAns': None}
23.5813 	EXP 	New trial (rep=0, index=29): {'Stimuli': None, 'Condition': None, 'corrAns': None}
23.5814 	EXP 	New trial (rep=0, index=30): {'Stimuli': None, 'Condition': None, 'corrAns': None}
23.5814 	EXP 	New trial (rep=0, index=31): {'Stimuli': None, 'Condition': None, 'corrAns': None}
23.5815 	EXP 	New trial (rep=0, index=32): {'Stimuli': None, 'Condition': None, 'corrAns': None}
23.5815 	EXP 	New trial (rep=0, index=33): {'Stimuli': None, 'Condition': None, 'corrAns': None}
23.5816 	EXP 	New trial (rep=0, index=34): {'Stimuli': None, 'Condition': None, 'corrAns': None}
23.5816 	EXP 	New trial (rep=0, index=35): {'Stimuli': None, 'Condition': None, 'corrAns': None}
23.5816 	EXP 	New trial (rep=0, index=36): {'Stimuli': None, 'Condition': None, 'corrAns': None}
23.5817 	EXP 	New trial (rep=0, index=37): {'Stimuli': None, 'Condition': None, 'corrAns': None}
23.5817 	EXP 	New trial (rep=0, index=38): {'Stimuli': None, 'Condition': None, 'corrAns': None}
23.5818 	EXP 	New trial (rep=0, index=39): {'Stimuli': None, 'Condition': None, 'corrAns': None}
23.5818 	EXP 	New trial (rep=0, index=40): {'Stimuli': None, 'Condition': None, 'corrAns': None}
23.5819 	EXP 	New trial (rep=0, index=41): {'Stimuli': None, 'Condition': None, 'corrAns': None}
23.5819 	EXP 	New trial (rep=0, index=42): {'Stimuli': None, 'Condition': None, 'corrAns': None}
23.5820 	EXP 	New trial (rep=0, index=43): {'Stimuli': None, 'Condition': None, 'corrAns': None}
23.5820 	EXP 	New trial (rep=0, index=44): {'Stimuli': None, 'Condition': None, 'corrAns': None}
23.5821 	EXP 	New trial (rep=0, index=45): {'Stimuli': None, 'Condition': None, 'corrAns': None}
23.5821 	EXP 	New trial (rep=0, index=46): {'Stimuli': None, 'Condition': None, 'corrAns': None}
23.5821 	EXP 	New trial (rep=0, index=47): {'Stimuli': None, 'Condition': None, 'corrAns': None}
23.5822 	EXP 	New trial (rep=0, index=48): {'Stimuli': None, 'Condition': None, 'corrAns': None}
23.5822 	EXP 	New trial (rep=0, index=49): {'Stimuli': None, 'Condition': None, 'corrAns': None}
23.5823 	EXP 	New trial (rep=0, index=50): {'Stimuli': None, 'Condition': None, 'corrAns': None}
23.5823 	EXP 	New trial (rep=0, index=51): {'Stimuli': None, 'Condition': None, 'corrAns': None}
23.5824 	EXP 	New trial (rep=0, index=52): {'Stimuli': None, 'Condition': None, 'corrAns': None}
23.5824 	EXP 	New trial (rep=0, index=53): {'Stimuli': None, 'Condition': None, 'corrAns': None}
23.5825 	EXP 	New trial (rep=0, index=54): {'Stimuli': None, 'Condition': None, 'corrAns': None}
23.5825 	EXP 	New trial (rep=0, index=55): {'Stimuli': None, 'Condition': None, 'corrAns': None}
23.5825 	EXP 	New trial (rep=0, index=56): {'Stimuli': None, 'Condition': None, 'corrAns': None}
23.5826 	EXP 	New trial (rep=0, index=57): {'Stimuli': None, 'Condition': None, 'corrAns': None}
23.5826 	EXP 	New trial (rep=0, index=58): {'Stimuli': None, 'Condition': None, 'corrAns': None}
23.5827 	EXP 	New trial (rep=0, index=59): {'Stimuli': None, 'Condition': None, 'corrAns': None}
23.5827 	EXP 	New trial (rep=0, index=60): {'Stimuli': None, 'Condition': None, 'corrAns': None}
23.5828 	EXP 	New trial (rep=0, index=61): {'Stimuli': None, 'Condition': None, 'corrAns': None}
23.5828 	EXP 	New trial (rep=0, index=62): {'Stimuli': None, 'Condition': None, 'corrAns': None}
23.5829 	EXP 	New trial (rep=0, index=63): {'Stimuli': None, 'Condition': None, 'corrAns': None}
23.5829 	EXP 	New trial (rep=0, index=64): {'Stimuli': None, 'Condition': None, 'corrAns': None}
23.5830 	EXP 	New trial (rep=0, index=65): {'Stimuli': None, 'Condition': None, 'corrAns': None}
23.5831 	EXP 	New trial (rep=0, index=66): {'Stimuli': None, 'Condition': None, 'corrAns': None}
23.5831 	EXP 	New trial (rep=0, index=67): {'Stimuli': None, 'Condition': None, 'corrAns': None}
23.5832 	EXP 	New trial (rep=0, index=68): {'Stimuli': None, 'Condition': None, 'corrAns': None}
23.5832 	EXP 	New trial (rep=0, index=69): {'Stimuli': None, 'Condition': None, 'corrAns': None}
23.5833 	EXP 	New trial (rep=0, index=70): {'Stimuli': None, 'Condition': None, 'corrAns': None}
23.5833 	EXP 	New trial (rep=0, index=71): {'Stimuli': None, 'Condition': None, 'corrAns': None}
23.5834 	EXP 	New trial (rep=0, index=72): {'Stimuli': None, 'Condition': None, 'corrAns': None}
23.5835 	EXP 	New trial (rep=0, index=73): {'Stimuli': None, 'Condition': None, 'corrAns': None}
23.5835 	EXP 	New trial (rep=0, index=74): {'Stimuli': None, 'Condition': None, 'corrAns': None}
23.5836 	EXP 	New trial (rep=0, index=75): {'Stimuli': None, 'Condition': None, 'corrAns': None}
23.5836 	EXP 	New trial (rep=0, index=76): {'Stimuli': None, 'Condition': None, 'corrAns': None}
23.5837 	EXP 	New trial (rep=0, index=77): {'Stimuli': None, 'Condition': None, 'corrAns': None}
23.5837 	EXP 	New trial (rep=0, index=78): {'Stimuli': None, 'Condition': None, 'corrAns': None}
23.5838 	EXP 	New trial (rep=0, index=79): {'Stimuli': None, 'Condition': None, 'corrAns': None}
23.5839 	EXP 	New trial (rep=0, index=80): {'Stimuli': None, 'Condition': None, 'corrAns': None}
23.5839 	EXP 	New trial (rep=0, index=81): {'Stimuli': None, 'Condition': None, 'corrAns': None}
23.5840 	EXP 	New trial (rep=0, index=82): {'Stimuli': None, 'Condition': None, 'corrAns': None}
23.5840 	EXP 	New trial (rep=0, index=83): {'Stimuli': None, 'Condition': None, 'corrAns': None}
23.5841 	EXP 	New trial (rep=0, index=84): {'Stimuli': None, 'Condition': None, 'corrAns': None}
23.5842 	EXP 	New trial (rep=0, index=85): {'Stimuli': None, 'Condition': None, 'corrAns': None}
23.5842 	EXP 	New trial (rep=0, index=86): {'Stimuli': None, 'Condition': None, 'corrAns': None}
23.5843 	EXP 	New trial (rep=0, index=87): {'Stimuli': None, 'Condition': None, 'corrAns': None}
23.5843 	EXP 	New trial (rep=0, index=88): {'Stimuli': None, 'Condition': None, 'corrAns': None}
23.5844 	EXP 	New trial (rep=0, index=89): {'Stimuli': None, 'Condition': None, 'corrAns': None}
23.5844 	EXP 	New trial (rep=0, index=90): {'Stimuli': None, 'Condition': None, 'corrAns': None}
23.5845 	EXP 	New trial (rep=0, index=91): {'Stimuli': None, 'Condition': None, 'corrAns': None}
23.5846 	EXP 	New trial (rep=0, index=92): {'Stimuli': None, 'Condition': None, 'corrAns': None}
23.5846 	EXP 	New trial (rep=0, index=93): {'Stimuli': None, 'Condition': None, 'corrAns': None}
23.5847 	EXP 	New trial (rep=0, index=94): {'Stimuli': None, 'Condition': None, 'corrAns': None}
23.5847 	EXP 	New trial (rep=0, index=95): {'Stimuli': None, 'Condition': None, 'corrAns': None}
23.5848 	EXP 	New trial (rep=0, index=96): {'Stimuli': None, 'Condition': None, 'corrAns': None}
23.5848 	EXP 	New trial (rep=0, index=97): {'Stimuli': None, 'Condition': None, 'corrAns': None}
23.5849 	EXP 	New trial (rep=0, index=98): {'Stimuli': None, 'Condition': None, 'corrAns': None}
23.5850 	EXP 	New trial (rep=0, index=99): {'Stimuli': None, 'Condition': None, 'corrAns': None}
23.5850 	EXP 	New trial (rep=0, index=100): {'Stimuli': None, 'Condition': None, 'corrAns': None}
23.5851 	EXP 	New trial (rep=0, index=101): {'Stimuli': None, 'Condition': None, 'corrAns': None}
23.5851 	EXP 	New trial (rep=0, index=102): {'Stimuli': None, 'Condition': None, 'corrAns': None}
23.5852 	EXP 	New trial (rep=0, index=103): {'Stimuli': None, 'Condition': None, 'corrAns': None}
23.5852 	EXP 	New trial (rep=0, index=104): {'Stimuli': None, 'Condition': None, 'corrAns': None}
23.5853 	EXP 	New trial (rep=0, index=105): {'Stimuli': None, 'Condition': None, 'corrAns': None}
23.5853 	EXP 	New trial (rep=0, index=106): {'Stimuli': None, 'Condition': None, 'corrAns': None}
23.5854 	EXP 	New trial (rep=0, index=107): {'Stimuli': None, 'Condition': None, 'corrAns': None}
23.5855 	EXP 	New trial (rep=0, index=108): {'Stimuli': None, 'Condition': None, 'corrAns': None}
23.5855 	EXP 	New trial (rep=0, index=109): {'Stimuli': None, 'Condition': None, 'corrAns': None}
23.5856 	EXP 	New trial (rep=0, index=110): {'Stimuli': None, 'Condition': None, 'corrAns': None}
23.5856 	EXP 	New trial (rep=0, index=111): {'Stimuli': None, 'Condition': None, 'corrAns': None}
23.5857 	EXP 	New trial (rep=0, index=112): {'Stimuli': None, 'Condition': None, 'corrAns': None}
23.5857 	EXP 	New trial (rep=0, index=113): {'Stimuli': None, 'Condition': None, 'corrAns': None}
23.5858 	EXP 	New trial (rep=0, index=114): {'Stimuli': None, 'Condition': None, 'corrAns': None}
23.5859 	EXP 	New trial (rep=0, index=115): {'Stimuli': None, 'Condition': None, 'corrAns': None}
23.5859 	EXP 	New trial (rep=0, index=116): {'Stimuli': None, 'Condition': None, 'corrAns': None}
23.5860 	EXP 	New trial (rep=0, index=117): {'Stimuli': None, 'Condition': None, 'corrAns': None}
23.5860 	EXP 	New trial (rep=0, index=118): {'Stimuli': None, 'Condition': None, 'corrAns': None}
23.5861 	EXP 	New trial (rep=0, index=119): {'Stimuli': None, 'Condition': None, 'corrAns': None}
23.5861 	EXP 	New trial (rep=0, index=120): {'Stimuli': None, 'Condition': None, 'corrAns': None}
23.5862 	EXP 	New trial (rep=0, index=121): {'Stimuli': None, 'Condition': None, 'corrAns': None}
23.5863 	EXP 	New trial (rep=0, index=122): {'Stimuli': None, 'Condition': None, 'corrAns': None}
23.5863 	EXP 	New trial (rep=0, index=123): {'Stimuli': None, 'Condition': None, 'corrAns': None}
23.5864 	EXP 	New trial (rep=0, index=124): {'Stimuli': None, 'Condition': None, 'corrAns': None}
23.5864 	EXP 	New trial (rep=0, index=125): {'Stimuli': None, 'Condition': None, 'corrAns': None}
23.5865 	EXP 	New trial (rep=0, index=126): {'Stimuli': None, 'Condition': None, 'corrAns': None}
23.5865 	EXP 	New trial (rep=0, index=127): {'Stimuli': None, 'Condition': None, 'corrAns': None}
23.5866 	EXP 	New trial (rep=0, index=128): {'Stimuli': None, 'Condition': None, 'corrAns': None}
23.5867 	EXP 	New trial (rep=0, index=129): {'Stimuli': None, 'Condition': None, 'corrAns': None}
23.5867 	EXP 	New trial (rep=0, index=130): {'Stimuli': None, 'Condition': None, 'corrAns': None}
23.5868 	EXP 	New trial (rep=0, index=131): {'Stimuli': None, 'Condition': None, 'corrAns': None}
23.5868 	EXP 	New trial (rep=0, index=132): {'Stimuli': None, 'Condition': None, 'corrAns': None}
23.5869 	EXP 	New trial (rep=0, index=133): {'Stimuli': None, 'Condition': None, 'corrAns': None}
23.5869 	EXP 	New trial (rep=0, index=134): {'Stimuli': None, 'Condition': None, 'corrAns': None}
23.5870 	EXP 	New trial (rep=0, index=135): {'Stimuli': None, 'Condition': None, 'corrAns': None}
23.5871 	EXP 	New trial (rep=0, index=136): {'Stimuli': None, 'Condition': None, 'corrAns': None}
23.5871 	EXP 	New trial (rep=0, index=137): {'Stimuli': None, 'Condition': None, 'corrAns': None}
23.5872 	EXP 	New trial (rep=0, index=138): {'Stimuli': None, 'Condition': None, 'corrAns': None}
23.5872 	EXP 	New trial (rep=0, index=139): {'Stimuli': None, 'Condition': None, 'corrAns': None}
23.5873 	EXP 	New trial (rep=0, index=140): {'Stimuli': None, 'Condition': None, 'corrAns': None}
23.5873 	EXP 	New trial (rep=0, index=141): {'Stimuli': None, 'Condition': None, 'corrAns': None}
23.5874 	EXP 	New trial (rep=0, index=142): {'Stimuli': None, 'Condition': None, 'corrAns': None}
23.5874 	EXP 	New trial (rep=0, index=143): {'Stimuli': None, 'Condition': None, 'corrAns': None}
23.5875 	EXP 	New trial (rep=0, index=144): {'Stimuli': None, 'Condition': None, 'corrAns': None}
23.5876 	EXP 	New trial (rep=0, index=145): {'Stimuli': None, 'Condition': None, 'corrAns': None}
23.5876 	EXP 	New trial (rep=0, index=146): {'Stimuli': None, 'Condition': None, 'corrAns': None}
23.5877 	EXP 	New trial (rep=0, index=147): {'Stimuli': None, 'Condition': None, 'corrAns': None}
23.5877 	EXP 	New trial (rep=0, index=148): {'Stimuli': None, 'Condition': None, 'corrAns': None}
23.5878 	EXP 	New trial (rep=0, index=149): {'Stimuli': None, 'Condition': None, 'corrAns': None}
23.5878 	EXP 	New trial (rep=0, index=150): {'Stimuli': None, 'Condition': None, 'corrAns': None}
23.5879 	EXP 	New trial (rep=0, index=151): {'Stimuli': None, 'Condition': None, 'corrAns': None}
23.5880 	EXP 	New trial (rep=0, index=152): {'Stimuli': None, 'Condition': None, 'corrAns': None}
23.5880 	EXP 	New trial (rep=0, index=153): {'Stimuli': None, 'Condition': None, 'corrAns': None}
23.5881 	EXP 	New trial (rep=0, index=154): {'Stimuli': None, 'Condition': None, 'corrAns': None}
23.5882 	EXP 	New trial (rep=0, index=155): {'Stimuli': None, 'Condition': None, 'corrAns': None}
23.5882 	EXP 	New trial (rep=0, index=156): {'Stimuli': None, 'Condition': None, 'corrAns': None}
23.5883 	EXP 	New trial (rep=0, index=157): {'Stimuli': None, 'Condition': None, 'corrAns': None}
23.5883 	EXP 	New trial (rep=0, index=158): {'Stimuli': None, 'Condition': None, 'corrAns': None}
23.5884 	EXP 	New trial (rep=0, index=159): {'Stimuli': None, 'Condition': None, 'corrAns': None}
23.5884 	EXP 	New trial (rep=0, index=160): {'Stimuli': None, 'Condition': None, 'corrAns': None}
23.5885 	EXP 	New trial (rep=0, index=161): {'Stimuli': None, 'Condition': None, 'corrAns': None}
23.5886 	EXP 	New trial (rep=0, index=162): {'Stimuli': None, 'Condition': None, 'corrAns': None}
23.5886 	EXP 	New trial (rep=0, index=163): {'Stimuli': None, 'Condition': None, 'corrAns': None}
23.5887 	EXP 	New trial (rep=0, index=164): {'Stimuli': None, 'Condition': None, 'corrAns': None}
23.5887 	EXP 	New trial (rep=0, index=165): {'Stimuli': None, 'Condition': None, 'corrAns': None}
23.5888 	EXP 	New trial (rep=0, index=166): {'Stimuli': None, 'Condition': None, 'corrAns': None}
23.5888 	EXP 	New trial (rep=0, index=167): {'Stimuli': None, 'Condition': None, 'corrAns': None}
23.5889 	EXP 	New trial (rep=0, index=168): {'Stimuli': None, 'Condition': None, 'corrAns': None}
23.5890 	EXP 	New trial (rep=0, index=169): {'Stimuli': None, 'Condition': None, 'corrAns': None}
23.5890 	EXP 	New trial (rep=0, index=170): {'Stimuli': None, 'Condition': None, 'corrAns': None}
23.5891 	EXP 	New trial (rep=0, index=171): {'Stimuli': None, 'Condition': None, 'corrAns': None}
23.5891 	EXP 	New trial (rep=0, index=172): {'Stimuli': None, 'Condition': None, 'corrAns': None}
23.5892 	EXP 	New trial (rep=0, index=173): {'Stimuli': None, 'Condition': None, 'corrAns': None}
23.5892 	EXP 	New trial (rep=0, index=174): {'Stimuli': None, 'Condition': None, 'corrAns': None}
23.5893 	EXP 	New trial (rep=0, index=175): {'Stimuli': None, 'Condition': None, 'corrAns': None}
23.5893 	EXP 	New trial (rep=0, index=176): {'Stimuli': None, 'Condition': None, 'corrAns': None}
23.5894 	EXP 	New trial (rep=0, index=177): {'Stimuli': None, 'Condition': None, 'corrAns': None}
23.5895 	EXP 	New trial (rep=0, index=178): {'Stimuli': None, 'Condition': None, 'corrAns': None}
23.5895 	EXP 	New trial (rep=0, index=179): {'Stimuli': None, 'Condition': None, 'corrAns': None}
23.5896 	EXP 	New trial (rep=0, index=180): {'Stimuli': None, 'Condition': None, 'corrAns': None}
23.5896 	EXP 	New trial (rep=0, index=181): {'Stimuli': None, 'Condition': None, 'corrAns': None}
23.5897 	EXP 	New trial (rep=0, index=182): {'Stimuli': None, 'Condition': None, 'corrAns': None}
23.5897 	EXP 	New trial (rep=0, index=183): {'Stimuli': None, 'Condition': None, 'corrAns': None}
23.5898 	EXP 	New trial (rep=0, index=184): {'Stimuli': None, 'Condition': None, 'corrAns': None}
23.5899 	EXP 	New trial (rep=0, index=185): {'Stimuli': None, 'Condition': None, 'corrAns': None}
23.5899 	EXP 	New trial (rep=0, index=186): {'Stimuli': None, 'Condition': None, 'corrAns': None}
23.5900 	EXP 	New trial (rep=0, index=187): {'Stimuli': None, 'Condition': None, 'corrAns': None}
23.5901 	EXP 	New trial (rep=0, index=188): {'Stimuli': None, 'Condition': None, 'corrAns': None}
23.5901 	EXP 	New trial (rep=0, index=189): {'Stimuli': None, 'Condition': None, 'corrAns': None}
23.5902 	EXP 	New trial (rep=0, index=190): {'Stimuli': None, 'Condition': None, 'corrAns': None}
23.5902 	EXP 	New trial (rep=0, index=191): {'Stimuli': None, 'Condition': None, 'corrAns': None}
23.5903 	EXP 	New trial (rep=0, index=192): {'Stimuli': None, 'Condition': None, 'corrAns': None}
23.5903 	EXP 	New trial (rep=0, index=193): {'Stimuli': None, 'Condition': None, 'corrAns': None}
23.5904 	EXP 	New trial (rep=0, index=194): {'Stimuli': None, 'Condition': None, 'corrAns': None}
23.5905 	EXP 	New trial (rep=0, index=195): {'Stimuli': None, 'Condition': None, 'corrAns': None}
23.5905 	EXP 	New trial (rep=0, index=196): {'Stimuli': None, 'Condition': None, 'corrAns': None}
23.5906 	EXP 	New trial (rep=0, index=197): {'Stimuli': None, 'Condition': None, 'corrAns': None}
23.5906 	EXP 	New trial (rep=0, index=198): {'Stimuli': None, 'Condition': None, 'corrAns': None}
23.5907 	EXP 	New trial (rep=0, index=199): {'Stimuli': None, 'Condition': None, 'corrAns': None}
23.5907 	EXP 	New trial (rep=0, index=200): {'Stimuli': None, 'Condition': None, 'corrAns': None}
23.5908 	EXP 	New trial (rep=0, index=201): {'Stimuli': None, 'Condition': None, 'corrAns': None}
23.5908 	EXP 	New trial (rep=0, index=202): {'Stimuli': None, 'Condition': None, 'corrAns': None}
23.5909 	EXP 	New trial (rep=0, index=203): {'Stimuli': None, 'Condition': None, 'corrAns': None}
23.5910 	EXP 	New trial (rep=0, index=204): {'Stimuli': None, 'Condition': None, 'corrAns': None}
23.5910 	EXP 	New trial (rep=0, index=205): {'Stimuli': None, 'Condition': None, 'corrAns': None}
23.5911 	EXP 	New trial (rep=0, index=206): {'Stimuli': None, 'Condition': None, 'corrAns': None}
23.5911 	EXP 	New trial (rep=0, index=207): {'Stimuli': None, 'Condition': None, 'corrAns': None}
23.5912 	EXP 	New trial (rep=0, index=208): {'Stimuli': None, 'Condition': None, 'corrAns': None}
23.5912 	EXP 	New trial (rep=0, index=209): {'Stimuli': None, 'Condition': None, 'corrAns': None}
23.5913 	EXP 	New trial (rep=0, index=210): {'Stimuli': None, 'Condition': None, 'corrAns': None}
23.5914 	EXP 	New trial (rep=0, index=211): {'Stimuli': None, 'Condition': None, 'corrAns': None}
23.5914 	EXP 	New trial (rep=0, index=212): {'Stimuli': None, 'Condition': None, 'corrAns': None}
23.5915 	EXP 	New trial (rep=0, index=213): {'Stimuli': None, 'Condition': None, 'corrAns': None}
23.5915 	EXP 	New trial (rep=0, index=214): {'Stimuli': None, 'Condition': None, 'corrAns': None}
23.5916 	EXP 	New trial (rep=0, index=215): {'Stimuli': None, 'Condition': None, 'corrAns': None}
23.5916 	EXP 	New trial (rep=0, index=216): {'Stimuli': None, 'Condition': None, 'corrAns': None}
23.5917 	EXP 	New trial (rep=0, index=217): {'Stimuli': None, 'Condition': None, 'corrAns': None}
23.5917 	EXP 	New trial (rep=0, index=218): {'Stimuli': None, 'Condition': None, 'corrAns': None}
23.5918 	EXP 	New trial (rep=0, index=219): {'Stimuli': None, 'Condition': None, 'corrAns': None}
23.5919 	EXP 	New trial (rep=0, index=220): {'Stimuli': None, 'Condition': None, 'corrAns': None}
23.5919 	EXP 	New trial (rep=0, index=221): {'Stimuli': None, 'Condition': None, 'corrAns': None}
23.5920 	EXP 	New trial (rep=0, index=222): {'Stimuli': None, 'Condition': None, 'corrAns': None}
23.5920 	EXP 	New trial (rep=0, index=223): {'Stimuli': None, 'Condition': None, 'corrAns': None}
23.5921 	EXP 	New trial (rep=0, index=224): {'Stimuli': None, 'Condition': None, 'corrAns': None}
23.5921 	EXP 	New trial (rep=0, index=225): {'Stimuli': None, 'Condition': None, 'corrAns': None}
23.5922 	EXP 	New trial (rep=0, index=226): {'Stimuli': None, 'Condition': None, 'corrAns': None}
23.5923 	EXP 	New trial (rep=0, index=227): {'Stimuli': None, 'Condition': None, 'corrAns': None}
23.5923 	EXP 	New trial (rep=0, index=228): {'Stimuli': None, 'Condition': None, 'corrAns': None}
23.5924 	EXP 	New trial (rep=0, index=229): {'Stimuli': None, 'Condition': None, 'corrAns': None}
23.5924 	EXP 	New trial (rep=0, index=230): {'Stimuli': None, 'Condition': None, 'corrAns': None}
23.5925 	EXP 	New trial (rep=0, index=231): {'Stimuli': None, 'Condition': None, 'corrAns': None}
23.5925 	EXP 	New trial (rep=0, index=232): {'Stimuli': None, 'Condition': None, 'corrAns': None}
23.5926 	EXP 	New trial (rep=0, index=233): {'Stimuli': None, 'Condition': None, 'corrAns': None}
23.5927 	EXP 	New trial (rep=0, index=234): {'Stimuli': None, 'Condition': None, 'corrAns': None}
23.5927 	EXP 	New trial (rep=0, index=235): {'Stimuli': None, 'Condition': None, 'corrAns': None}
23.5928 	EXP 	New trial (rep=0, index=236): {'Stimuli': None, 'Condition': None, 'corrAns': None}
23.5928 	EXP 	New trial (rep=0, index=237): {'Stimuli': None, 'Condition': None, 'corrAns': None}
23.5929 	EXP 	New trial (rep=0, index=238): {'Stimuli': None, 'Condition': None, 'corrAns': None}
23.5929 	EXP 	New trial (rep=0, index=239): {'Stimuli': None, 'Condition': None, 'corrAns': None}
23.5930 	EXP 	New trial (rep=0, index=240): {'Stimuli': None, 'Condition': None, 'corrAns': None}
23.5931 	EXP 	New trial (rep=0, index=241): {'Stimuli': None, 'Condition': None, 'corrAns': None}
23.5931 	EXP 	New trial (rep=0, index=242): {'Stimuli': None, 'Condition': None, 'corrAns': None}
23.5932 	EXP 	New trial (rep=0, index=243): {'Stimuli': None, 'Condition': None, 'corrAns': None}
23.5932 	EXP 	New trial (rep=0, index=244): {'Stimuli': None, 'Condition': None, 'corrAns': None}
23.5933 	EXP 	New trial (rep=0, index=245): {'Stimuli': None, 'Condition': None, 'corrAns': None}
23.5933 	EXP 	New trial (rep=0, index=246): {'Stimuli': None, 'Condition': None, 'corrAns': None}
23.5934 	EXP 	New trial (rep=0, index=247): {'Stimuli': None, 'Condition': None, 'corrAns': None}
23.5935 	EXP 	New trial (rep=0, index=248): {'Stimuli': None, 'Condition': None, 'corrAns': None}
23.5935 	EXP 	New trial (rep=0, index=249): {'Stimuli': None, 'Condition': None, 'corrAns': None}
23.5936 	EXP 	New trial (rep=0, index=250): {'Stimuli': None, 'Condition': None, 'corrAns': None}
23.5936 	EXP 	New trial (rep=0, index=251): {'Stimuli': None, 'Condition': None, 'corrAns': None}
23.5937 	EXP 	New trial (rep=0, index=252): {'Stimuli': None, 'Condition': None, 'corrAns': None}
23.5937 	EXP 	New trial (rep=0, index=253): {'Stimuli': None, 'Condition': None, 'corrAns': None}
23.5938 	EXP 	New trial (rep=0, index=254): {'Stimuli': None, 'Condition': None, 'corrAns': None}
23.5938 	EXP 	New trial (rep=0, index=255): {'Stimuli': None, 'Condition': None, 'corrAns': None}
23.5939 	EXP 	New trial (rep=0, index=256): {'Stimuli': None, 'Condition': None, 'corrAns': None}
23.5940 	EXP 	New trial (rep=0, index=257): {'Stimuli': None, 'Condition': None, 'corrAns': None}
23.5940 	EXP 	New trial (rep=0, index=258): {'Stimuli': None, 'Condition': None, 'corrAns': None}
23.5941 	EXP 	New trial (rep=0, index=259): {'Stimuli': None, 'Condition': None, 'corrAns': None}
23.5941 	EXP 	New trial (rep=0, index=260): {'Stimuli': None, 'Condition': None, 'corrAns': None}
23.5942 	EXP 	New trial (rep=0, index=261): {'Stimuli': None, 'Condition': None, 'corrAns': None}
23.5942 	EXP 	New trial (rep=0, index=262): {'Stimuli': None, 'Condition': None, 'corrAns': None}
23.5943 	EXP 	New trial (rep=0, index=263): {'Stimuli': None, 'Condition': None, 'corrAns': None}
23.5944 	EXP 	New trial (rep=0, index=264): {'Stimuli': None, 'Condition': None, 'corrAns': None}
23.5944 	EXP 	New trial (rep=0, index=265): {'Stimuli': None, 'Condition': None, 'corrAns': None}
23.5945 	EXP 	New trial (rep=0, index=266): {'Stimuli': None, 'Condition': None, 'corrAns': None}
23.5945 	EXP 	New trial (rep=0, index=267): {'Stimuli': None, 'Condition': None, 'corrAns': None}
23.5946 	EXP 	New trial (rep=0, index=268): {'Stimuli': None, 'Condition': None, 'corrAns': None}
23.5946 	EXP 	New trial (rep=0, index=269): {'Stimuli': None, 'Condition': None, 'corrAns': None}
23.5947 	EXP 	New trial (rep=0, index=270): {'Stimuli': None, 'Condition': None, 'corrAns': None}
23.5948 	EXP 	New trial (rep=0, index=271): {'Stimuli': None, 'Condition': None, 'corrAns': None}
23.5948 	EXP 	New trial (rep=0, index=272): {'Stimuli': None, 'Condition': None, 'corrAns': None}
23.5949 	EXP 	New trial (rep=0, index=273): {'Stimuli': None, 'Condition': None, 'corrAns': None}
23.5949 	EXP 	New trial (rep=0, index=274): {'Stimuli': None, 'Condition': None, 'corrAns': None}
23.5950 	EXP 	New trial (rep=0, index=275): {'Stimuli': None, 'Condition': None, 'corrAns': None}
23.5950 	EXP 	New trial (rep=0, index=276): {'Stimuli': None, 'Condition': None, 'corrAns': None}
23.5951 	EXP 	New trial (rep=0, index=277): {'Stimuli': None, 'Condition': None, 'corrAns': None}
23.5952 	EXP 	New trial (rep=0, index=278): {'Stimuli': None, 'Condition': None, 'corrAns': None}
23.5952 	EXP 	New trial (rep=0, index=279): {'Stimuli': None, 'Condition': None, 'corrAns': None}
23.5953 	EXP 	New trial (rep=0, index=280): {'Stimuli': None, 'Condition': None, 'corrAns': None}
23.5953 	EXP 	New trial (rep=0, index=281): {'Stimuli': None, 'Condition': None, 'corrAns': None}
23.5954 	EXP 	New trial (rep=0, index=282): {'Stimuli': None, 'Condition': None, 'corrAns': None}
23.5954 	EXP 	New trial (rep=0, index=283): {'Stimuli': None, 'Condition': None, 'corrAns': None}
23.5955 	EXP 	New trial (rep=0, index=284): {'Stimuli': None, 'Condition': None, 'corrAns': None}
23.5956 	EXP 	New trial (rep=0, index=285): {'Stimuli': None, 'Condition': None, 'corrAns': None}
23.5956 	EXP 	New trial (rep=0, index=286): {'Stimuli': None, 'Condition': None, 'corrAns': None}
23.5957 	EXP 	New trial (rep=0, index=287): {'Stimuli': None, 'Condition': None, 'corrAns': None}
23.5957 	EXP 	New trial (rep=0, index=288): {'Stimuli': None, 'Condition': None, 'corrAns': None}
23.5958 	EXP 	New trial (rep=0, index=289): {'Stimuli': None, 'Condition': None, 'corrAns': None}
23.5958 	EXP 	New trial (rep=0, index=290): {'Stimuli': None, 'Condition': None, 'corrAns': None}
23.5959 	EXP 	New trial (rep=0, index=291): {'Stimuli': None, 'Condition': None, 'corrAns': None}
23.5960 	EXP 	New trial (rep=0, index=292): {'Stimuli': None, 'Condition': None, 'corrAns': None}
23.5960 	EXP 	New trial (rep=0, index=293): {'Stimuli': None, 'Condition': None, 'corrAns': None}
23.5961 	EXP 	New trial (rep=0, index=294): {'Stimuli': None, 'Condition': None, 'corrAns': None}
23.5961 	EXP 	New trial (rep=0, index=295): {'Stimuli': None, 'Condition': None, 'corrAns': None}
23.5962 	EXP 	New trial (rep=0, index=296): {'Stimuli': None, 'Condition': None, 'corrAns': None}
23.5963 	EXP 	New trial (rep=0, index=297): {'Stimuli': None, 'Condition': None, 'corrAns': None}
23.5963 	EXP 	New trial (rep=0, index=298): {'Stimuli': None, 'Condition': None, 'corrAns': None}
23.5964 	EXP 	New trial (rep=0, index=299): {'Stimuli': None, 'Condition': None, 'corrAns': None}
23.5964 	EXP 	New trial (rep=0, index=300): {'Stimuli': None, 'Condition': None, 'corrAns': None}
23.5965 	EXP 	New trial (rep=0, index=301): {'Stimuli': None, 'Condition': None, 'corrAns': None}
23.5965 	EXP 	New trial (rep=0, index=302): {'Stimuli': None, 'Condition': None, 'corrAns': None}
23.5966 	EXP 	New trial (rep=0, index=303): {'Stimuli': None, 'Condition': None, 'corrAns': None}
23.5967 	EXP 	New trial (rep=0, index=304): {'Stimuli': None, 'Condition': None, 'corrAns': None}
23.5967 	EXP 	New trial (rep=0, index=305): {'Stimuli': None, 'Condition': None, 'corrAns': None}
23.5968 	EXP 	New trial (rep=0, index=306): {'Stimuli': None, 'Condition': None, 'corrAns': None}
23.5968 	EXP 	New trial (rep=0, index=307): {'Stimuli': None, 'Condition': None, 'corrAns': None}
23.5969 	EXP 	New trial (rep=0, index=308): {'Stimuli': None, 'Condition': None, 'corrAns': None}
23.5969 	EXP 	New trial (rep=0, index=309): {'Stimuli': None, 'Condition': None, 'corrAns': None}
23.5970 	EXP 	New trial (rep=0, index=310): {'Stimuli': None, 'Condition': None, 'corrAns': None}
23.5970 	EXP 	New trial (rep=0, index=311): {'Stimuli': None, 'Condition': None, 'corrAns': None}
23.5971 	EXP 	New trial (rep=0, index=312): {'Stimuli': None, 'Condition': None, 'corrAns': None}
23.5972 	EXP 	New trial (rep=0, index=313): {'Stimuli': None, 'Condition': None, 'corrAns': None}
23.5972 	EXP 	New trial (rep=0, index=314): {'Stimuli': None, 'Condition': None, 'corrAns': None}
23.5973 	EXP 	New trial (rep=0, index=315): {'Stimuli': None, 'Condition': None, 'corrAns': None}
23.5973 	EXP 	New trial (rep=0, index=316): {'Stimuli': None, 'Condition': None, 'corrAns': None}
23.5974 	EXP 	New trial (rep=0, index=317): {'Stimuli': None, 'Condition': None, 'corrAns': None}
23.5975 	EXP 	New trial (rep=0, index=318): {'Stimuli': None, 'Condition': None, 'corrAns': None}
23.5975 	EXP 	New trial (rep=0, index=319): {'Stimuli': None, 'Condition': None, 'corrAns': None}
23.5976 	EXP 	New trial (rep=0, index=320): {'Stimuli': None, 'Condition': None, 'corrAns': None}
23.5976 	EXP 	New trial (rep=0, index=321): {'Stimuli': None, 'Condition': None, 'corrAns': None}
23.5977 	EXP 	New trial (rep=0, index=322): {'Stimuli': None, 'Condition': None, 'corrAns': None}
23.5978 	EXP 	New trial (rep=0, index=323): {'Stimuli': None, 'Condition': None, 'corrAns': None}
23.5978 	EXP 	New trial (rep=0, index=324): {'Stimuli': None, 'Condition': None, 'corrAns': None}
23.5979 	EXP 	New trial (rep=0, index=325): {'Stimuli': None, 'Condition': None, 'corrAns': None}
23.5979 	EXP 	New trial (rep=0, index=326): {'Stimuli': None, 'Condition': None, 'corrAns': None}
23.5980 	EXP 	New trial (rep=0, index=327): {'Stimuli': None, 'Condition': None, 'corrAns': None}
23.5980 	EXP 	New trial (rep=0, index=328): {'Stimuli': None, 'Condition': None, 'corrAns': None}
23.5981 	EXP 	New trial (rep=0, index=329): {'Stimuli': None, 'Condition': None, 'corrAns': None}
23.5982 	EXP 	New trial (rep=0, index=330): {'Stimuli': None, 'Condition': None, 'corrAns': None}
23.5982 	EXP 	New trial (rep=0, index=331): {'Stimuli': None, 'Condition': None, 'corrAns': None}
23.5983 	EXP 	New trial (rep=0, index=332): {'Stimuli': None, 'Condition': None, 'corrAns': None}
23.5983 	EXP 	New trial (rep=0, index=333): {'Stimuli': None, 'Condition': None, 'corrAns': None}
23.5984 	EXP 	New trial (rep=0, index=334): {'Stimuli': None, 'Condition': None, 'corrAns': None}
23.5984 	EXP 	New trial (rep=0, index=335): {'Stimuli': None, 'Condition': None, 'corrAns': None}
23.5985 	EXP 	New trial (rep=0, index=336): {'Stimuli': None, 'Condition': None, 'corrAns': None}
23.5986 	EXP 	New trial (rep=0, index=337): {'Stimuli': None, 'Condition': None, 'corrAns': None}
23.5986 	EXP 	New trial (rep=0, index=338): {'Stimuli': None, 'Condition': None, 'corrAns': None}
23.5987 	EXP 	New trial (rep=0, index=339): {'Stimuli': None, 'Condition': None, 'corrAns': None}
23.5987 	EXP 	New trial (rep=0, index=340): {'Stimuli': None, 'Condition': None, 'corrAns': None}
23.5988 	EXP 	New trial (rep=0, index=341): {'Stimuli': None, 'Condition': None, 'corrAns': None}
23.5989 	EXP 	New trial (rep=0, index=342): {'Stimuli': None, 'Condition': None, 'corrAns': None}
23.5989 	EXP 	New trial (rep=0, index=343): {'Stimuli': None, 'Condition': None, 'corrAns': None}
23.5990 	EXP 	New trial (rep=0, index=344): {'Stimuli': None, 'Condition': None, 'corrAns': None}
23.5991 	EXP 	New trial (rep=0, index=345): {'Stimuli': None, 'Condition': None, 'corrAns': None}
23.5991 	EXP 	New trial (rep=0, index=346): {'Stimuli': None, 'Condition': None, 'corrAns': None}
23.5992 	EXP 	New trial (rep=0, index=347): {'Stimuli': None, 'Condition': None, 'corrAns': None}
23.5992 	EXP 	New trial (rep=0, index=348): {'Stimuli': None, 'Condition': None, 'corrAns': None}
23.5993 	EXP 	New trial (rep=0, index=349): {'Stimuli': None, 'Condition': None, 'corrAns': None}
23.5993 	EXP 	New trial (rep=0, index=350): {'Stimuli': None, 'Condition': None, 'corrAns': None}
23.5994 	EXP 	New trial (rep=0, index=351): {'Stimuli': None, 'Condition': None, 'corrAns': None}
23.5995 	EXP 	New trial (rep=0, index=352): {'Stimuli': None, 'Condition': None, 'corrAns': None}
23.5995 	EXP 	New trial (rep=0, index=353): {'Stimuli': None, 'Condition': None, 'corrAns': None}
23.5996 	EXP 	New trial (rep=0, index=354): {'Stimuli': None, 'Condition': None, 'corrAns': None}
23.5996 	EXP 	New trial (rep=0, index=355): {'Stimuli': None, 'Condition': None, 'corrAns': None}
23.5997 	EXP 	New trial (rep=0, index=356): {'Stimuli': None, 'Condition': None, 'corrAns': None}
23.5997 	EXP 	New trial (rep=0, index=357): {'Stimuli': None, 'Condition': None, 'corrAns': None}
23.5998 	EXP 	New trial (rep=0, index=358): {'Stimuli': None, 'Condition': None, 'corrAns': None}
23.5999 	EXP 	New trial (rep=0, index=359): {'Stimuli': None, 'Condition': None, 'corrAns': None}
23.5999 	EXP 	New trial (rep=0, index=360): {'Stimuli': None, 'Condition': None, 'corrAns': None}
23.6000 	EXP 	New trial (rep=0, index=361): {'Stimuli': None, 'Condition': None, 'corrAns': None}
23.6000 	EXP 	New trial (rep=0, index=362): {'Stimuli': None, 'Condition': None, 'corrAns': None}
23.6001 	EXP 	New trial (rep=0, index=363): {'Stimuli': None, 'Condition': None, 'corrAns': None}
23.6001 	EXP 	New trial (rep=0, index=364): {'Stimuli': None, 'Condition': None, 'corrAns': None}
23.6002 	EXP 	New trial (rep=0, index=365): {'Stimuli': None, 'Condition': None, 'corrAns': None}
23.6003 	EXP 	New trial (rep=0, index=366): {'Stimuli': None, 'Condition': None, 'corrAns': None}
23.6003 	EXP 	New trial (rep=0, index=367): {'Stimuli': None, 'Condition': None, 'corrAns': None}
23.6004 	EXP 	New trial (rep=0, index=368): {'Stimuli': None, 'Condition': None, 'corrAns': None}
23.6004 	EXP 	New trial (rep=0, index=369): {'Stimuli': None, 'Condition': None, 'corrAns': None}
23.6005 	EXP 	New trial (rep=0, index=370): {'Stimuli': None, 'Condition': None, 'corrAns': None}
23.6005 	EXP 	New trial (rep=0, index=371): {'Stimuli': None, 'Condition': None, 'corrAns': None}
23.6006 	EXP 	New trial (rep=0, index=372): {'Stimuli': None, 'Condition': None, 'corrAns': None}
23.6006 	EXP 	New trial (rep=0, index=373): {'Stimuli': None, 'Condition': None, 'corrAns': None}
23.6007 	EXP 	New trial (rep=0, index=374): {'Stimuli': None, 'Condition': None, 'corrAns': None}
23.6008 	EXP 	New trial (rep=0, index=375): {'Stimuli': None, 'Condition': None, 'corrAns': None}
23.6008 	EXP 	New trial (rep=0, index=376): {'Stimuli': None, 'Condition': None, 'corrAns': None}
23.6009 	EXP 	New trial (rep=0, index=377): {'Stimuli': None, 'Condition': None, 'corrAns': None}
23.6009 	EXP 	New trial (rep=0, index=378): {'Stimuli': None, 'Condition': None, 'corrAns': None}
23.6010 	EXP 	New trial (rep=0, index=379): {'Stimuli': None, 'Condition': None, 'corrAns': None}
23.6011 	EXP 	New trial (rep=0, index=380): {'Stimuli': None, 'Condition': None, 'corrAns': None}
23.6011 	EXP 	New trial (rep=0, index=381): {'Stimuli': None, 'Condition': None, 'corrAns': None}
23.6012 	EXP 	New trial (rep=0, index=382): {'Stimuli': None, 'Condition': None, 'corrAns': None}
23.6012 	EXP 	New trial (rep=0, index=383): {'Stimuli': None, 'Condition': None, 'corrAns': None}
23.6013 	EXP 	New trial (rep=0, index=384): {'Stimuli': None, 'Condition': None, 'corrAns': None}
23.6013 	EXP 	New trial (rep=0, index=385): {'Stimuli': None, 'Condition': None, 'corrAns': None}
23.6014 	EXP 	New trial (rep=0, index=386): {'Stimuli': None, 'Condition': None, 'corrAns': None}
23.6014 	EXP 	New trial (rep=0, index=387): {'Stimuli': None, 'Condition': None, 'corrAns': None}
23.6015 	EXP 	New trial (rep=0, index=388): {'Stimuli': None, 'Condition': None, 'corrAns': None}
23.6016 	EXP 	New trial (rep=0, index=389): {'Stimuli': None, 'Condition': None, 'corrAns': None}
23.6016 	EXP 	New trial (rep=0, index=390): {'Stimuli': None, 'Condition': None, 'corrAns': None}
23.6017 	EXP 	New trial (rep=0, index=391): {'Stimuli': None, 'Condition': None, 'corrAns': None}
23.6017 	EXP 	New trial (rep=0, index=392): {'Stimuli': None, 'Condition': None, 'corrAns': None}
23.6018 	EXP 	New trial (rep=0, index=393): {'Stimuli': None, 'Condition': None, 'corrAns': None}
23.6018 	EXP 	New trial (rep=0, index=394): {'Stimuli': None, 'Condition': None, 'corrAns': None}
23.6019 	EXP 	New trial (rep=0, index=395): {'Stimuli': None, 'Condition': None, 'corrAns': None}
23.6019 	EXP 	New trial (rep=0, index=396): {'Stimuli': None, 'Condition': None, 'corrAns': None}
23.6020 	EXP 	New trial (rep=0, index=397): {'Stimuli': None, 'Condition': None, 'corrAns': None}
23.6021 	EXP 	New trial (rep=0, index=398): {'Stimuli': None, 'Condition': None, 'corrAns': None}
23.6021 	EXP 	New trial (rep=0, index=399): {'Stimuli': None, 'Condition': None, 'corrAns': None}
23.6022 	EXP 	New trial (rep=0, index=400): {'Stimuli': None, 'Condition': None, 'corrAns': None}
23.6022 	EXP 	New trial (rep=0, index=401): {'Stimuli': None, 'Condition': None, 'corrAns': None}
23.6023 	EXP 	New trial (rep=0, index=402): {'Stimuli': None, 'Condition': None, 'corrAns': None}
23.6023 	EXP 	New trial (rep=0, index=403): {'Stimuli': None, 'Condition': None, 'corrAns': None}
23.6024 	EXP 	New trial (rep=0, index=404): {'Stimuli': None, 'Condition': None, 'corrAns': None}
23.6025 	EXP 	New trial (rep=0, index=405): {'Stimuli': None, 'Condition': None, 'corrAns': None}
23.6025 	EXP 	New trial (rep=0, index=406): {'Stimuli': None, 'Condition': None, 'corrAns': None}
23.6026 	EXP 	New trial (rep=0, index=407): {'Stimuli': None, 'Condition': None, 'corrAns': None}
23.6026 	EXP 	New trial (rep=0, index=408): {'Stimuli': None, 'Condition': None, 'corrAns': None}
23.6027 	EXP 	New trial (rep=0, index=409): {'Stimuli': None, 'Condition': None, 'corrAns': None}
23.6027 	EXP 	New trial (rep=0, index=410): {'Stimuli': None, 'Condition': None, 'corrAns': None}
23.6028 	EXP 	New trial (rep=0, index=411): {'Stimuli': None, 'Condition': None, 'corrAns': None}
23.6029 	EXP 	New trial (rep=0, index=412): {'Stimuli': None, 'Condition': None, 'corrAns': None}
23.6029 	EXP 	New trial (rep=0, index=413): {'Stimuli': None, 'Condition': None, 'corrAns': None}
23.6030 	EXP 	New trial (rep=0, index=414): {'Stimuli': None, 'Condition': None, 'corrAns': None}
23.6030 	EXP 	New trial (rep=0, index=415): {'Stimuli': None, 'Condition': None, 'corrAns': None}
23.6031 	EXP 	New trial (rep=0, index=416): {'Stimuli': None, 'Condition': None, 'corrAns': None}
23.6031 	EXP 	New trial (rep=0, index=417): {'Stimuli': None, 'Condition': None, 'corrAns': None}
23.6032 	EXP 	New trial (rep=0, index=418): {'Stimuli': None, 'Condition': None, 'corrAns': None}
23.6033 	EXP 	New trial (rep=0, index=419): {'Stimuli': None, 'Condition': None, 'corrAns': None}
23.6033 	EXP 	New trial (rep=0, index=420): {'Stimuli': None, 'Condition': None, 'corrAns': None}
23.6034 	EXP 	New trial (rep=0, index=421): {'Stimuli': None, 'Condition': None, 'corrAns': None}
23.6034 	EXP 	New trial (rep=0, index=422): {'Stimuli': None, 'Condition': None, 'corrAns': None}
23.6035 	EXP 	New trial (rep=0, index=423): {'Stimuli': None, 'Condition': None, 'corrAns': None}
23.6035 	EXP 	New trial (rep=0, index=424): {'Stimuli': None, 'Condition': None, 'corrAns': None}
23.6036 	EXP 	New trial (rep=0, index=425): {'Stimuli': None, 'Condition': None, 'corrAns': None}
23.6036 	EXP 	New trial (rep=0, index=426): {'Stimuli': None, 'Condition': None, 'corrAns': None}
23.6037 	EXP 	New trial (rep=0, index=427): {'Stimuli': None, 'Condition': None, 'corrAns': None}
23.6038 	EXP 	New trial (rep=0, index=428): {'Stimuli': None, 'Condition': None, 'corrAns': None}
23.6038 	EXP 	New trial (rep=0, index=429): {'Stimuli': None, 'Condition': None, 'corrAns': None}
23.6039 	EXP 	New trial (rep=0, index=430): {'Stimuli': None, 'Condition': None, 'corrAns': None}
23.6039 	EXP 	New trial (rep=0, index=431): {'Stimuli': None, 'Condition': None, 'corrAns': None}
23.6040 	EXP 	New trial (rep=0, index=432): {'Stimuli': None, 'Condition': None, 'corrAns': None}
23.6041 	EXP 	New trial (rep=0, index=433): {'Stimuli': None, 'Condition': None, 'corrAns': None}
23.6041 	EXP 	New trial (rep=0, index=434): {'Stimuli': None, 'Condition': None, 'corrAns': None}
23.6042 	EXP 	New trial (rep=0, index=435): {'Stimuli': None, 'Condition': None, 'corrAns': None}
23.6042 	EXP 	New trial (rep=0, index=436): {'Stimuli': None, 'Condition': None, 'corrAns': None}
23.6043 	EXP 	New trial (rep=0, index=437): {'Stimuli': None, 'Condition': None, 'corrAns': None}
23.6043 	EXP 	New trial (rep=0, index=438): {'Stimuli': None, 'Condition': None, 'corrAns': None}
23.6044 	EXP 	New trial (rep=0, index=439): {'Stimuli': None, 'Condition': None, 'corrAns': None}
23.6044 	EXP 	New trial (rep=0, index=440): {'Stimuli': None, 'Condition': None, 'corrAns': None}
23.6045 	EXP 	New trial (rep=0, index=441): {'Stimuli': None, 'Condition': None, 'corrAns': None}
23.6046 	EXP 	New trial (rep=0, index=442): {'Stimuli': None, 'Condition': None, 'corrAns': None}
23.6046 	EXP 	New trial (rep=0, index=443): {'Stimuli': None, 'Condition': None, 'corrAns': None}
23.6047 	EXP 	New trial (rep=0, index=444): {'Stimuli': None, 'Condition': None, 'corrAns': None}
23.6047 	EXP 	New trial (rep=0, index=445): {'Stimuli': None, 'Condition': None, 'corrAns': None}
23.6048 	EXP 	New trial (rep=0, index=446): {'Stimuli': None, 'Condition': None, 'corrAns': None}
23.6048 	EXP 	New trial (rep=0, index=447): {'Stimuli': None, 'Condition': None, 'corrAns': None}
23.6049 	EXP 	New trial (rep=0, index=448): {'Stimuli': None, 'Condition': None, 'corrAns': None}
23.6050 	EXP 	New trial (rep=0, index=449): {'Stimuli': None, 'Condition': None, 'corrAns': None}
23.6050 	EXP 	New trial (rep=0, index=450): {'Stimuli': None, 'Condition': None, 'corrAns': None}
23.6051 	EXP 	New trial (rep=0, index=451): {'Stimuli': None, 'Condition': None, 'corrAns': None}
23.6051 	EXP 	New trial (rep=0, index=452): {'Stimuli': None, 'Condition': None, 'corrAns': None}
23.6052 	EXP 	New trial (rep=0, index=453): {'Stimuli': None, 'Condition': None, 'corrAns': None}
23.6052 	EXP 	New trial (rep=0, index=454): {'Stimuli': None, 'Condition': None, 'corrAns': None}
23.6053 	EXP 	New trial (rep=0, index=455): {'Stimuli': None, 'Condition': None, 'corrAns': None}
23.6054 	EXP 	New trial (rep=0, index=456): {'Stimuli': None, 'Condition': None, 'corrAns': None}
23.6054 	EXP 	New trial (rep=0, index=457): {'Stimuli': None, 'Condition': None, 'corrAns': None}
23.6055 	EXP 	New trial (rep=0, index=458): {'Stimuli': None, 'Condition': None, 'corrAns': None}
23.6055 	EXP 	New trial (rep=0, index=459): {'Stimuli': None, 'Condition': None, 'corrAns': None}
23.6056 	EXP 	New trial (rep=0, index=460): {'Stimuli': None, 'Condition': None, 'corrAns': None}
23.6056 	EXP 	New trial (rep=0, index=461): {'Stimuli': None, 'Condition': None, 'corrAns': None}
23.6057 	EXP 	New trial (rep=0, index=462): {'Stimuli': None, 'Condition': None, 'corrAns': None}
23.6057 	EXP 	New trial (rep=0, index=463): {'Stimuli': None, 'Condition': None, 'corrAns': None}
23.6058 	EXP 	New trial (rep=0, index=464): {'Stimuli': None, 'Condition': None, 'corrAns': None}
23.6059 	EXP 	New trial (rep=0, index=465): {'Stimuli': None, 'Condition': None, 'corrAns': None}
23.6059 	EXP 	New trial (rep=0, index=466): {'Stimuli': None, 'Condition': None, 'corrAns': None}
23.6060 	EXP 	New trial (rep=0, index=467): {'Stimuli': None, 'Condition': None, 'corrAns': None}
23.6060 	EXP 	New trial (rep=0, index=468): {'Stimuli': None, 'Condition': None, 'corrAns': None}
23.6061 	EXP 	New trial (rep=0, index=469): {'Stimuli': None, 'Condition': None, 'corrAns': None}
23.6061 	EXP 	New trial (rep=0, index=470): {'Stimuli': None, 'Condition': None, 'corrAns': None}
23.6062 	EXP 	New trial (rep=0, index=471): {'Stimuli': None, 'Condition': None, 'corrAns': None}
23.6063 	EXP 	New trial (rep=0, index=472): {'Stimuli': None, 'Condition': None, 'corrAns': None}
23.6063 	EXP 	New trial (rep=0, index=473): {'Stimuli': None, 'Condition': None, 'corrAns': None}
23.6064 	EXP 	New trial (rep=0, index=474): {'Stimuli': None, 'Condition': None, 'corrAns': None}
23.6064 	EXP 	New trial (rep=0, index=475): {'Stimuli': None, 'Condition': None, 'corrAns': None}
23.6065 	EXP 	New trial (rep=0, index=476): {'Stimuli': None, 'Condition': None, 'corrAns': None}
23.6065 	EXP 	New trial (rep=0, index=477): {'Stimuli': None, 'Condition': None, 'corrAns': None}
23.6066 	EXP 	New trial (rep=0, index=478): {'Stimuli': None, 'Condition': None, 'corrAns': None}
23.6067 	EXP 	New trial (rep=0, index=479): {'Stimuli': None, 'Condition': None, 'corrAns': None}
23.6067 	EXP 	New trial (rep=0, index=480): {'Stimuli': None, 'Condition': None, 'corrAns': None}
23.6068 	EXP 	New trial (rep=0, index=481): {'Stimuli': None, 'Condition': None, 'corrAns': None}
23.6068 	EXP 	New trial (rep=0, index=482): {'Stimuli': None, 'Condition': None, 'corrAns': None}
23.6069 	EXP 	New trial (rep=0, index=483): {'Stimuli': None, 'Condition': None, 'corrAns': None}
23.6069 	EXP 	New trial (rep=0, index=484): {'Stimuli': None, 'Condition': None, 'corrAns': None}
23.6070 	EXP 	New trial (rep=0, index=485): {'Stimuli': None, 'Condition': None, 'corrAns': None}
23.6071 	EXP 	New trial (rep=0, index=486): {'Stimuli': None, 'Condition': None, 'corrAns': None}
23.6071 	EXP 	New trial (rep=0, index=487): {'Stimuli': None, 'Condition': None, 'corrAns': None}
23.6072 	EXP 	New trial (rep=0, index=488): {'Stimuli': None, 'Condition': None, 'corrAns': None}
23.6072 	EXP 	New trial (rep=0, index=489): {'Stimuli': None, 'Condition': None, 'corrAns': None}
23.6073 	EXP 	New trial (rep=0, index=490): {'Stimuli': None, 'Condition': None, 'corrAns': None}
23.6074 	EXP 	New trial (rep=0, index=491): {'Stimuli': None, 'Condition': None, 'corrAns': None}
23.6074 	EXP 	New trial (rep=0, index=492): {'Stimuli': None, 'Condition': None, 'corrAns': None}
23.6075 	EXP 	New trial (rep=0, index=493): {'Stimuli': None, 'Condition': None, 'corrAns': None}
23.6075 	EXP 	New trial (rep=0, index=494): {'Stimuli': None, 'Condition': None, 'corrAns': None}
23.6076 	EXP 	New trial (rep=0, index=495): {'Stimuli': None, 'Condition': None, 'corrAns': None}
23.6076 	EXP 	New trial (rep=0, index=496): {'Stimuli': None, 'Condition': None, 'corrAns': None}
23.6077 	EXP 	New trial (rep=0, index=497): {'Stimuli': None, 'Condition': None, 'corrAns': None}
23.6078 	EXP 	New trial (rep=0, index=498): {'Stimuli': None, 'Condition': None, 'corrAns': None}
23.6078 	EXP 	New trial (rep=0, index=499): {'Stimuli': None, 'Condition': None, 'corrAns': None}
23.6079 	EXP 	New trial (rep=0, index=500): {'Stimuli': None, 'Condition': None, 'corrAns': None}
23.6079 	EXP 	New trial (rep=0, index=501): {'Stimuli': None, 'Condition': None, 'corrAns': None}
23.6080 	EXP 	New trial (rep=0, index=502): {'Stimuli': None, 'Condition': None, 'corrAns': None}
23.6081 	EXP 	New trial (rep=0, index=503): {'Stimuli': None, 'Condition': None, 'corrAns': None}
23.6081 	EXP 	New trial (rep=0, index=504): {'Stimuli': None, 'Condition': None, 'corrAns': None}
23.6082 	EXP 	New trial (rep=0, index=505): {'Stimuli': None, 'Condition': None, 'corrAns': None}
23.6082 	EXP 	New trial (rep=0, index=506): {'Stimuli': None, 'Condition': None, 'corrAns': None}
23.6083 	EXP 	New trial (rep=0, index=507): {'Stimuli': None, 'Condition': None, 'corrAns': None}
23.6084 	EXP 	New trial (rep=0, index=508): {'Stimuli': None, 'Condition': None, 'corrAns': None}
23.6084 	EXP 	New trial (rep=0, index=509): {'Stimuli': None, 'Condition': None, 'corrAns': None}
23.6085 	EXP 	New trial (rep=0, index=510): {'Stimuli': None, 'Condition': None, 'corrAns': None}
23.6085 	EXP 	New trial (rep=0, index=511): {'Stimuli': None, 'Condition': None, 'corrAns': None}
23.6086 	EXP 	New trial (rep=0, index=512): {'Stimuli': None, 'Condition': None, 'corrAns': None}
23.6086 	EXP 	New trial (rep=0, index=513): {'Stimuli': None, 'Condition': None, 'corrAns': None}
23.6087 	EXP 	New trial (rep=0, index=514): {'Stimuli': None, 'Condition': None, 'corrAns': None}
23.6087 	EXP 	New trial (rep=0, index=515): {'Stimuli': None, 'Condition': None, 'corrAns': None}
23.6088 	EXP 	New trial (rep=0, index=516): {'Stimuli': None, 'Condition': None, 'corrAns': None}
23.6089 	EXP 	New trial (rep=0, index=517): {'Stimuli': None, 'Condition': None, 'corrAns': None}
23.6089 	EXP 	New trial (rep=0, index=518): {'Stimuli': None, 'Condition': None, 'corrAns': None}
23.6090 	EXP 	New trial (rep=0, index=519): {'Stimuli': None, 'Condition': None, 'corrAns': None}
23.6090 	EXP 	New trial (rep=0, index=520): {'Stimuli': None, 'Condition': None, 'corrAns': None}
23.6091 	EXP 	New trial (rep=0, index=521): {'Stimuli': None, 'Condition': None, 'corrAns': None}
23.6091 	EXP 	New trial (rep=0, index=522): {'Stimuli': None, 'Condition': None, 'corrAns': None}
23.6092 	EXP 	New trial (rep=0, index=523): {'Stimuli': None, 'Condition': None, 'corrAns': None}
23.6093 	EXP 	New trial (rep=0, index=524): {'Stimuli': None, 'Condition': None, 'corrAns': None}
23.6093 	EXP 	New trial (rep=0, index=525): {'Stimuli': None, 'Condition': None, 'corrAns': None}
23.6094 	EXP 	New trial (rep=0, index=526): {'Stimuli': None, 'Condition': None, 'corrAns': None}
23.6094 	EXP 	New trial (rep=0, index=527): {'Stimuli': None, 'Condition': None, 'corrAns': None}
23.6095 	EXP 	New trial (rep=0, index=528): {'Stimuli': None, 'Condition': None, 'corrAns': None}
23.6095 	EXP 	New trial (rep=0, index=529): {'Stimuli': None, 'Condition': None, 'corrAns': None}
23.6096 	EXP 	New trial (rep=0, index=530): {'Stimuli': None, 'Condition': None, 'corrAns': None}
23.6097 	EXP 	New trial (rep=0, index=531): {'Stimuli': None, 'Condition': None, 'corrAns': None}
23.6097 	EXP 	New trial (rep=0, index=532): {'Stimuli': None, 'Condition': None, 'corrAns': None}
23.6098 	EXP 	New trial (rep=0, index=533): {'Stimuli': None, 'Condition': None, 'corrAns': None}
23.6098 	EXP 	New trial (rep=0, index=534): {'Stimuli': None, 'Condition': None, 'corrAns': None}
23.6099 	EXP 	New trial (rep=0, index=535): {'Stimuli': None, 'Condition': None, 'corrAns': None}
23.6100 	EXP 	New trial (rep=0, index=536): {'Stimuli': None, 'Condition': None, 'corrAns': None}
23.6100 	EXP 	New trial (rep=0, index=537): {'Stimuli': None, 'Condition': None, 'corrAns': None}
23.6101 	EXP 	New trial (rep=0, index=538): {'Stimuli': None, 'Condition': None, 'corrAns': None}
23.6101 	EXP 	New trial (rep=0, index=539): {'Stimuli': None, 'Condition': None, 'corrAns': None}
23.6102 	EXP 	New trial (rep=0, index=540): {'Stimuli': None, 'Condition': None, 'corrAns': None}
23.6102 	EXP 	New trial (rep=0, index=541): {'Stimuli': None, 'Condition': None, 'corrAns': None}
23.6103 	EXP 	New trial (rep=0, index=542): {'Stimuli': None, 'Condition': None, 'corrAns': None}
23.6103 	EXP 	New trial (rep=0, index=543): {'Stimuli': None, 'Condition': None, 'corrAns': None}
23.6104 	EXP 	New trial (rep=0, index=544): {'Stimuli': None, 'Condition': None, 'corrAns': None}
23.6105 	EXP 	New trial (rep=0, index=545): {'Stimuli': None, 'Condition': None, 'corrAns': None}
23.6105 	EXP 	New trial (rep=0, index=546): {'Stimuli': None, 'Condition': None, 'corrAns': None}
23.6106 	EXP 	New trial (rep=0, index=547): {'Stimuli': None, 'Condition': None, 'corrAns': None}
23.6106 	EXP 	New trial (rep=0, index=548): {'Stimuli': None, 'Condition': None, 'corrAns': None}
23.6107 	EXP 	New trial (rep=0, index=549): {'Stimuli': None, 'Condition': None, 'corrAns': None}
23.6107 	EXP 	New trial (rep=0, index=550): {'Stimuli': None, 'Condition': None, 'corrAns': None}
23.6108 	EXP 	New trial (rep=0, index=551): {'Stimuli': None, 'Condition': None, 'corrAns': None}
23.6109 	EXP 	New trial (rep=0, index=552): {'Stimuli': None, 'Condition': None, 'corrAns': None}
23.6109 	EXP 	New trial (rep=0, index=553): {'Stimuli': None, 'Condition': None, 'corrAns': None}
23.6110 	EXP 	New trial (rep=0, index=554): {'Stimuli': None, 'Condition': None, 'corrAns': None}
23.6110 	EXP 	New trial (rep=0, index=555): {'Stimuli': None, 'Condition': None, 'corrAns': None}
23.6111 	EXP 	New trial (rep=0, index=556): {'Stimuli': None, 'Condition': None, 'corrAns': None}
23.6111 	EXP 	New trial (rep=0, index=557): {'Stimuli': None, 'Condition': None, 'corrAns': None}
23.6112 	EXP 	New trial (rep=0, index=558): {'Stimuli': None, 'Condition': None, 'corrAns': None}
23.6112 	EXP 	New trial (rep=0, index=559): {'Stimuli': None, 'Condition': None, 'corrAns': None}
23.6113 	EXP 	New trial (rep=0, index=560): {'Stimuli': None, 'Condition': None, 'corrAns': None}
23.6113 	EXP 	New trial (rep=0, index=561): {'Stimuli': None, 'Condition': None, 'corrAns': None}
23.6114 	EXP 	New trial (rep=0, index=562): {'Stimuli': None, 'Condition': None, 'corrAns': None}
23.6115 	EXP 	New trial (rep=0, index=563): {'Stimuli': None, 'Condition': None, 'corrAns': None}
23.6115 	EXP 	New trial (rep=0, index=564): {'Stimuli': None, 'Condition': None, 'corrAns': None}
23.6116 	EXP 	New trial (rep=0, index=565): {'Stimuli': None, 'Condition': None, 'corrAns': None}
23.6116 	EXP 	New trial (rep=0, index=566): {'Stimuli': None, 'Condition': None, 'corrAns': None}
23.6117 	EXP 	New trial (rep=0, index=567): {'Stimuli': None, 'Condition': None, 'corrAns': None}
23.6117 	EXP 	New trial (rep=0, index=568): {'Stimuli': None, 'Condition': None, 'corrAns': None}
23.6118 	EXP 	New trial (rep=0, index=569): {'Stimuli': None, 'Condition': None, 'corrAns': None}
23.6119 	EXP 	New trial (rep=0, index=570): {'Stimuli': None, 'Condition': None, 'corrAns': None}
23.6119 	EXP 	New trial (rep=0, index=571): {'Stimuli': None, 'Condition': None, 'corrAns': None}
23.6120 	EXP 	New trial (rep=0, index=572): {'Stimuli': None, 'Condition': None, 'corrAns': None}
23.6120 	EXP 	New trial (rep=0, index=573): {'Stimuli': None, 'Condition': None, 'corrAns': None}
23.6121 	EXP 	New trial (rep=0, index=574): {'Stimuli': None, 'Condition': None, 'corrAns': None}
23.6121 	EXP 	New trial (rep=0, index=575): {'Stimuli': None, 'Condition': None, 'corrAns': None}
23.6122 	EXP 	New trial (rep=0, index=576): {'Stimuli': None, 'Condition': None, 'corrAns': None}
23.6123 	EXP 	New trial (rep=0, index=577): {'Stimuli': None, 'Condition': None, 'corrAns': None}
23.6123 	EXP 	New trial (rep=0, index=578): {'Stimuli': None, 'Condition': None, 'corrAns': None}
23.6124 	EXP 	New trial (rep=0, index=579): {'Stimuli': None, 'Condition': None, 'corrAns': None}
23.6124 	EXP 	New trial (rep=0, index=580): {'Stimuli': None, 'Condition': None, 'corrAns': None}
23.6125 	EXP 	New trial (rep=0, index=581): {'Stimuli': None, 'Condition': None, 'corrAns': None}
23.6125 	EXP 	New trial (rep=0, index=582): {'Stimuli': None, 'Condition': None, 'corrAns': None}
23.6126 	EXP 	New trial (rep=0, index=583): {'Stimuli': None, 'Condition': None, 'corrAns': None}
23.6127 	EXP 	New trial (rep=0, index=584): {'Stimuli': None, 'Condition': None, 'corrAns': None}
23.6127 	EXP 	New trial (rep=0, index=585): {'Stimuli': None, 'Condition': None, 'corrAns': None}
23.6128 	EXP 	New trial (rep=0, index=586): {'Stimuli': None, 'Condition': None, 'corrAns': None}
23.6128 	EXP 	New trial (rep=0, index=587): {'Stimuli': None, 'Condition': None, 'corrAns': None}
23.6129 	EXP 	New trial (rep=0, index=588): {'Stimuli': None, 'Condition': None, 'corrAns': None}
23.6129 	EXP 	New trial (rep=0, index=589): {'Stimuli': None, 'Condition': None, 'corrAns': None}
23.6130 	EXP 	New trial (rep=0, index=590): {'Stimuli': None, 'Condition': None, 'corrAns': None}
23.6130 	EXP 	New trial (rep=0, index=591): {'Stimuli': None, 'Condition': None, 'corrAns': None}
23.6131 	EXP 	New trial (rep=0, index=592): {'Stimuli': None, 'Condition': None, 'corrAns': None}
23.6132 	EXP 	New trial (rep=0, index=593): {'Stimuli': None, 'Condition': None, 'corrAns': None}
23.6132 	EXP 	New trial (rep=0, index=594): {'Stimuli': None, 'Condition': None, 'corrAns': None}
23.6133 	EXP 	New trial (rep=0, index=595): {'Stimuli': None, 'Condition': None, 'corrAns': None}
23.6133 	EXP 	New trial (rep=0, index=596): {'Stimuli': None, 'Condition': None, 'corrAns': None}
23.6302 	EXP 	image_2: autoDraw = False
23.6302 	EXP 	imagePres: autoDraw = False
23.6302 	EXP 	image_2: autoDraw = False
23.6302 	EXP 	imagePres: autoDraw = False
23.6302 	EXP 	text_2: autoDraw = True
23.6302 	EXP 	image_3: autoDraw = True
27.2499 	DATA 	Keypress: escape
27.2564 	EXP 	window1: mouseVisible = True
